2023-05-22 15:21:05.9030| INFO|      ConfigurationLogger|Fichier : C:\Users\loanf\OneDrive\Bureau\BTS\1ère année (Mathias)\Stage\files\vpn_server.config
2023-05-22 15:21:06.0123| INFO|      ConfigurationLogger|

Affichage des utilisateurs (17)
2023-05-22 15:21:06.0123| INFO|      ConfigurationLogger|	Utilisateur : berne.l
2023-05-22 15:21:06.0123| INFO|      ConfigurationLogger|	Utilisateur : berrez.r
2023-05-22 15:21:06.0123| INFO|      ConfigurationLogger|	Utilisateur : browaeys.j
2023-05-22 15:21:06.0123| INFO|      ConfigurationLogger|	Utilisateur : chartier.j
2023-05-22 15:21:06.0123| INFO|      ConfigurationLogger|	Utilisateur : client1
2023-05-22 15:21:06.0123| INFO|      ConfigurationLogger|	Utilisateur : daubourg.j
2023-05-22 15:21:06.0123| INFO|      ConfigurationLogger|	Utilisateur : demaret.l
2023-05-22 15:21:06.0123| INFO|      ConfigurationLogger|	Utilisateur : gautey
2023-05-22 15:21:06.0123| INFO|      ConfigurationLogger|	Utilisateur : tasserie.d
2023-05-22 15:21:06.0123| INFO|      ConfigurationLogger|	Utilisateur : Gaypageon.G
2023-05-22 15:21:06.0123| INFO|      ConfigurationLogger|	Utilisateur : cherrier.a
2023-05-22 15:21:06.0123| INFO|      ConfigurationLogger|	Utilisateur : proc_eng
2023-05-22 15:21:06.0123| INFO|      ConfigurationLogger|	Utilisateur : bouche.t
2023-05-22 15:21:06.0123| INFO|      ConfigurationLogger|	Utilisateur : admin
2023-05-22 15:21:06.0123| INFO|      ConfigurationLogger|	Utilisateur : ecran.info
2023-05-22 15:21:06.0123| INFO|      ConfigurationLogger|	Utilisateur : BAJAS.PO
2023-05-22 15:21:06.0123| INFO|      ConfigurationLogger|	Utilisateur : boucaud.c
2023-05-22 15:21:06.0123| INFO|      ConfigurationLogger|

Affichage des scieries (106)
2023-05-22 15:21:06.0123| INFO|      ConfigurationLogger|	Scierie : ADC_2020-383_DEL
2023-05-22 15:21:06.0123| INFO|      ConfigurationLogger|	Scierie : ADC_2020-383_SAG
2023-05-22 15:21:06.0123| INFO|      ConfigurationLogger|	Scierie : ALPES-SUD_2020-408
2023-05-22 15:21:06.0123| INFO|      ConfigurationLogger|	Scierie : BARBIER
2023-05-22 15:21:06.0123| INFO|      ConfigurationLogger|	Scierie : BARBIER-VITTEAUX_SAG
2023-05-22 15:21:06.0123| INFO|      ConfigurationLogger|	Scierie : BARBIER_VITTEAUX_2018-328
2023-05-22 15:21:06.0123| INFO|      ConfigurationLogger|	Scierie : BBF_2017-287
2023-05-22 15:21:06.0123| INFO|      ConfigurationLogger|	Scierie : BEAUVOIR
2023-05-22 15:21:06.0123| INFO|      ConfigurationLogger|	Scierie : BEAUVOIR_SAG_2019
2023-05-22 15:21:06.0123| INFO|      ConfigurationLogger|	Scierie : BESSON_2022-476
2023-05-22 15:21:06.0123| INFO|      ConfigurationLogger|	Scierie : BOTTAREL
2023-05-22 15:21:06.0123| INFO|      ConfigurationLogger|	Scierie : BOUDON
2023-05-22 15:21:06.0123| INFO|      ConfigurationLogger|	Scierie : BSB_2021-417
2023-05-22 15:21:06.0123| INFO|      ConfigurationLogger|	Scierie : CBD_2014-182
2023-05-22 15:21:06.0123| INFO|      ConfigurationLogger|	Scierie : CHAZAL_2018-319
2023-05-22 15:21:06.0123| INFO|      ConfigurationLogger|	Scierie : CHORAIN
2023-05-22 15:21:06.0123| INFO|      ConfigurationLogger|	Scierie : CLERC_SAG_2019
2023-05-22 15:21:06.0123| INFO|      ConfigurationLogger|	Scierie : COLAS_2019-352
2023-05-22 15:21:06.0123| INFO|      ConfigurationLogger|	Scierie : COLLIGNON_1999-471
2023-05-22 15:21:06.0123| INFO|      ConfigurationLogger|	Scierie : COSTEBOIS_2021-421
2023-05-22 15:21:06.0123| INFO|      ConfigurationLogger|	Scierie : COTINEAU_2020-415
2023-05-22 15:21:06.0123| INFO|      ConfigurationLogger|	Scierie : DAMBO_SAG_2019
2023-05-22 15:21:06.0123| INFO|      ConfigurationLogger|	Scierie : DEPOUE
2023-05-22 15:21:06.0123| INFO|      ConfigurationLogger|	Scierie : DESCHASEAUX_2017-296
2023-05-22 15:21:06.0123| INFO|      ConfigurationLogger|	Scierie : DESCHASEAUX_2019-374
2023-05-22 15:21:06.0123| INFO|      ConfigurationLogger|	Scierie : DESPOND
2023-05-22 15:21:06.0123| INFO|      ConfigurationLogger|	Scierie : DUBOT
2023-05-22 15:21:06.0123| INFO|      ConfigurationLogger|	Scierie : FALLETANS_2020-397
2023-05-22 15:21:06.0123| INFO|      ConfigurationLogger|	Scierie : FEUILLADE_2021-444
2023-05-22 15:21:06.0123| INFO|      ConfigurationLogger|	Scierie : FOUCHER
2023-05-22 15:21:06.0123| INFO|      ConfigurationLogger|	Scierie : FOURNIER
2023-05-22 15:21:06.0123| INFO|      ConfigurationLogger|	Scierie : FOURNIER-M_2020-394
2023-05-22 15:21:06.0123| INFO|      ConfigurationLogger|	Scierie : FRATY_2019-380
2023-05-22 15:21:06.0123| INFO|      ConfigurationLogger|	Scierie : GAITEY
2023-05-22 15:21:06.0123| INFO|      ConfigurationLogger|	Scierie : GARMIER
2023-05-22 15:21:06.0123| INFO|      ConfigurationLogger|	Scierie : GASTEBOIS_2020-393
2023-05-22 15:21:06.0123| INFO|      ConfigurationLogger|	Scierie : GATIGNOL
2023-05-22 15:21:06.0123| INFO|      ConfigurationLogger|	Scierie : GAUTEY
2023-05-22 15:21:06.0123| INFO|      ConfigurationLogger|	Scierie : GEVAUDAN
2023-05-22 15:21:06.0123| INFO|      ConfigurationLogger|	Scierie : GEVAUDAN_2018-323
2023-05-22 15:21:06.0123| INFO|      ConfigurationLogger|	Scierie : GOUNY
2023-05-22 15:21:06.0123| INFO|      ConfigurationLogger|	Scierie : GRAVITON
2023-05-22 15:21:06.0123| INFO|      ConfigurationLogger|	Scierie : GSCHWENDTNER_2021-455
2023-05-22 15:21:06.0123| INFO|      ConfigurationLogger|	Scierie : HAUSNER_2019-377
2023-05-22 15:21:06.0123| INFO|      ConfigurationLogger|	Scierie : HAUSNER_2020-395
2023-05-22 15:21:06.0123| INFO|      ConfigurationLogger|	Scierie : HUBERLANT
2023-05-22 15:21:06.0123| INFO|      ConfigurationLogger|	Scierie : HUBERLANT_2021-443
2023-05-22 15:21:06.0123| INFO|      ConfigurationLogger|	Scierie : IHRIG_2019-360
2023-05-22 15:21:06.0123| INFO|      ConfigurationLogger|	Scierie : JURASCIAGES
2023-05-22 15:21:06.0123| INFO|      ConfigurationLogger|	Scierie : JURASCIAGES_2018-345
2023-05-22 15:21:06.0123| INFO|      ConfigurationLogger|	Scierie : Kaizoku
2023-05-22 15:21:06.0123| INFO|      ConfigurationLogger|	Scierie : KODAMABOX
2023-05-22 15:21:06.0123| INFO|      ConfigurationLogger|	Scierie : KUNKEL
2023-05-22 15:21:06.0123| INFO|      ConfigurationLogger|	Scierie : KUNKEL_2017-321
2023-05-22 15:21:06.0123| INFO|      ConfigurationLogger|	Scierie : LABOURIER_2018-315
2023-05-22 15:21:06.0123| INFO|      ConfigurationLogger|	Scierie : LACHIZE_2015
2023-05-22 15:21:06.0123| INFO|      ConfigurationLogger|	Scierie : LANCON
2023-05-22 15:21:06.0123| INFO|      ConfigurationLogger|	Scierie : LANDROU
2023-05-22 15:21:06.0123| INFO|      ConfigurationLogger|	Scierie : LARRANAGA
2023-05-22 15:21:06.0123| INFO|      ConfigurationLogger|	Scierie : LARUE_2021-441
2023-05-22 15:21:06.0123| INFO|      ConfigurationLogger|	Scierie : LAURENT_2022-462
2023-05-22 15:21:06.0123| INFO|      ConfigurationLogger|	Scierie : LBL_BRENTA
2023-05-22 15:21:06.0123| INFO|      ConfigurationLogger|	Scierie : LBL_TEST
2023-05-22 15:21:06.0123| INFO|      ConfigurationLogger|	Scierie : LBSA
2023-05-22 15:21:06.0123| INFO|      ConfigurationLogger|	Scierie : LBSA_2020-390_DEL
2023-05-22 15:21:06.0123| INFO|      ConfigurationLogger|	Scierie : LBSA_2020-390_SAG
2023-05-22 15:21:06.0123| INFO|      ConfigurationLogger|	Scierie : LEFEBVRE_2019
2023-05-22 15:21:06.0123| INFO|      ConfigurationLogger|	Scierie : LEFEBVRE_PLOTS_2008
2023-05-22 15:21:06.0123| INFO|      ConfigurationLogger|	Scierie : LEICHTNAM_2019-382
2023-05-22 15:21:06.0123| INFO|      ConfigurationLogger|	Scierie : LESBATS_2021-425
2023-05-22 15:21:06.0123| INFO|      ConfigurationLogger|	Scierie : LEYGE_2022-465
2023-05-22 15:21:06.0123| INFO|      ConfigurationLogger|	Scierie : LION
2023-05-22 15:21:06.0123| INFO|      ConfigurationLogger|	Scierie : MATHIEU_2022-459
2023-05-22 15:21:06.0123| INFO|      ConfigurationLogger|	Scierie : MENDOZA_DEL_2019
2023-05-22 15:21:06.0123| INFO|      ConfigurationLogger|	Scierie : MEPONTE_DEL_2019
2023-05-22 15:21:06.0123| INFO|      ConfigurationLogger|	Scierie : MEYRUEIX_2017-317
2023-05-22 15:21:06.0123| INFO|      ConfigurationLogger|	Scierie : MOSAIC_2021_450
2023-05-22 15:21:06.0123| INFO|      ConfigurationLogger|	Scierie : OHNEMUS_2020-399
2023-05-22 15:21:06.0123| INFO|      ConfigurationLogger|	Scierie : ORIEL
2023-05-22 15:21:06.0123| INFO|      ConfigurationLogger|	Scierie : ORIEL_2021-454
2023-05-22 15:21:06.0123| INFO|      ConfigurationLogger|	Scierie : PAQUIGNON
2023-05-22 15:21:06.0123| INFO|      ConfigurationLogger|	Scierie : PONCELET_2022-452
2023-05-22 15:21:06.0123| INFO|      ConfigurationLogger|	Scierie : PONCIN
2023-05-22 15:21:06.0123| INFO|      ConfigurationLogger|	Scierie : PREMAND
2023-05-22 15:21:06.0123| INFO|      ConfigurationLogger|	Scierie : PROVENCE_2021-442
2023-05-22 15:21:06.0123| INFO|      ConfigurationLogger|	Scierie : PROVVEDI_2020-423
2023-05-22 15:21:06.0123| INFO|      ConfigurationLogger|	Scierie : SAJEB
2023-05-22 15:21:06.0123| INFO|      ConfigurationLogger|	Scierie : SAJEB_2018-343
2023-05-22 15:21:06.0123| INFO|      ConfigurationLogger|	Scierie : SALLES
2023-05-22 15:21:06.0123| INFO|      ConfigurationLogger|	Scierie : SANGUINET_2013-157
2023-05-22 15:21:06.0123| INFO|      ConfigurationLogger|	Scierie : SAVINEL_2019-357
2023-05-22 15:21:06.0123| INFO|      ConfigurationLogger|	Scierie : SAVOLDELLI_2020-411
2023-05-22 15:21:06.0123| INFO|      ConfigurationLogger|	Scierie : SCHNURR
2023-05-22 15:21:06.0123| INFO|      ConfigurationLogger|	Scierie : SIROP_2017-300
2023-05-22 15:21:06.0123| INFO|      ConfigurationLogger|	Scierie : SIROP_BOIS
2023-05-22 15:21:06.0123| INFO|      ConfigurationLogger|	Scierie : SOCQUET
2023-05-22 15:21:06.0123| INFO|      ConfigurationLogger|	Scierie : SOUPEAUX_2020-400
2023-05-22 15:21:06.0123| INFO|      ConfigurationLogger|	Scierie : SOVALEF
2023-05-22 15:21:06.0123| INFO|      ConfigurationLogger|	Scierie : SRC_JURA_2022-458
2023-05-22 15:21:06.0123| INFO|      ConfigurationLogger|	Scierie : SYB
2023-05-22 15:21:06.0123| INFO|      ConfigurationLogger|	Scierie : SYLVABOIS
2023-05-22 15:21:06.0123| INFO|      ConfigurationLogger|	Scierie : VDJ_2020-396
2023-05-22 15:21:06.0123| INFO|      ConfigurationLogger|	Scierie : VERNIS_2019-354_DEL
2023-05-22 15:21:06.0123| INFO|      ConfigurationLogger|	Scierie : VERNIS_2019-354_SAG
2023-05-22 15:21:06.0123| INFO|      ConfigurationLogger|	Scierie : VIGEON
2023-05-22 15:21:06.0123| INFO|      ConfigurationLogger|	Scierie : VirtualLayer3SwitchList
2023-05-22 15:21:06.0123| INFO|      ConfigurationLogger|

Affichage des résultats
2023-05-22 15:21:06.0123| INFO|      ConfigurationLogger|	Scierie : ADC_2020-383_DEL
2023-05-22 15:21:06.0123| INFO|      ConfigurationLogger|	Utilisateur : berne.l
2023-05-22 15:21:06.0123| INFO|      ConfigurationLogger|	Utilisateur : berrez.r
2023-05-22 15:21:06.0123| INFO|      ConfigurationLogger|	Utilisateur : browaeys.j
2023-05-22 15:21:06.0123| INFO|      ConfigurationLogger|	Utilisateur : chartier.j
2023-05-22 15:21:06.0123| INFO|      ConfigurationLogger|	Utilisateur : client1
2023-05-22 15:21:06.0123| INFO|      ConfigurationLogger|	Utilisateur : daubourg.j
2023-05-22 15:21:06.0123| INFO|      ConfigurationLogger|	Utilisateur : demaret.l
2023-05-22 15:21:06.0123| INFO|      ConfigurationLogger|	Utilisateur : gautey
2023-05-22 15:21:06.0123| INFO|      ConfigurationLogger|	Utilisateur : tasserie.d
2023-05-22 15:21:06.0123| INFO|      ConfigurationLogger|	Scierie : ADC_2020-383_SAG
2023-05-22 15:21:06.0123| INFO|      ConfigurationLogger|	Utilisateur : berne.l
2023-05-22 15:21:06.0123| INFO|      ConfigurationLogger|	Utilisateur : berrez.r
2023-05-22 15:21:06.0123| INFO|      ConfigurationLogger|	Utilisateur : browaeys.j
2023-05-22 15:21:06.0123| INFO|      ConfigurationLogger|	Utilisateur : chartier.j
2023-05-22 15:21:06.0123| INFO|      ConfigurationLogger|	Utilisateur : client1
2023-05-22 15:21:06.0123| INFO|      ConfigurationLogger|	Utilisateur : daubourg.j
2023-05-22 15:21:06.0123| INFO|      ConfigurationLogger|	Utilisateur : demaret.l
2023-05-22 15:21:06.0123| INFO|      ConfigurationLogger|	Utilisateur : tasserie.d
2023-05-22 15:21:06.0123| INFO|      ConfigurationLogger|	Scierie : ALPES-SUD_2020-408
2023-05-22 15:21:06.0123| INFO|      ConfigurationLogger|	Utilisateur : berne.l
2023-05-22 15:21:06.0123| INFO|      ConfigurationLogger|	Utilisateur : berrez.r
2023-05-22 15:21:06.0123| INFO|      ConfigurationLogger|	Utilisateur : browaeys.j
2023-05-22 15:21:06.0123| INFO|      ConfigurationLogger|	Utilisateur : chartier.j
2023-05-22 15:21:06.0123| INFO|      ConfigurationLogger|	Utilisateur : client1
2023-05-22 15:21:06.0123| INFO|      ConfigurationLogger|	Utilisateur : daubourg.j
2023-05-22 15:21:06.0123| INFO|      ConfigurationLogger|	Utilisateur : demaret.l
2023-05-22 15:21:06.0123| INFO|      ConfigurationLogger|	Utilisateur : Gaypageon.G
2023-05-22 15:21:06.0123| INFO|      ConfigurationLogger|	Utilisateur : tasserie.d
2023-05-22 15:21:06.0123| INFO|      ConfigurationLogger|	Scierie : BARBIER
2023-05-22 15:21:06.0123| INFO|      ConfigurationLogger|	Utilisateur : berrez.r
2023-05-22 15:21:06.0123| INFO|      ConfigurationLogger|	Utilisateur : chartier.j
2023-05-22 15:21:06.0123| INFO|      ConfigurationLogger|	Utilisateur : client1
2023-05-22 15:21:06.0123| INFO|      ConfigurationLogger|	Utilisateur : daubourg.j
2023-05-22 15:21:06.0123| INFO|      ConfigurationLogger|	Utilisateur : tasserie.d
2023-05-22 15:21:06.0123| INFO|      ConfigurationLogger|	Scierie : BARBIER-VITTEAUX_SAG
2023-05-22 15:21:06.0123| INFO|      ConfigurationLogger|	Utilisateur : berrez.r
2023-05-22 15:21:06.0123| INFO|      ConfigurationLogger|	Utilisateur : chartier.j
2023-05-22 15:21:06.0123| INFO|      ConfigurationLogger|	Utilisateur : client1
2023-05-22 15:21:06.0123| INFO|      ConfigurationLogger|	Utilisateur : daubourg.j
2023-05-22 15:21:06.0123| INFO|      ConfigurationLogger|	Utilisateur : tasserie.d
2023-05-22 15:21:06.0123| INFO|      ConfigurationLogger|	Scierie : BARBIER_VITTEAUX_2018-328
2023-05-22 15:21:06.0123| INFO|      ConfigurationLogger|	Utilisateur : berne.l
2023-05-22 15:21:06.0123| INFO|      ConfigurationLogger|	Utilisateur : berrez.r
2023-05-22 15:21:06.0123| INFO|      ConfigurationLogger|	Utilisateur : browaeys.j
2023-05-22 15:21:06.0123| INFO|      ConfigurationLogger|	Utilisateur : chartier.j
2023-05-22 15:21:06.0123| INFO|      ConfigurationLogger|	Utilisateur : cherrier.a
2023-05-22 15:21:06.0123| INFO|      ConfigurationLogger|	Utilisateur : client1
2023-05-22 15:21:06.0123| INFO|      ConfigurationLogger|	Utilisateur : daubourg.j
2023-05-22 15:21:06.0123| INFO|      ConfigurationLogger|	Utilisateur : demaret.l
2023-05-22 15:21:06.0123| INFO|      ConfigurationLogger|	Utilisateur : gautey
2023-05-22 15:21:06.0123| INFO|      ConfigurationLogger|	Utilisateur : tasserie.d
2023-05-22 15:21:06.0123| INFO|      ConfigurationLogger|	Scierie : BBF_2017-287
2023-05-22 15:21:06.0123| INFO|      ConfigurationLogger|	Utilisateur : berne.l
2023-05-22 15:21:06.0123| INFO|      ConfigurationLogger|	Utilisateur : berrez.r
2023-05-22 15:21:06.0123| INFO|      ConfigurationLogger|	Utilisateur : browaeys.j
2023-05-22 15:21:06.0123| INFO|      ConfigurationLogger|	Utilisateur : chartier.j
2023-05-22 15:21:06.0123| INFO|      ConfigurationLogger|	Utilisateur : client1
2023-05-22 15:21:06.0123| INFO|      ConfigurationLogger|	Utilisateur : daubourg.j
2023-05-22 15:21:06.0123| INFO|      ConfigurationLogger|	Utilisateur : demaret.l
2023-05-22 15:21:06.0123| INFO|      ConfigurationLogger|	Utilisateur : proc_eng
2023-05-22 15:21:06.0123| INFO|      ConfigurationLogger|	Utilisateur : tasserie.d
2023-05-22 15:21:06.0123| INFO|      ConfigurationLogger|	Scierie : BEAUVOIR
2023-05-22 15:21:06.0123| INFO|      ConfigurationLogger|	Utilisateur : berrez.r
2023-05-22 15:21:06.0123| INFO|      ConfigurationLogger|	Utilisateur : chartier.j
2023-05-22 15:21:06.0123| INFO|      ConfigurationLogger|	Utilisateur : client1
2023-05-22 15:21:06.0123| INFO|      ConfigurationLogger|	Utilisateur : daubourg.j
2023-05-22 15:21:06.0123| INFO|      ConfigurationLogger|	Utilisateur : tasserie.d
2023-05-22 15:21:06.0123| INFO|      ConfigurationLogger|	Scierie : BEAUVOIR_SAG_2019
2023-05-22 15:21:06.0123| INFO|      ConfigurationLogger|	Utilisateur : berne.l
2023-05-22 15:21:06.0123| INFO|      ConfigurationLogger|	Utilisateur : berrez.r
2023-05-22 15:21:06.0123| INFO|      ConfigurationLogger|	Utilisateur : chartier.j
2023-05-22 15:21:06.0123| INFO|      ConfigurationLogger|	Utilisateur : cherrier.a
2023-05-22 15:21:06.0123| INFO|      ConfigurationLogger|	Utilisateur : client1
2023-05-22 15:21:06.0123| INFO|      ConfigurationLogger|	Utilisateur : daubourg.j
2023-05-22 15:21:06.0123| INFO|      ConfigurationLogger|	Utilisateur : demaret.l
2023-05-22 15:21:06.0123| INFO|      ConfigurationLogger|	Utilisateur : tasserie.d
2023-05-22 15:21:06.0123| INFO|      ConfigurationLogger|	Scierie : BESSON_2022-476
2023-05-22 15:21:06.0123| INFO|      ConfigurationLogger|	Utilisateur : berne.l
2023-05-22 15:21:06.0123| INFO|      ConfigurationLogger|	Utilisateur : berrez.r
2023-05-22 15:21:06.0123| INFO|      ConfigurationLogger|	Utilisateur : browaeys.j
2023-05-22 15:21:06.0123| INFO|      ConfigurationLogger|	Utilisateur : chartier.j
2023-05-22 15:21:06.0123| INFO|      ConfigurationLogger|	Utilisateur : cherrier.a
2023-05-22 15:21:06.0123| INFO|      ConfigurationLogger|	Utilisateur : client1
2023-05-22 15:21:06.0123| INFO|      ConfigurationLogger|	Utilisateur : daubourg.j
2023-05-22 15:21:06.0123| INFO|      ConfigurationLogger|	Utilisateur : demaret.l
2023-05-22 15:21:06.0123| INFO|      ConfigurationLogger|	Utilisateur : gautey
2023-05-22 15:21:06.0123| INFO|      ConfigurationLogger|	Utilisateur : tasserie.d
2023-05-22 15:21:06.0123| INFO|      ConfigurationLogger|	Scierie : BOTTAREL
2023-05-22 15:21:06.0123| INFO|      ConfigurationLogger|	Utilisateur : berrez.r
2023-05-22 15:21:06.0123| INFO|      ConfigurationLogger|	Utilisateur : chartier.j
2023-05-22 15:21:06.0123| INFO|      ConfigurationLogger|	Utilisateur : client1
2023-05-22 15:21:06.0123| INFO|      ConfigurationLogger|	Utilisateur : daubourg.j
2023-05-22 15:21:06.0123| INFO|      ConfigurationLogger|	Utilisateur : tasserie.d
2023-05-22 15:21:06.0123| INFO|      ConfigurationLogger|	Scierie : BOUDON
2023-05-22 15:21:06.0123| INFO|      ConfigurationLogger|	Utilisateur : berne.l
2023-05-22 15:21:06.0123| INFO|      ConfigurationLogger|	Utilisateur : berrez.r
2023-05-22 15:21:06.0123| INFO|      ConfigurationLogger|	Utilisateur : chartier.j
2023-05-22 15:21:06.0123| INFO|      ConfigurationLogger|	Utilisateur : client1
2023-05-22 15:21:06.0123| INFO|      ConfigurationLogger|	Utilisateur : daubourg.j
2023-05-22 15:21:06.0123| INFO|      ConfigurationLogger|	Utilisateur : demaret.l
2023-05-22 15:21:06.0123| INFO|      ConfigurationLogger|	Utilisateur : tasserie.d
2023-05-22 15:21:06.0123| INFO|      ConfigurationLogger|	Scierie : BSB_2021-417
2023-05-22 15:21:06.0123| INFO|      ConfigurationLogger|	Utilisateur : berne.l
2023-05-22 15:21:06.0123| INFO|      ConfigurationLogger|	Utilisateur : berrez.r
2023-05-22 15:21:06.0123| INFO|      ConfigurationLogger|	Utilisateur : browaeys.j
2023-05-22 15:21:06.0123| INFO|      ConfigurationLogger|	Utilisateur : chartier.j
2023-05-22 15:21:06.0123| INFO|      ConfigurationLogger|	Utilisateur : client1
2023-05-22 15:21:06.0123| INFO|      ConfigurationLogger|	Utilisateur : daubourg.j
2023-05-22 15:21:06.0123| INFO|      ConfigurationLogger|	Utilisateur : demaret.l
2023-05-22 15:21:06.0123| INFO|      ConfigurationLogger|	Utilisateur : tasserie.d
2023-05-22 15:21:06.0123| INFO|      ConfigurationLogger|	Scierie : CBD_2014-182
2023-05-22 15:21:06.0123| INFO|      ConfigurationLogger|	Utilisateur : berne.l
2023-05-22 15:21:06.0123| INFO|      ConfigurationLogger|	Utilisateur : berrez.r
2023-05-22 15:21:06.0123| INFO|      ConfigurationLogger|	Utilisateur : chartier.j
2023-05-22 15:21:06.0123| INFO|      ConfigurationLogger|	Utilisateur : client1
2023-05-22 15:21:06.0123| INFO|      ConfigurationLogger|	Utilisateur : daubourg.j
2023-05-22 15:21:06.0123| INFO|      ConfigurationLogger|	Utilisateur : demaret.l
2023-05-22 15:21:06.0123| INFO|      ConfigurationLogger|	Utilisateur : tasserie.d
2023-05-22 15:21:06.0123| INFO|      ConfigurationLogger|	Scierie : CHAZAL_2018-319
2023-05-22 15:21:06.0123| INFO|      ConfigurationLogger|	Utilisateur : berrez.r
2023-05-22 15:21:06.0123| INFO|      ConfigurationLogger|	Utilisateur : chartier.j
2023-05-22 15:21:06.0123| INFO|      ConfigurationLogger|	Utilisateur : client1
2023-05-22 15:21:06.0123| INFO|      ConfigurationLogger|	Utilisateur : daubourg.j
2023-05-22 15:21:06.0123| INFO|      ConfigurationLogger|	Utilisateur : demaret.l
2023-05-22 15:21:06.0123| INFO|      ConfigurationLogger|	Utilisateur : tasserie.d
2023-05-22 15:21:06.0123| INFO|      ConfigurationLogger|	Scierie : CHORAIN
2023-05-22 15:21:06.0123| INFO|      ConfigurationLogger|	Utilisateur : berne.l
2023-05-22 15:21:06.0123| INFO|      ConfigurationLogger|	Utilisateur : berrez.r
2023-05-22 15:21:06.0123| INFO|      ConfigurationLogger|	Utilisateur : browaeys.j
2023-05-22 15:21:06.0123| INFO|      ConfigurationLogger|	Utilisateur : chartier.j
2023-05-22 15:21:06.0123| INFO|      ConfigurationLogger|	Utilisateur : client1
2023-05-22 15:21:06.0123| INFO|      ConfigurationLogger|	Utilisateur : daubourg.j
2023-05-22 15:21:06.0123| INFO|      ConfigurationLogger|	Utilisateur : demaret.l
2023-05-22 15:21:06.0123| INFO|      ConfigurationLogger|	Utilisateur : tasserie.d
2023-05-22 15:21:06.0123| INFO|      ConfigurationLogger|	Scierie : CLERC_SAG_2019
2023-05-22 15:21:06.0123| INFO|      ConfigurationLogger|	Utilisateur : berne.l
2023-05-22 15:21:06.0123| INFO|      ConfigurationLogger|	Utilisateur : berrez.r
2023-05-22 15:21:06.0123| INFO|      ConfigurationLogger|	Utilisateur : chartier.j
2023-05-22 15:21:06.0123| INFO|      ConfigurationLogger|	Utilisateur : client1
2023-05-22 15:21:06.0123| INFO|      ConfigurationLogger|	Utilisateur : daubourg.j
2023-05-22 15:21:06.0123| INFO|      ConfigurationLogger|	Utilisateur : demaret.l
2023-05-22 15:21:06.0123| INFO|      ConfigurationLogger|	Utilisateur : tasserie.d
2023-05-22 15:21:06.0123| INFO|      ConfigurationLogger|	Scierie : COLAS_2019-352
2023-05-22 15:21:06.0123| INFO|      ConfigurationLogger|	Utilisateur : berne.l
2023-05-22 15:21:06.0123| INFO|      ConfigurationLogger|	Utilisateur : berrez.r
2023-05-22 15:21:06.0123| INFO|      ConfigurationLogger|	Utilisateur : chartier.j
2023-05-22 15:21:06.0123| INFO|      ConfigurationLogger|	Utilisateur : client1
2023-05-22 15:21:06.0123| INFO|      ConfigurationLogger|	Utilisateur : daubourg.j
2023-05-22 15:21:06.0123| INFO|      ConfigurationLogger|	Utilisateur : demaret.l
2023-05-22 15:21:06.0123| INFO|      ConfigurationLogger|	Utilisateur : tasserie.d
2023-05-22 15:21:06.0123| INFO|      ConfigurationLogger|	Scierie : COLLIGNON_1999-471
2023-05-22 15:21:06.0123| INFO|      ConfigurationLogger|	Utilisateur : berrez.r
2023-05-22 15:21:06.0123| INFO|      ConfigurationLogger|	Utilisateur : chartier.j
2023-05-22 15:21:06.0123| INFO|      ConfigurationLogger|	Utilisateur : client1
2023-05-22 15:21:06.0123| INFO|      ConfigurationLogger|	Utilisateur : daubourg.j
2023-05-22 15:21:06.0123| INFO|      ConfigurationLogger|	Utilisateur : demaret.l
2023-05-22 15:21:06.0123| INFO|      ConfigurationLogger|	Utilisateur : tasserie.d
2023-05-22 15:21:06.0123| INFO|      ConfigurationLogger|	Scierie : COSTEBOIS_2021-421
2023-05-22 15:21:06.0123| INFO|      ConfigurationLogger|	Utilisateur : berne.l
2023-05-22 15:21:06.0123| INFO|      ConfigurationLogger|	Utilisateur : berrez.r
2023-05-22 15:21:06.0123| INFO|      ConfigurationLogger|	Utilisateur : browaeys.j
2023-05-22 15:21:06.0123| INFO|      ConfigurationLogger|	Utilisateur : chartier.j
2023-05-22 15:21:06.0123| INFO|      ConfigurationLogger|	Utilisateur : client1
2023-05-22 15:21:06.0123| INFO|      ConfigurationLogger|	Utilisateur : daubourg.j
2023-05-22 15:21:06.0123| INFO|      ConfigurationLogger|	Utilisateur : demaret.l
2023-05-22 15:21:06.0123| INFO|      ConfigurationLogger|	Utilisateur : tasserie.d
2023-05-22 15:21:06.0123| INFO|      ConfigurationLogger|	Scierie : COTINEAU_2020-415
2023-05-22 15:21:06.0123| INFO|      ConfigurationLogger|	Utilisateur : berne.l
2023-05-22 15:21:06.0123| INFO|      ConfigurationLogger|	Utilisateur : berrez.r
2023-05-22 15:21:06.0123| INFO|      ConfigurationLogger|	Utilisateur : browaeys.j
2023-05-22 15:21:06.0123| INFO|      ConfigurationLogger|	Utilisateur : chartier.j
2023-05-22 15:21:06.0123| INFO|      ConfigurationLogger|	Utilisateur : client1
2023-05-22 15:21:06.0123| INFO|      ConfigurationLogger|	Utilisateur : daubourg.j
2023-05-22 15:21:06.0123| INFO|      ConfigurationLogger|	Utilisateur : demaret.l
2023-05-22 15:21:06.0123| INFO|      ConfigurationLogger|	Utilisateur : tasserie.d
2023-05-22 15:21:06.0123| INFO|      ConfigurationLogger|	Scierie : DAMBO_SAG_2019
2023-05-22 15:21:06.0123| INFO|      ConfigurationLogger|	Utilisateur : berne.l
2023-05-22 15:21:06.0123| INFO|      ConfigurationLogger|	Utilisateur : berrez.r
2023-05-22 15:21:06.0123| INFO|      ConfigurationLogger|	Utilisateur : chartier.j
2023-05-22 15:21:06.0123| INFO|      ConfigurationLogger|	Utilisateur : client1
2023-05-22 15:21:06.0123| INFO|      ConfigurationLogger|	Utilisateur : daubourg.j
2023-05-22 15:21:06.0123| INFO|      ConfigurationLogger|	Utilisateur : demaret.l
2023-05-22 15:21:06.0123| INFO|      ConfigurationLogger|	Utilisateur : tasserie.d
2023-05-22 15:21:06.0123| INFO|      ConfigurationLogger|	Scierie : DEPOUE
2023-05-22 15:21:06.0123| INFO|      ConfigurationLogger|	Utilisateur : chartier.j
2023-05-22 15:21:06.0123| INFO|      ConfigurationLogger|	Utilisateur : client1
2023-05-22 15:21:06.0123| INFO|      ConfigurationLogger|	Utilisateur : daubourg.j
2023-05-22 15:21:06.0123| INFO|      ConfigurationLogger|	Utilisateur : tasserie.d
2023-05-22 15:21:06.0123| INFO|      ConfigurationLogger|	Scierie : DESCHASEAUX_2017-296
2023-05-22 15:21:06.0123| INFO|      ConfigurationLogger|	Utilisateur : berne.l
2023-05-22 15:21:06.0123| INFO|      ConfigurationLogger|	Utilisateur : berrez.r
2023-05-22 15:21:06.0123| INFO|      ConfigurationLogger|	Utilisateur : chartier.j
2023-05-22 15:21:06.0123| INFO|      ConfigurationLogger|	Utilisateur : client1
2023-05-22 15:21:06.0123| INFO|      ConfigurationLogger|	Utilisateur : daubourg.j
2023-05-22 15:21:06.0123| INFO|      ConfigurationLogger|	Utilisateur : tasserie.d
2023-05-22 15:21:06.0123| INFO|      ConfigurationLogger|	Scierie : DESCHASEAUX_2019-374
2023-05-22 15:21:06.0123| INFO|      ConfigurationLogger|	Utilisateur : berrez.r
2023-05-22 15:21:06.0123| INFO|      ConfigurationLogger|	Utilisateur : chartier.j
2023-05-22 15:21:06.0123| INFO|      ConfigurationLogger|	Utilisateur : client1
2023-05-22 15:21:06.0123| INFO|      ConfigurationLogger|	Utilisateur : daubourg.j
2023-05-22 15:21:06.0123| INFO|      ConfigurationLogger|	Utilisateur : demaret.l
2023-05-22 15:21:06.0123| INFO|      ConfigurationLogger|	Utilisateur : tasserie.d
2023-05-22 15:21:06.0123| INFO|      ConfigurationLogger|	Scierie : DESPOND
2023-05-22 15:21:06.0123| INFO|      ConfigurationLogger|	Utilisateur : berrez.r
2023-05-22 15:21:06.0123| INFO|      ConfigurationLogger|	Utilisateur : chartier.j
2023-05-22 15:21:06.0123| INFO|      ConfigurationLogger|	Utilisateur : client1
2023-05-22 15:21:06.0123| INFO|      ConfigurationLogger|	Utilisateur : daubourg.j
2023-05-22 15:21:06.0123| INFO|      ConfigurationLogger|	Utilisateur : demaret.l
2023-05-22 15:21:06.0123| INFO|      ConfigurationLogger|	Utilisateur : tasserie.d
2023-05-22 15:21:06.0123| INFO|      ConfigurationLogger|	Scierie : DUBOT
2023-05-22 15:21:06.0123| INFO|      ConfigurationLogger|	Utilisateur : berrez.r
2023-05-22 15:21:06.0123| INFO|      ConfigurationLogger|	Utilisateur : chartier.j
2023-05-22 15:21:06.0123| INFO|      ConfigurationLogger|	Utilisateur : client1
2023-05-22 15:21:06.0123| INFO|      ConfigurationLogger|	Utilisateur : daubourg.j
2023-05-22 15:21:06.0123| INFO|      ConfigurationLogger|	Utilisateur : tasserie.d
2023-05-22 15:21:06.0123| INFO|      ConfigurationLogger|	Scierie : FALLETANS_2020-397
2023-05-22 15:21:06.0123| INFO|      ConfigurationLogger|	Utilisateur : berne.l
2023-05-22 15:21:06.0123| INFO|      ConfigurationLogger|	Utilisateur : berrez.r
2023-05-22 15:21:06.0123| INFO|      ConfigurationLogger|	Utilisateur : browaeys.j
2023-05-22 15:21:06.0123| INFO|      ConfigurationLogger|	Utilisateur : chartier.j
2023-05-22 15:21:06.0123| INFO|      ConfigurationLogger|	Utilisateur : client1
2023-05-22 15:21:06.0123| INFO|      ConfigurationLogger|	Utilisateur : daubourg.j
2023-05-22 15:21:06.0123| INFO|      ConfigurationLogger|	Utilisateur : demaret.l
2023-05-22 15:21:06.0123| INFO|      ConfigurationLogger|	Utilisateur : tasserie.d
2023-05-22 15:21:06.0123| INFO|      ConfigurationLogger|	Scierie : FEUILLADE_2021-444
2023-05-22 15:21:06.0123| INFO|      ConfigurationLogger|	Utilisateur : berne.l
2023-05-22 15:21:06.0123| INFO|      ConfigurationLogger|	Utilisateur : berrez.r
2023-05-22 15:21:06.0123| INFO|      ConfigurationLogger|	Utilisateur : chartier.j
2023-05-22 15:21:06.0123| INFO|      ConfigurationLogger|	Utilisateur : cherrier.a
2023-05-22 15:21:06.0123| INFO|      ConfigurationLogger|	Utilisateur : client1
2023-05-22 15:21:06.0123| INFO|      ConfigurationLogger|	Utilisateur : daubourg.j
2023-05-22 15:21:06.0123| INFO|      ConfigurationLogger|	Utilisateur : demaret.l
2023-05-22 15:21:06.0123| INFO|      ConfigurationLogger|	Utilisateur : tasserie.d
2023-05-22 15:21:06.0123| INFO|      ConfigurationLogger|	Scierie : FOUCHER
2023-05-22 15:21:06.0123| INFO|      ConfigurationLogger|	Utilisateur : berrez.r
2023-05-22 15:21:06.0123| INFO|      ConfigurationLogger|	Utilisateur : chartier.j
2023-05-22 15:21:06.0123| INFO|      ConfigurationLogger|	Utilisateur : client1
2023-05-22 15:21:06.0123| INFO|      ConfigurationLogger|	Utilisateur : daubourg.j
2023-05-22 15:21:06.0123| INFO|      ConfigurationLogger|	Utilisateur : tasserie.d
2023-05-22 15:21:06.0123| INFO|      ConfigurationLogger|	Scierie : FOURNIER
2023-05-22 15:21:06.0123| INFO|      ConfigurationLogger|	Utilisateur : berrez.r
2023-05-22 15:21:06.0123| INFO|      ConfigurationLogger|	Utilisateur : chartier.j
2023-05-22 15:21:06.0123| INFO|      ConfigurationLogger|	Utilisateur : cherrier.a
2023-05-22 15:21:06.0123| INFO|      ConfigurationLogger|	Utilisateur : client1
2023-05-22 15:21:06.0123| INFO|      ConfigurationLogger|	Utilisateur : daubourg.j
2023-05-22 15:21:06.0123| INFO|      ConfigurationLogger|	Utilisateur : tasserie.d
2023-05-22 15:21:06.0123| INFO|      ConfigurationLogger|	Scierie : FOURNIER-M_2020-394
2023-05-22 15:21:06.0123| INFO|      ConfigurationLogger|	Utilisateur : berne.l
2023-05-22 15:21:06.0123| INFO|      ConfigurationLogger|	Utilisateur : berrez.r
2023-05-22 15:21:06.0123| INFO|      ConfigurationLogger|	Utilisateur : browaeys.j
2023-05-22 15:21:06.0123| INFO|      ConfigurationLogger|	Utilisateur : chartier.j
2023-05-22 15:21:06.0123| INFO|      ConfigurationLogger|	Utilisateur : client1
2023-05-22 15:21:06.0123| INFO|      ConfigurationLogger|	Utilisateur : daubourg.j
2023-05-22 15:21:06.0123| INFO|      ConfigurationLogger|	Utilisateur : demaret.l
2023-05-22 15:21:06.0123| INFO|      ConfigurationLogger|	Utilisateur : tasserie.d
2023-05-22 15:21:06.0123| INFO|      ConfigurationLogger|	Scierie : FRATY_2019-380
2023-05-22 15:21:06.0123| INFO|      ConfigurationLogger|	Utilisateur : berne.l
2023-05-22 15:21:06.0123| INFO|      ConfigurationLogger|	Utilisateur : berrez.r
2023-05-22 15:21:06.0123| INFO|      ConfigurationLogger|	Utilisateur : browaeys.j
2023-05-22 15:21:06.0123| INFO|      ConfigurationLogger|	Utilisateur : chartier.j
2023-05-22 15:21:06.0123| INFO|      ConfigurationLogger|	Utilisateur : client1
2023-05-22 15:21:06.0123| INFO|      ConfigurationLogger|	Utilisateur : daubourg.j
2023-05-22 15:21:06.0123| INFO|      ConfigurationLogger|	Utilisateur : demaret.l
2023-05-22 15:21:06.0123| INFO|      ConfigurationLogger|	Utilisateur : tasserie.d
2023-05-22 15:21:06.0123| INFO|      ConfigurationLogger|	Scierie : GAITEY
2023-05-22 15:21:06.0123| INFO|      ConfigurationLogger|	Utilisateur : berrez.r
2023-05-22 15:21:06.0123| INFO|      ConfigurationLogger|	Utilisateur : bouche.t
2023-05-22 15:21:06.0123| INFO|      ConfigurationLogger|	Utilisateur : chartier.j
2023-05-22 15:21:06.0123| INFO|      ConfigurationLogger|	Utilisateur : cherrier.a
2023-05-22 15:21:06.0123| INFO|      ConfigurationLogger|	Utilisateur : client1
2023-05-22 15:21:06.0123| INFO|      ConfigurationLogger|	Utilisateur : daubourg.j
2023-05-22 15:21:06.0123| INFO|      ConfigurationLogger|	Utilisateur : tasserie.d
2023-05-22 15:21:06.0123| INFO|      ConfigurationLogger|	Scierie : GARMIER
2023-05-22 15:21:06.0123| INFO|      ConfigurationLogger|	Utilisateur : berrez.r
2023-05-22 15:21:06.0123| INFO|      ConfigurationLogger|	Utilisateur : browaeys.j
2023-05-22 15:21:06.0123| INFO|      ConfigurationLogger|	Utilisateur : chartier.j
2023-05-22 15:21:06.0123| INFO|      ConfigurationLogger|	Utilisateur : cherrier.a
2023-05-22 15:21:06.0123| INFO|      ConfigurationLogger|	Utilisateur : client1
2023-05-22 15:21:06.0123| INFO|      ConfigurationLogger|	Utilisateur : daubourg.j
2023-05-22 15:21:06.0123| INFO|      ConfigurationLogger|	Utilisateur : demaret.l
2023-05-22 15:21:06.0123| INFO|      ConfigurationLogger|	Utilisateur : tasserie.d
2023-05-22 15:21:06.0123| INFO|      ConfigurationLogger|	Scierie : GASTEBOIS_2020-393
2023-05-22 15:21:06.0123| INFO|      ConfigurationLogger|	Utilisateur : berne.l
2023-05-22 15:21:06.0123| INFO|      ConfigurationLogger|	Utilisateur : berrez.r
2023-05-22 15:21:06.0123| INFO|      ConfigurationLogger|	Utilisateur : chartier.j
2023-05-22 15:21:06.0123| INFO|      ConfigurationLogger|	Utilisateur : client1
2023-05-22 15:21:06.0123| INFO|      ConfigurationLogger|	Utilisateur : daubourg.j
2023-05-22 15:21:06.0123| INFO|      ConfigurationLogger|	Utilisateur : demaret.l
2023-05-22 15:21:06.0123| INFO|      ConfigurationLogger|	Utilisateur : tasserie.d
2023-05-22 15:21:06.0123| INFO|      ConfigurationLogger|	Scierie : GATIGNOL
2023-05-22 15:21:06.0123| INFO|      ConfigurationLogger|	Utilisateur : berne.l
2023-05-22 15:21:06.0123| INFO|      ConfigurationLogger|	Utilisateur : berrez.r
2023-05-22 15:21:06.0123| INFO|      ConfigurationLogger|	Utilisateur : chartier.j
2023-05-22 15:21:06.0123| INFO|      ConfigurationLogger|	Utilisateur : client1
2023-05-22 15:21:06.0123| INFO|      ConfigurationLogger|	Utilisateur : daubourg.j
2023-05-22 15:21:06.0123| INFO|      ConfigurationLogger|	Utilisateur : demaret.l
2023-05-22 15:21:06.0123| INFO|      ConfigurationLogger|	Utilisateur : tasserie.d
2023-05-22 15:21:06.0123| INFO|      ConfigurationLogger|	Scierie : GAUTEY
2023-05-22 15:21:06.0123| INFO|      ConfigurationLogger|	Utilisateur : berne.l
2023-05-22 15:21:06.0123| INFO|      ConfigurationLogger|	Utilisateur : berrez.r
2023-05-22 15:21:06.0123| INFO|      ConfigurationLogger|	Utilisateur : chartier.j
2023-05-22 15:21:06.0123| INFO|      ConfigurationLogger|	Utilisateur : client1
2023-05-22 15:21:06.0123| INFO|      ConfigurationLogger|	Utilisateur : daubourg.j
2023-05-22 15:21:06.0123| INFO|      ConfigurationLogger|	Utilisateur : demaret.l
2023-05-22 15:21:06.0123| INFO|      ConfigurationLogger|	Utilisateur : gautey
2023-05-22 15:21:06.0123| INFO|      ConfigurationLogger|	Utilisateur : tasserie.d
2023-05-22 15:21:06.0123| INFO|      ConfigurationLogger|	Scierie : GEVAUDAN
2023-05-22 15:21:06.0123| INFO|      ConfigurationLogger|	Utilisateur : berrez.r
2023-05-22 15:21:06.0123| INFO|      ConfigurationLogger|	Utilisateur : browaeys.j
2023-05-22 15:21:06.0123| INFO|      ConfigurationLogger|	Utilisateur : chartier.j
2023-05-22 15:21:06.0123| INFO|      ConfigurationLogger|	Utilisateur : cherrier.a
2023-05-22 15:21:06.0123| INFO|      ConfigurationLogger|	Utilisateur : client1
2023-05-22 15:21:06.0123| INFO|      ConfigurationLogger|	Utilisateur : daubourg.j
2023-05-22 15:21:06.0123| INFO|      ConfigurationLogger|	Utilisateur : demaret.l
2023-05-22 15:21:06.0123| INFO|      ConfigurationLogger|	Utilisateur : tasserie.d
2023-05-22 15:21:06.0123| INFO|      ConfigurationLogger|	Scierie : GEVAUDAN_2018-323
2023-05-22 15:21:06.0123| INFO|      ConfigurationLogger|	Utilisateur : berne.l
2023-05-22 15:21:06.0123| INFO|      ConfigurationLogger|	Utilisateur : berrez.r
2023-05-22 15:21:06.0123| INFO|      ConfigurationLogger|	Utilisateur : browaeys.j
2023-05-22 15:21:06.0123| INFO|      ConfigurationLogger|	Utilisateur : chartier.j
2023-05-22 15:21:06.0123| INFO|      ConfigurationLogger|	Utilisateur : client1
2023-05-22 15:21:06.0123| INFO|      ConfigurationLogger|	Utilisateur : daubourg.j
2023-05-22 15:21:06.0123| INFO|      ConfigurationLogger|	Utilisateur : demaret.l
2023-05-22 15:21:06.0123| INFO|      ConfigurationLogger|	Utilisateur : tasserie.d
2023-05-22 15:21:06.0123| INFO|      ConfigurationLogger|	Scierie : GOUNY
2023-05-22 15:21:06.0123| INFO|      ConfigurationLogger|	Utilisateur : berne.l
2023-05-22 15:21:06.0123| INFO|      ConfigurationLogger|	Utilisateur : berrez.r
2023-05-22 15:21:06.0123| INFO|      ConfigurationLogger|	Utilisateur : browaeys.j
2023-05-22 15:21:06.0123| INFO|      ConfigurationLogger|	Utilisateur : chartier.j
2023-05-22 15:21:06.0123| INFO|      ConfigurationLogger|	Utilisateur : client1
2023-05-22 15:21:06.0123| INFO|      ConfigurationLogger|	Utilisateur : daubourg.j
2023-05-22 15:21:06.0123| INFO|      ConfigurationLogger|	Utilisateur : tasserie.d
2023-05-22 15:21:06.0123| INFO|      ConfigurationLogger|	Scierie : GRAVITON
2023-05-22 15:21:06.0123| INFO|      ConfigurationLogger|	Utilisateur : berrez.r
2023-05-22 15:21:06.0123| INFO|      ConfigurationLogger|	Utilisateur : chartier.j
2023-05-22 15:21:06.0123| INFO|      ConfigurationLogger|	Utilisateur : cherrier.a
2023-05-22 15:21:06.0123| INFO|      ConfigurationLogger|	Utilisateur : client1
2023-05-22 15:21:06.0123| INFO|      ConfigurationLogger|	Utilisateur : daubourg.j
2023-05-22 15:21:06.0123| INFO|      ConfigurationLogger|	Utilisateur : tasserie.d
2023-05-22 15:21:06.0123| INFO|      ConfigurationLogger|	Scierie : GSCHWENDTNER_2021-455
2023-05-22 15:21:06.0123| INFO|      ConfigurationLogger|	Utilisateur : berne.l
2023-05-22 15:21:06.0123| INFO|      ConfigurationLogger|	Utilisateur : berrez.r
2023-05-22 15:21:06.0123| INFO|      ConfigurationLogger|	Utilisateur : browaeys.j
2023-05-22 15:21:06.0123| INFO|      ConfigurationLogger|	Utilisateur : chartier.j
2023-05-22 15:21:06.0123| INFO|      ConfigurationLogger|	Utilisateur : cherrier.a
2023-05-22 15:21:06.0123| INFO|      ConfigurationLogger|	Utilisateur : client1
2023-05-22 15:21:06.0123| INFO|      ConfigurationLogger|	Utilisateur : daubourg.j
2023-05-22 15:21:06.0123| INFO|      ConfigurationLogger|	Utilisateur : demaret.l
2023-05-22 15:21:06.0123| INFO|      ConfigurationLogger|	Utilisateur : tasserie.d
2023-05-22 15:21:06.0123| INFO|      ConfigurationLogger|	Scierie : HAUSNER_2019-377
2023-05-22 15:21:06.0123| INFO|      ConfigurationLogger|	Utilisateur : berne.l
2023-05-22 15:21:06.0123| INFO|      ConfigurationLogger|	Utilisateur : berrez.r
2023-05-22 15:21:06.0123| INFO|      ConfigurationLogger|	Utilisateur : browaeys.j
2023-05-22 15:21:06.0123| INFO|      ConfigurationLogger|	Utilisateur : chartier.j
2023-05-22 15:21:06.0123| INFO|      ConfigurationLogger|	Utilisateur : cherrier.a
2023-05-22 15:21:06.0123| INFO|      ConfigurationLogger|	Utilisateur : client1
2023-05-22 15:21:06.0123| INFO|      ConfigurationLogger|	Utilisateur : daubourg.j
2023-05-22 15:21:06.0123| INFO|      ConfigurationLogger|	Utilisateur : demaret.l
2023-05-22 15:21:06.0123| INFO|      ConfigurationLogger|	Utilisateur : tasserie.d
2023-05-22 15:21:06.0123| INFO|      ConfigurationLogger|	Scierie : HAUSNER_2020-395
2023-05-22 15:21:06.0123| INFO|      ConfigurationLogger|	Utilisateur : berne.l
2023-05-22 15:21:06.0123| INFO|      ConfigurationLogger|	Utilisateur : berrez.r
2023-05-22 15:21:06.0123| INFO|      ConfigurationLogger|	Utilisateur : browaeys.j
2023-05-22 15:21:06.0123| INFO|      ConfigurationLogger|	Utilisateur : chartier.j
2023-05-22 15:21:06.0123| INFO|      ConfigurationLogger|	Utilisateur : client1
2023-05-22 15:21:06.0123| INFO|      ConfigurationLogger|	Utilisateur : daubourg.j
2023-05-22 15:21:06.0123| INFO|      ConfigurationLogger|	Utilisateur : demaret.l
2023-05-22 15:21:06.0123| INFO|      ConfigurationLogger|	Utilisateur : tasserie.d
2023-05-22 15:21:06.0123| INFO|      ConfigurationLogger|	Scierie : HUBERLANT
2023-05-22 15:21:06.0123| INFO|      ConfigurationLogger|	Scierie : HUBERLANT_2021-443
2023-05-22 15:21:06.0123| INFO|      ConfigurationLogger|	Utilisateur : BAJAS.PO
2023-05-22 15:21:06.0123| INFO|      ConfigurationLogger|	Utilisateur : berne.l
2023-05-22 15:21:06.0123| INFO|      ConfigurationLogger|	Utilisateur : berrez.r
2023-05-22 15:21:06.0123| INFO|      ConfigurationLogger|	Utilisateur : browaeys.j
2023-05-22 15:21:06.0123| INFO|      ConfigurationLogger|	Utilisateur : chartier.j
2023-05-22 15:21:06.0123| INFO|      ConfigurationLogger|	Utilisateur : client1
2023-05-22 15:21:06.0123| INFO|      ConfigurationLogger|	Utilisateur : daubourg.j
2023-05-22 15:21:06.0123| INFO|      ConfigurationLogger|	Utilisateur : demaret.l
2023-05-22 15:21:06.0123| INFO|      ConfigurationLogger|	Utilisateur : ecran.info
2023-05-22 15:21:06.0123| INFO|      ConfigurationLogger|	Utilisateur : tasserie.d
2023-05-22 15:21:06.0123| INFO|      ConfigurationLogger|	Scierie : IHRIG_2019-360
2023-05-22 15:21:06.0123| INFO|      ConfigurationLogger|	Utilisateur : berrez.r
2023-05-22 15:21:06.0123| INFO|      ConfigurationLogger|	Utilisateur : chartier.j
2023-05-22 15:21:06.0123| INFO|      ConfigurationLogger|	Utilisateur : client1
2023-05-22 15:21:06.0123| INFO|      ConfigurationLogger|	Utilisateur : daubourg.j
2023-05-22 15:21:06.0123| INFO|      ConfigurationLogger|	Utilisateur : tasserie.d
2023-05-22 15:21:06.0123| INFO|      ConfigurationLogger|	Scierie : JURASCIAGES
2023-05-22 15:21:06.0123| INFO|      ConfigurationLogger|	Utilisateur : berne.l
2023-05-22 15:21:06.0123| INFO|      ConfigurationLogger|	Utilisateur : berrez.r
2023-05-22 15:21:06.0123| INFO|      ConfigurationLogger|	Utilisateur : browaeys.j
2023-05-22 15:21:06.0123| INFO|      ConfigurationLogger|	Utilisateur : chartier.j
2023-05-22 15:21:06.0123| INFO|      ConfigurationLogger|	Utilisateur : client1
2023-05-22 15:21:06.0123| INFO|      ConfigurationLogger|	Utilisateur : daubourg.j
2023-05-22 15:21:06.0123| INFO|      ConfigurationLogger|	Utilisateur : demaret.l
2023-05-22 15:21:06.0123| INFO|      ConfigurationLogger|	Utilisateur : tasserie.d
2023-05-22 15:21:06.0123| INFO|      ConfigurationLogger|	Scierie : JURASCIAGES_2018-345
2023-05-22 15:21:06.0123| INFO|      ConfigurationLogger|	Utilisateur : berne.l
2023-05-22 15:21:06.0123| INFO|      ConfigurationLogger|	Utilisateur : berrez.r
2023-05-22 15:21:06.0123| INFO|      ConfigurationLogger|	Utilisateur : browaeys.j
2023-05-22 15:21:06.0123| INFO|      ConfigurationLogger|	Utilisateur : chartier.j
2023-05-22 15:21:06.0123| INFO|      ConfigurationLogger|	Utilisateur : client1
2023-05-22 15:21:06.0123| INFO|      ConfigurationLogger|	Utilisateur : daubourg.j
2023-05-22 15:21:06.0123| INFO|      ConfigurationLogger|	Utilisateur : demaret.l
2023-05-22 15:21:06.0123| INFO|      ConfigurationLogger|	Utilisateur : tasserie.d
2023-05-22 15:21:06.0123| INFO|      ConfigurationLogger|	Scierie : Kaizoku
2023-05-22 15:21:06.0123| INFO|      ConfigurationLogger|	Utilisateur : berne.l
2023-05-22 15:21:06.0123| INFO|      ConfigurationLogger|	Utilisateur : berrez.r
2023-05-22 15:21:06.0123| INFO|      ConfigurationLogger|	Utilisateur : boucaud.c
2023-05-22 15:21:06.0123| INFO|      ConfigurationLogger|	Utilisateur : browaeys.j
2023-05-22 15:21:06.0123| INFO|      ConfigurationLogger|	Utilisateur : client1
2023-05-22 15:21:06.0123| INFO|      ConfigurationLogger|	Utilisateur : demaret.l
2023-05-22 15:21:06.0123| INFO|      ConfigurationLogger|	Utilisateur : Gaypageon.G
2023-05-22 15:21:06.0123| INFO|      ConfigurationLogger|	Utilisateur : tasserie.d
2023-05-22 15:21:06.0123| INFO|      ConfigurationLogger|	Scierie : KODAMABOX
2023-05-22 15:21:06.0123| INFO|      ConfigurationLogger|	Utilisateur : berne.l
2023-05-22 15:21:06.0123| INFO|      ConfigurationLogger|	Utilisateur : berrez.r
2023-05-22 15:21:06.0123| INFO|      ConfigurationLogger|	Utilisateur : browaeys.j
2023-05-22 15:21:06.0123| INFO|      ConfigurationLogger|	Utilisateur : chartier.j
2023-05-22 15:21:06.0123| INFO|      ConfigurationLogger|	Utilisateur : client1
2023-05-22 15:21:06.0123| INFO|      ConfigurationLogger|	Utilisateur : daubourg.j
2023-05-22 15:21:06.0123| INFO|      ConfigurationLogger|	Utilisateur : demaret.l
2023-05-22 15:21:06.0123| INFO|      ConfigurationLogger|	Utilisateur : tasserie.d
2023-05-22 15:21:06.0123| INFO|      ConfigurationLogger|	Scierie : KUNKEL
2023-05-22 15:21:06.0123| INFO|      ConfigurationLogger|	Utilisateur : berne.l
2023-05-22 15:21:06.0123| INFO|      ConfigurationLogger|	Utilisateur : berrez.r
2023-05-22 15:21:06.0123| INFO|      ConfigurationLogger|	Utilisateur : chartier.j
2023-05-22 15:21:06.0123| INFO|      ConfigurationLogger|	Utilisateur : cherrier.a
2023-05-22 15:21:06.0123| INFO|      ConfigurationLogger|	Utilisateur : client1
2023-05-22 15:21:06.0123| INFO|      ConfigurationLogger|	Utilisateur : daubourg.j
2023-05-22 15:21:06.0123| INFO|      ConfigurationLogger|	Utilisateur : demaret.l
2023-05-22 15:21:06.0123| INFO|      ConfigurationLogger|	Utilisateur : tasserie.d
2023-05-22 15:21:06.0123| INFO|      ConfigurationLogger|	Scierie : KUNKEL_2017-321
2023-05-22 15:21:06.0123| INFO|      ConfigurationLogger|	Utilisateur : admin
2023-05-22 15:21:06.0123| INFO|      ConfigurationLogger|	Utilisateur : berne.l
2023-05-22 15:21:06.0123| INFO|      ConfigurationLogger|	Utilisateur : berrez.r
2023-05-22 15:21:06.0123| INFO|      ConfigurationLogger|	Utilisateur : chartier.j
2023-05-22 15:21:06.0123| INFO|      ConfigurationLogger|	Utilisateur : cherrier.a
2023-05-22 15:21:06.0123| INFO|      ConfigurationLogger|	Utilisateur : client1
2023-05-22 15:21:06.0123| INFO|      ConfigurationLogger|	Utilisateur : daubourg.j
2023-05-22 15:21:06.0123| INFO|      ConfigurationLogger|	Utilisateur : demaret.l
2023-05-22 15:21:06.0123| INFO|      ConfigurationLogger|	Utilisateur : tasserie.d
2023-05-22 15:21:06.0123| INFO|      ConfigurationLogger|	Scierie : LABOURIER_2018-315
2023-05-22 15:21:06.0123| INFO|      ConfigurationLogger|	Utilisateur : berne.l
2023-05-22 15:21:06.0123| INFO|      ConfigurationLogger|	Utilisateur : berrez.r
2023-05-22 15:21:06.0123| INFO|      ConfigurationLogger|	Utilisateur : boucaud.c
2023-05-22 15:21:06.0123| INFO|      ConfigurationLogger|	Utilisateur : browaeys.j
2023-05-22 15:21:06.0123| INFO|      ConfigurationLogger|	Utilisateur : chartier.j
2023-05-22 15:21:06.0123| INFO|      ConfigurationLogger|	Utilisateur : client1
2023-05-22 15:21:06.0123| INFO|      ConfigurationLogger|	Utilisateur : daubourg.j
2023-05-22 15:21:06.0123| INFO|      ConfigurationLogger|	Utilisateur : demaret.l
2023-05-22 15:21:06.0123| INFO|      ConfigurationLogger|	Utilisateur : tasserie.d
2023-05-22 15:21:06.0123| INFO|      ConfigurationLogger|	Scierie : LACHIZE_2015
2023-05-22 15:21:06.0123| INFO|      ConfigurationLogger|	Utilisateur : berne.l
2023-05-22 15:21:06.0123| INFO|      ConfigurationLogger|	Utilisateur : berrez.r
2023-05-22 15:21:06.0123| INFO|      ConfigurationLogger|	Utilisateur : chartier.j
2023-05-22 15:21:06.0123| INFO|      ConfigurationLogger|	Utilisateur : cherrier.a
2023-05-22 15:21:06.0123| INFO|      ConfigurationLogger|	Utilisateur : client1
2023-05-22 15:21:06.0123| INFO|      ConfigurationLogger|	Utilisateur : daubourg.j
2023-05-22 15:21:06.0123| INFO|      ConfigurationLogger|	Utilisateur : demaret.l
2023-05-22 15:21:06.0123| INFO|      ConfigurationLogger|	Utilisateur : tasserie.d
2023-05-22 15:21:06.0123| INFO|      ConfigurationLogger|	Scierie : LANCON
2023-05-22 15:21:06.0123| INFO|      ConfigurationLogger|	Utilisateur : berrez.r
2023-05-22 15:21:06.0123| INFO|      ConfigurationLogger|	Utilisateur : chartier.j
2023-05-22 15:21:06.0123| INFO|      ConfigurationLogger|	Utilisateur : cherrier.a
2023-05-22 15:21:06.0123| INFO|      ConfigurationLogger|	Utilisateur : client1
2023-05-22 15:21:06.0123| INFO|      ConfigurationLogger|	Utilisateur : daubourg.j
2023-05-22 15:21:06.0123| INFO|      ConfigurationLogger|	Utilisateur : tasserie.d
2023-05-22 15:21:06.0123| INFO|      ConfigurationLogger|	Scierie : LANDROU
2023-05-22 15:21:06.0123| INFO|      ConfigurationLogger|	Utilisateur : berrez.r
2023-05-22 15:21:06.0123| INFO|      ConfigurationLogger|	Utilisateur : chartier.j
2023-05-22 15:21:06.0123| INFO|      ConfigurationLogger|	Utilisateur : cherrier.a
2023-05-22 15:21:06.0123| INFO|      ConfigurationLogger|	Utilisateur : client1
2023-05-22 15:21:06.0123| INFO|      ConfigurationLogger|	Utilisateur : daubourg.j
2023-05-22 15:21:06.0123| INFO|      ConfigurationLogger|	Utilisateur : tasserie.d
2023-05-22 15:21:06.0123| INFO|      ConfigurationLogger|	Scierie : LARRANAGA
2023-05-22 15:21:06.0123| INFO|      ConfigurationLogger|	Utilisateur : berrez.r
2023-05-22 15:21:06.0123| INFO|      ConfigurationLogger|	Utilisateur : chartier.j
2023-05-22 15:21:06.0123| INFO|      ConfigurationLogger|	Utilisateur : cherrier.a
2023-05-22 15:21:06.0123| INFO|      ConfigurationLogger|	Utilisateur : client1
2023-05-22 15:21:06.0123| INFO|      ConfigurationLogger|	Utilisateur : daubourg.j
2023-05-22 15:21:06.0123| INFO|      ConfigurationLogger|	Utilisateur : tasserie.d
2023-05-22 15:21:06.0123| INFO|      ConfigurationLogger|	Scierie : LARUE_2021-441
2023-05-22 15:21:06.0123| INFO|      ConfigurationLogger|	Utilisateur : berne.l
2023-05-22 15:21:06.0123| INFO|      ConfigurationLogger|	Utilisateur : berrez.r
2023-05-22 15:21:06.0123| INFO|      ConfigurationLogger|	Utilisateur : chartier.j
2023-05-22 15:21:06.0123| INFO|      ConfigurationLogger|	Utilisateur : cherrier.a
2023-05-22 15:21:06.0123| INFO|      ConfigurationLogger|	Utilisateur : client1
2023-05-22 15:21:06.0123| INFO|      ConfigurationLogger|	Utilisateur : daubourg.j
2023-05-22 15:21:06.0123| INFO|      ConfigurationLogger|	Utilisateur : demaret.l
2023-05-22 15:21:06.0123| INFO|      ConfigurationLogger|	Utilisateur : tasserie.d
2023-05-22 15:21:06.0123| INFO|      ConfigurationLogger|	Scierie : LAURENT_2022-462
2023-05-22 15:21:06.0123| INFO|      ConfigurationLogger|	Utilisateur : berne.l
2023-05-22 15:21:06.0123| INFO|      ConfigurationLogger|	Utilisateur : berrez.r
2023-05-22 15:21:06.0123| INFO|      ConfigurationLogger|	Utilisateur : browaeys.j
2023-05-22 15:21:06.0123| INFO|      ConfigurationLogger|	Utilisateur : chartier.j
2023-05-22 15:21:06.0123| INFO|      ConfigurationLogger|	Utilisateur : client1
2023-05-22 15:21:06.0123| INFO|      ConfigurationLogger|	Utilisateur : daubourg.j
2023-05-22 15:21:06.0123| INFO|      ConfigurationLogger|	Utilisateur : demaret.l
2023-05-22 15:21:06.0123| INFO|      ConfigurationLogger|	Utilisateur : tasserie.d
2023-05-22 15:21:06.0123| INFO|      ConfigurationLogger|	Scierie : LBL_BRENTA
2023-05-22 15:21:06.0123| INFO|      ConfigurationLogger|	Utilisateur : berne.l
2023-05-22 15:21:06.0123| INFO|      ConfigurationLogger|	Utilisateur : berrez.r
2023-05-22 15:21:06.0123| INFO|      ConfigurationLogger|	Utilisateur : chartier.j
2023-05-22 15:21:06.0123| INFO|      ConfigurationLogger|	Utilisateur : cherrier.a
2023-05-22 15:21:06.0123| INFO|      ConfigurationLogger|	Utilisateur : client1
2023-05-22 15:21:06.0123| INFO|      ConfigurationLogger|	Utilisateur : daubourg.j
2023-05-22 15:21:06.0123| INFO|      ConfigurationLogger|	Utilisateur : demaret.l
2023-05-22 15:21:06.0123| INFO|      ConfigurationLogger|	Utilisateur : tasserie.d
2023-05-22 15:21:06.0123| INFO|      ConfigurationLogger|	Scierie : LBL_TEST
2023-05-22 15:21:06.0123| INFO|      ConfigurationLogger|	Utilisateur : berne.l
2023-05-22 15:21:06.0123| INFO|      ConfigurationLogger|	Utilisateur : browaeys.j
2023-05-22 15:21:06.0123| INFO|      ConfigurationLogger|	Utilisateur : client1
2023-05-22 15:21:06.0123| INFO|      ConfigurationLogger|	Utilisateur : demaret.l
2023-05-22 15:21:06.0123| INFO|      ConfigurationLogger|	Utilisateur : tasserie.d
2023-05-22 15:21:06.0123| INFO|      ConfigurationLogger|	Scierie : LBSA
2023-05-22 15:21:06.0123| INFO|      ConfigurationLogger|	Utilisateur : berrez.r
2023-05-22 15:21:06.0123| INFO|      ConfigurationLogger|	Utilisateur : chartier.j
2023-05-22 15:21:06.0123| INFO|      ConfigurationLogger|	Utilisateur : cherrier.a
2023-05-22 15:21:06.0123| INFO|      ConfigurationLogger|	Utilisateur : client1
2023-05-22 15:21:06.0123| INFO|      ConfigurationLogger|	Utilisateur : daubourg.j
2023-05-22 15:21:06.0123| INFO|      ConfigurationLogger|	Utilisateur : demaret.l
2023-05-22 15:21:06.0123| INFO|      ConfigurationLogger|	Utilisateur : tasserie.d
2023-05-22 15:21:06.0123| INFO|      ConfigurationLogger|	Scierie : LBSA_2020-390_DEL
2023-05-22 15:21:06.0123| INFO|      ConfigurationLogger|	Utilisateur : berne.l
2023-05-22 15:21:06.0123| INFO|      ConfigurationLogger|	Utilisateur : berrez.r
2023-05-22 15:21:06.0123| INFO|      ConfigurationLogger|	Utilisateur : browaeys.j
2023-05-22 15:21:06.0123| INFO|      ConfigurationLogger|	Utilisateur : chartier.j
2023-05-22 15:21:06.0123| INFO|      ConfigurationLogger|	Utilisateur : client1
2023-05-22 15:21:06.0123| INFO|      ConfigurationLogger|	Utilisateur : daubourg.j
2023-05-22 15:21:06.0123| INFO|      ConfigurationLogger|	Utilisateur : demaret.l
2023-05-22 15:21:06.0123| INFO|      ConfigurationLogger|	Utilisateur : tasserie.d
2023-05-22 15:21:06.0123| INFO|      ConfigurationLogger|	Scierie : LBSA_2020-390_SAG
2023-05-22 15:21:06.0123| INFO|      ConfigurationLogger|	Utilisateur : berne.l
2023-05-22 15:21:06.0123| INFO|      ConfigurationLogger|	Utilisateur : berrez.r
2023-05-22 15:21:06.0123| INFO|      ConfigurationLogger|	Utilisateur : browaeys.j
2023-05-22 15:21:06.0123| INFO|      ConfigurationLogger|	Utilisateur : chartier.j
2023-05-22 15:21:06.0123| INFO|      ConfigurationLogger|	Utilisateur : client1
2023-05-22 15:21:06.0123| INFO|      ConfigurationLogger|	Utilisateur : daubourg.j
2023-05-22 15:21:06.0123| INFO|      ConfigurationLogger|	Utilisateur : demaret.l
2023-05-22 15:21:06.0123| INFO|      ConfigurationLogger|	Utilisateur : tasserie.d
2023-05-22 15:21:06.0123| INFO|      ConfigurationLogger|	Scierie : LEFEBVRE_2019
2023-05-22 15:21:06.0123| INFO|      ConfigurationLogger|	Utilisateur : berne.l
2023-05-22 15:21:06.0123| INFO|      ConfigurationLogger|	Utilisateur : berrez.r
2023-05-22 15:21:06.0123| INFO|      ConfigurationLogger|	Utilisateur : browaeys.j
2023-05-22 15:21:06.0123| INFO|      ConfigurationLogger|	Utilisateur : chartier.j
2023-05-22 15:21:06.0123| INFO|      ConfigurationLogger|	Utilisateur : cherrier.a
2023-05-22 15:21:06.0123| INFO|      ConfigurationLogger|	Utilisateur : client1
2023-05-22 15:21:06.0123| INFO|      ConfigurationLogger|	Utilisateur : daubourg.j
2023-05-22 15:21:06.0123| INFO|      ConfigurationLogger|	Utilisateur : demaret.l
2023-05-22 15:21:06.0123| INFO|      ConfigurationLogger|	Utilisateur : tasserie.d
2023-05-22 15:21:06.0123| INFO|      ConfigurationLogger|	Scierie : LEFEBVRE_PLOTS_2008
2023-05-22 15:21:06.0123| INFO|      ConfigurationLogger|	Utilisateur : berne.l
2023-05-22 15:21:06.0123| INFO|      ConfigurationLogger|	Utilisateur : berrez.r
2023-05-22 15:21:06.0123| INFO|      ConfigurationLogger|	Utilisateur : browaeys.j
2023-05-22 15:21:06.0123| INFO|      ConfigurationLogger|	Utilisateur : chartier.j
2023-05-22 15:21:06.0123| INFO|      ConfigurationLogger|	Utilisateur : client1
2023-05-22 15:21:06.0123| INFO|      ConfigurationLogger|	Utilisateur : daubourg.j
2023-05-22 15:21:06.0123| INFO|      ConfigurationLogger|	Utilisateur : demaret.l
2023-05-22 15:21:06.0123| INFO|      ConfigurationLogger|	Utilisateur : tasserie.d
2023-05-22 15:21:06.0123| INFO|      ConfigurationLogger|	Scierie : LEICHTNAM_2019-382
2023-05-22 15:21:06.0123| INFO|      ConfigurationLogger|	Utilisateur : berne.l
2023-05-22 15:21:06.0123| INFO|      ConfigurationLogger|	Utilisateur : berrez.r
2023-05-22 15:21:06.0123| INFO|      ConfigurationLogger|	Utilisateur : chartier.j
2023-05-22 15:21:06.0123| INFO|      ConfigurationLogger|	Utilisateur : cherrier.a
2023-05-22 15:21:06.0123| INFO|      ConfigurationLogger|	Utilisateur : client1
2023-05-22 15:21:06.0123| INFO|      ConfigurationLogger|	Utilisateur : daubourg.j
2023-05-22 15:21:06.0123| INFO|      ConfigurationLogger|	Utilisateur : demaret.l
2023-05-22 15:21:06.0123| INFO|      ConfigurationLogger|	Utilisateur : tasserie.d
2023-05-22 15:21:06.0123| INFO|      ConfigurationLogger|	Scierie : LESBATS_2021-425
2023-05-22 15:21:06.0123| INFO|      ConfigurationLogger|	Utilisateur : berne.l
2023-05-22 15:21:06.0123| INFO|      ConfigurationLogger|	Utilisateur : berrez.r
2023-05-22 15:21:06.0123| INFO|      ConfigurationLogger|	Utilisateur : browaeys.j
2023-05-22 15:21:06.0123| INFO|      ConfigurationLogger|	Utilisateur : chartier.j
2023-05-22 15:21:06.0123| INFO|      ConfigurationLogger|	Utilisateur : client1
2023-05-22 15:21:06.0123| INFO|      ConfigurationLogger|	Utilisateur : daubourg.j
2023-05-22 15:21:06.0123| INFO|      ConfigurationLogger|	Utilisateur : demaret.l
2023-05-22 15:21:06.0123| INFO|      ConfigurationLogger|	Utilisateur : tasserie.d
2023-05-22 15:21:06.0123| INFO|      ConfigurationLogger|	Scierie : LEYGE_2022-465
2023-05-22 15:21:06.0123| INFO|      ConfigurationLogger|	Utilisateur : berne.l
2023-05-22 15:21:06.0123| INFO|      ConfigurationLogger|	Utilisateur : berrez.r
2023-05-22 15:21:06.0123| INFO|      ConfigurationLogger|	Utilisateur : browaeys.j
2023-05-22 15:21:06.0123| INFO|      ConfigurationLogger|	Utilisateur : chartier.j
2023-05-22 15:21:06.0123| INFO|      ConfigurationLogger|	Utilisateur : client1
2023-05-22 15:21:06.0123| INFO|      ConfigurationLogger|	Utilisateur : daubourg.j
2023-05-22 15:21:06.0123| INFO|      ConfigurationLogger|	Utilisateur : demaret.l
2023-05-22 15:21:06.0123| INFO|      ConfigurationLogger|	Utilisateur : tasserie.d
2023-05-22 15:21:06.0123| INFO|      ConfigurationLogger|	Scierie : LION
2023-05-22 15:21:06.0123| INFO|      ConfigurationLogger|	Utilisateur : berne.l
2023-05-22 15:21:06.0123| INFO|      ConfigurationLogger|	Utilisateur : berrez.r
2023-05-22 15:21:06.0123| INFO|      ConfigurationLogger|	Utilisateur : browaeys.j
2023-05-22 15:21:06.0123| INFO|      ConfigurationLogger|	Utilisateur : chartier.j
2023-05-22 15:21:06.0123| INFO|      ConfigurationLogger|	Utilisateur : client1
2023-05-22 15:21:06.0123| INFO|      ConfigurationLogger|	Utilisateur : daubourg.j
2023-05-22 15:21:06.0123| INFO|      ConfigurationLogger|	Utilisateur : demaret.l
2023-05-22 15:21:06.0123| INFO|      ConfigurationLogger|	Utilisateur : ecran.info
2023-05-22 15:21:06.0123| INFO|      ConfigurationLogger|	Utilisateur : tasserie.d
2023-05-22 15:21:06.0123| INFO|      ConfigurationLogger|	Scierie : MATHIEU_2022-459
2023-05-22 15:21:06.0123| INFO|      ConfigurationLogger|	Utilisateur : berne.l
2023-05-22 15:21:06.0123| INFO|      ConfigurationLogger|	Utilisateur : berrez.r
2023-05-22 15:21:06.0123| INFO|      ConfigurationLogger|	Utilisateur : browaeys.j
2023-05-22 15:21:06.0123| INFO|      ConfigurationLogger|	Utilisateur : chartier.j
2023-05-22 15:21:06.0123| INFO|      ConfigurationLogger|	Utilisateur : client1
2023-05-22 15:21:06.0123| INFO|      ConfigurationLogger|	Utilisateur : daubourg.j
2023-05-22 15:21:06.0123| INFO|      ConfigurationLogger|	Utilisateur : demaret.l
2023-05-22 15:21:06.0123| INFO|      ConfigurationLogger|	Utilisateur : tasserie.d
2023-05-22 15:21:06.0123| INFO|      ConfigurationLogger|	Scierie : MENDOZA_DEL_2019
2023-05-22 15:21:06.0123| INFO|      ConfigurationLogger|	Utilisateur : berne.l
2023-05-22 15:21:06.0123| INFO|      ConfigurationLogger|	Utilisateur : berrez.r
2023-05-22 15:21:06.0123| INFO|      ConfigurationLogger|	Utilisateur : browaeys.j
2023-05-22 15:21:06.0123| INFO|      ConfigurationLogger|	Utilisateur : chartier.j
2023-05-22 15:21:06.0123| INFO|      ConfigurationLogger|	Utilisateur : client1
2023-05-22 15:21:06.0123| INFO|      ConfigurationLogger|	Utilisateur : daubourg.j
2023-05-22 15:21:06.0123| INFO|      ConfigurationLogger|	Utilisateur : demaret.l
2023-05-22 15:21:06.0123| INFO|      ConfigurationLogger|	Utilisateur : tasserie.d
2023-05-22 15:21:06.0123| INFO|      ConfigurationLogger|	Scierie : MEPONTE_DEL_2019
2023-05-22 15:21:06.0123| INFO|      ConfigurationLogger|	Utilisateur : berrez.r
2023-05-22 15:21:06.0123| INFO|      ConfigurationLogger|	Utilisateur : chartier.j
2023-05-22 15:21:06.0123| INFO|      ConfigurationLogger|	Utilisateur : cherrier.a
2023-05-22 15:21:06.0123| INFO|      ConfigurationLogger|	Utilisateur : client1
2023-05-22 15:21:06.0123| INFO|      ConfigurationLogger|	Utilisateur : daubourg.j
2023-05-22 15:21:06.0123| INFO|      ConfigurationLogger|	Utilisateur : tasserie.d
2023-05-22 15:21:06.0123| INFO|      ConfigurationLogger|	Scierie : MEYRUEIX_2017-317
2023-05-22 15:21:06.0123| INFO|      ConfigurationLogger|	Utilisateur : berne.l
2023-05-22 15:21:06.0123| INFO|      ConfigurationLogger|	Utilisateur : berrez.r
2023-05-22 15:21:06.0123| INFO|      ConfigurationLogger|	Utilisateur : chartier.j
2023-05-22 15:21:06.0123| INFO|      ConfigurationLogger|	Utilisateur : cherrier.a
2023-05-22 15:21:06.0123| INFO|      ConfigurationLogger|	Utilisateur : client1
2023-05-22 15:21:06.0123| INFO|      ConfigurationLogger|	Utilisateur : daubourg.j
2023-05-22 15:21:06.0123| INFO|      ConfigurationLogger|	Utilisateur : demaret.l
2023-05-22 15:21:06.0123| INFO|      ConfigurationLogger|	Utilisateur : tasserie.d
2023-05-22 15:21:06.0123| INFO|      ConfigurationLogger|	Scierie : MOSAIC_2021_450
2023-05-22 15:21:06.0123| INFO|      ConfigurationLogger|	Utilisateur : berne.l
2023-05-22 15:21:06.0123| INFO|      ConfigurationLogger|	Utilisateur : berrez.r
2023-05-22 15:21:06.0123| INFO|      ConfigurationLogger|	Utilisateur : browaeys.j
2023-05-22 15:21:06.0123| INFO|      ConfigurationLogger|	Utilisateur : chartier.j
2023-05-22 15:21:06.0123| INFO|      ConfigurationLogger|	Utilisateur : client1
2023-05-22 15:21:06.0123| INFO|      ConfigurationLogger|	Utilisateur : daubourg.j
2023-05-22 15:21:06.0123| INFO|      ConfigurationLogger|	Utilisateur : demaret.l
2023-05-22 15:21:06.0123| INFO|      ConfigurationLogger|	Utilisateur : gautey
2023-05-22 15:21:06.0123| INFO|      ConfigurationLogger|	Utilisateur : tasserie.d
2023-05-22 15:21:06.0123| INFO|      ConfigurationLogger|	Scierie : OHNEMUS_2020-399
2023-05-22 15:21:06.0123| INFO|      ConfigurationLogger|	Utilisateur : berne.l
2023-05-22 15:21:06.0123| INFO|      ConfigurationLogger|	Utilisateur : berrez.r
2023-05-22 15:21:06.0123| INFO|      ConfigurationLogger|	Utilisateur : browaeys.j
2023-05-22 15:21:06.0123| INFO|      ConfigurationLogger|	Utilisateur : chartier.j
2023-05-22 15:21:06.0123| INFO|      ConfigurationLogger|	Utilisateur : cherrier.a
2023-05-22 15:21:06.0123| INFO|      ConfigurationLogger|	Utilisateur : client1
2023-05-22 15:21:06.0123| INFO|      ConfigurationLogger|	Utilisateur : daubourg.j
2023-05-22 15:21:06.0123| INFO|      ConfigurationLogger|	Utilisateur : demaret.l
2023-05-22 15:21:06.0123| INFO|      ConfigurationLogger|	Utilisateur : tasserie.d
2023-05-22 15:21:06.0123| INFO|      ConfigurationLogger|	Scierie : ORIEL
2023-05-22 15:21:06.0123| INFO|      ConfigurationLogger|	Utilisateur : berne.l
2023-05-22 15:21:06.0123| INFO|      ConfigurationLogger|	Utilisateur : berrez.r
2023-05-22 15:21:06.0123| INFO|      ConfigurationLogger|	Utilisateur : browaeys.j
2023-05-22 15:21:06.0123| INFO|      ConfigurationLogger|	Utilisateur : chartier.j
2023-05-22 15:21:06.0123| INFO|      ConfigurationLogger|	Utilisateur : client1
2023-05-22 15:21:06.0123| INFO|      ConfigurationLogger|	Utilisateur : daubourg.j
2023-05-22 15:21:06.0123| INFO|      ConfigurationLogger|	Utilisateur : demaret.l
2023-05-22 15:21:06.0123| INFO|      ConfigurationLogger|	Utilisateur : tasserie.d
2023-05-22 15:21:06.0123| INFO|      ConfigurationLogger|	Scierie : ORIEL_2021-454
2023-05-22 15:21:06.0123| INFO|      ConfigurationLogger|	Utilisateur : berne.l
2023-05-22 15:21:06.0123| INFO|      ConfigurationLogger|	Utilisateur : berrez.r
2023-05-22 15:21:06.0123| INFO|      ConfigurationLogger|	Utilisateur : browaeys.j
2023-05-22 15:21:06.0123| INFO|      ConfigurationLogger|	Utilisateur : chartier.j
2023-05-22 15:21:06.0123| INFO|      ConfigurationLogger|	Utilisateur : client1
2023-05-22 15:21:06.0123| INFO|      ConfigurationLogger|	Utilisateur : daubourg.j
2023-05-22 15:21:06.0123| INFO|      ConfigurationLogger|	Utilisateur : demaret.l
2023-05-22 15:21:06.0123| INFO|      ConfigurationLogger|	Utilisateur : tasserie.d
2023-05-22 15:21:06.0123| INFO|      ConfigurationLogger|	Scierie : PAQUIGNON
2023-05-22 15:21:06.0123| INFO|      ConfigurationLogger|	Utilisateur : berrez.r
2023-05-22 15:21:06.0123| INFO|      ConfigurationLogger|	Utilisateur : chartier.j
2023-05-22 15:21:06.0123| INFO|      ConfigurationLogger|	Utilisateur : client1
2023-05-22 15:21:06.0123| INFO|      ConfigurationLogger|	Utilisateur : daubourg.j
2023-05-22 15:21:06.0123| INFO|      ConfigurationLogger|	Utilisateur : demaret.l
2023-05-22 15:21:06.0123| INFO|      ConfigurationLogger|	Utilisateur : tasserie.d
2023-05-22 15:21:06.0123| INFO|      ConfigurationLogger|	Scierie : PONCELET_2022-452
2023-05-22 15:21:06.0123| INFO|      ConfigurationLogger|	Utilisateur : berne.l
2023-05-22 15:21:06.0123| INFO|      ConfigurationLogger|	Utilisateur : berrez.r
2023-05-22 15:21:06.0123| INFO|      ConfigurationLogger|	Utilisateur : browaeys.j
2023-05-22 15:21:06.0123| INFO|      ConfigurationLogger|	Utilisateur : chartier.j
2023-05-22 15:21:06.0123| INFO|      ConfigurationLogger|	Utilisateur : client1
2023-05-22 15:21:06.0123| INFO|      ConfigurationLogger|	Utilisateur : daubourg.j
2023-05-22 15:21:06.0123| INFO|      ConfigurationLogger|	Utilisateur : demaret.l
2023-05-22 15:21:06.0123| INFO|      ConfigurationLogger|	Utilisateur : gautey
2023-05-22 15:21:06.0123| INFO|      ConfigurationLogger|	Utilisateur : tasserie.d
2023-05-22 15:21:06.0123| INFO|      ConfigurationLogger|	Scierie : PONCIN
2023-05-22 15:21:06.0123| INFO|      ConfigurationLogger|	Utilisateur : berne.l
2023-05-22 15:21:06.0123| INFO|      ConfigurationLogger|	Utilisateur : berrez.r
2023-05-22 15:21:06.0123| INFO|      ConfigurationLogger|	Utilisateur : browaeys.j
2023-05-22 15:21:06.0123| INFO|      ConfigurationLogger|	Utilisateur : chartier.j
2023-05-22 15:21:06.0123| INFO|      ConfigurationLogger|	Utilisateur : cherrier.a
2023-05-22 15:21:06.0123| INFO|      ConfigurationLogger|	Utilisateur : client1
2023-05-22 15:21:06.0123| INFO|      ConfigurationLogger|	Utilisateur : daubourg.j
2023-05-22 15:21:06.0123| INFO|      ConfigurationLogger|	Utilisateur : tasserie.d
2023-05-22 15:21:06.0123| INFO|      ConfigurationLogger|	Scierie : PREMAND
2023-05-22 15:21:06.0123| INFO|      ConfigurationLogger|	Utilisateur : berrez.r
2023-05-22 15:21:06.0123| INFO|      ConfigurationLogger|	Utilisateur : chartier.j
2023-05-22 15:21:06.0123| INFO|      ConfigurationLogger|	Utilisateur : client1
2023-05-22 15:21:06.0123| INFO|      ConfigurationLogger|	Utilisateur : daubourg.j
2023-05-22 15:21:06.0123| INFO|      ConfigurationLogger|	Utilisateur : demaret.l
2023-05-22 15:21:06.0123| INFO|      ConfigurationLogger|	Utilisateur : tasserie.d
2023-05-22 15:21:06.0123| INFO|      ConfigurationLogger|	Scierie : PROVENCE_2021-442
2023-05-22 15:21:06.0123| INFO|      ConfigurationLogger|	Utilisateur : admin
2023-05-22 15:21:06.0123| INFO|      ConfigurationLogger|	Utilisateur : berne.l
2023-05-22 15:21:06.0123| INFO|      ConfigurationLogger|	Utilisateur : berrez.r
2023-05-22 15:21:06.0123| INFO|      ConfigurationLogger|	Utilisateur : chartier.j
2023-05-22 15:21:06.0123| INFO|      ConfigurationLogger|	Utilisateur : cherrier.a
2023-05-22 15:21:06.0123| INFO|      ConfigurationLogger|	Utilisateur : client1
2023-05-22 15:21:06.0123| INFO|      ConfigurationLogger|	Utilisateur : daubourg.j
2023-05-22 15:21:06.0123| INFO|      ConfigurationLogger|	Utilisateur : demaret.l
2023-05-22 15:21:06.0123| INFO|      ConfigurationLogger|	Utilisateur : tasserie.d
2023-05-22 15:21:06.0123| INFO|      ConfigurationLogger|	Scierie : PROVVEDI_2020-423
2023-05-22 15:21:06.0123| INFO|      ConfigurationLogger|	Utilisateur : admin
2023-05-22 15:21:06.0123| INFO|      ConfigurationLogger|	Utilisateur : berne.l
2023-05-22 15:21:06.0123| INFO|      ConfigurationLogger|	Utilisateur : berrez.r
2023-05-22 15:21:06.0123| INFO|      ConfigurationLogger|	Utilisateur : chartier.j
2023-05-22 15:21:06.0123| INFO|      ConfigurationLogger|	Utilisateur : cherrier.a
2023-05-22 15:21:06.0123| INFO|      ConfigurationLogger|	Utilisateur : client1
2023-05-22 15:21:06.0123| INFO|      ConfigurationLogger|	Utilisateur : daubourg.j
2023-05-22 15:21:06.0123| INFO|      ConfigurationLogger|	Utilisateur : demaret.l
2023-05-22 15:21:06.0123| INFO|      ConfigurationLogger|	Utilisateur : tasserie.d
2023-05-22 15:21:06.0123| INFO|      ConfigurationLogger|	Scierie : SAJEB
2023-05-22 15:21:06.0123| INFO|      ConfigurationLogger|	Utilisateur : berne.l
2023-05-22 15:21:06.0123| INFO|      ConfigurationLogger|	Utilisateur : berrez.r
2023-05-22 15:21:06.0123| INFO|      ConfigurationLogger|	Utilisateur : browaeys.j
2023-05-22 15:21:06.0123| INFO|      ConfigurationLogger|	Utilisateur : chartier.j
2023-05-22 15:21:06.0123| INFO|      ConfigurationLogger|	Utilisateur : cherrier.a
2023-05-22 15:21:06.0123| INFO|      ConfigurationLogger|	Utilisateur : client1
2023-05-22 15:21:06.0123| INFO|      ConfigurationLogger|	Utilisateur : daubourg.j
2023-05-22 15:21:06.0123| INFO|      ConfigurationLogger|	Utilisateur : demaret.l
2023-05-22 15:21:06.0123| INFO|      ConfigurationLogger|	Utilisateur : tasserie.d
2023-05-22 15:21:06.0123| INFO|      ConfigurationLogger|	Scierie : SAJEB_2018-343
2023-05-22 15:21:06.0123| INFO|      ConfigurationLogger|	Utilisateur : berne.l
2023-05-22 15:21:06.0123| INFO|      ConfigurationLogger|	Utilisateur : berrez.r
2023-05-22 15:21:06.0123| INFO|      ConfigurationLogger|	Utilisateur : browaeys.j
2023-05-22 15:21:06.0123| INFO|      ConfigurationLogger|	Utilisateur : chartier.j
2023-05-22 15:21:06.0123| INFO|      ConfigurationLogger|	Utilisateur : client1
2023-05-22 15:21:06.0123| INFO|      ConfigurationLogger|	Utilisateur : daubourg.j
2023-05-22 15:21:06.0123| INFO|      ConfigurationLogger|	Utilisateur : demaret.l
2023-05-22 15:21:06.0123| INFO|      ConfigurationLogger|	Utilisateur : tasserie.d
2023-05-22 15:21:06.0123| INFO|      ConfigurationLogger|	Scierie : SALLES
2023-05-22 15:21:06.0123| INFO|      ConfigurationLogger|	Utilisateur : berne.l
2023-05-22 15:21:06.0123| INFO|      ConfigurationLogger|	Utilisateur : berrez.r
2023-05-22 15:21:06.0123| INFO|      ConfigurationLogger|	Utilisateur : browaeys.j
2023-05-22 15:21:06.0123| INFO|      ConfigurationLogger|	Utilisateur : chartier.j
2023-05-22 15:21:06.0123| INFO|      ConfigurationLogger|	Utilisateur : cherrier.a
2023-05-22 15:21:06.0123| INFO|      ConfigurationLogger|	Utilisateur : client1
2023-05-22 15:21:06.0123| INFO|      ConfigurationLogger|	Utilisateur : daubourg.j
2023-05-22 15:21:06.0123| INFO|      ConfigurationLogger|	Utilisateur : demaret.l
2023-05-22 15:21:06.0123| INFO|      ConfigurationLogger|	Utilisateur : tasserie.d
2023-05-22 15:21:06.0123| INFO|      ConfigurationLogger|	Scierie : SANGUINET_2013-157
2023-05-22 15:21:06.0123| INFO|      ConfigurationLogger|	Utilisateur : berrez.r
2023-05-22 15:21:06.0123| INFO|      ConfigurationLogger|	Utilisateur : browaeys.j
2023-05-22 15:21:06.0123| INFO|      ConfigurationLogger|	Utilisateur : chartier.j
2023-05-22 15:21:06.0123| INFO|      ConfigurationLogger|	Utilisateur : client1
2023-05-22 15:21:06.0123| INFO|      ConfigurationLogger|	Utilisateur : daubourg.j
2023-05-22 15:21:06.0123| INFO|      ConfigurationLogger|	Utilisateur : demaret.l
2023-05-22 15:21:06.0123| INFO|      ConfigurationLogger|	Utilisateur : tasserie.d
2023-05-22 15:21:06.0123| INFO|      ConfigurationLogger|	Scierie : SAVINEL_2019-357
2023-05-22 15:21:06.0123| INFO|      ConfigurationLogger|	Utilisateur : berne.l
2023-05-22 15:21:06.0123| INFO|      ConfigurationLogger|	Utilisateur : berrez.r
2023-05-22 15:21:06.0123| INFO|      ConfigurationLogger|	Utilisateur : chartier.j
2023-05-22 15:21:06.0123| INFO|      ConfigurationLogger|	Utilisateur : cherrier.a
2023-05-22 15:21:06.0123| INFO|      ConfigurationLogger|	Utilisateur : client1
2023-05-22 15:21:06.0123| INFO|      ConfigurationLogger|	Utilisateur : daubourg.j
2023-05-22 15:21:06.0123| INFO|      ConfigurationLogger|	Utilisateur : demaret.l
2023-05-22 15:21:06.0123| INFO|      ConfigurationLogger|	Utilisateur : tasserie.d
2023-05-22 15:21:06.0123| INFO|      ConfigurationLogger|	Scierie : SAVOLDELLI_2020-411
2023-05-22 15:21:06.0123| INFO|      ConfigurationLogger|	Utilisateur : berne.l
2023-05-22 15:21:06.0123| INFO|      ConfigurationLogger|	Utilisateur : berrez.r
2023-05-22 15:21:06.0123| INFO|      ConfigurationLogger|	Utilisateur : browaeys.j
2023-05-22 15:21:06.0123| INFO|      ConfigurationLogger|	Utilisateur : chartier.j
2023-05-22 15:21:06.0123| INFO|      ConfigurationLogger|	Utilisateur : cherrier.a
2023-05-22 15:21:06.0123| INFO|      ConfigurationLogger|	Utilisateur : client1
2023-05-22 15:21:06.0123| INFO|      ConfigurationLogger|	Utilisateur : daubourg.j
2023-05-22 15:21:06.0123| INFO|      ConfigurationLogger|	Utilisateur : demaret.l
2023-05-22 15:21:06.0123| INFO|      ConfigurationLogger|	Utilisateur : gautey
2023-05-22 15:21:06.0123| INFO|      ConfigurationLogger|	Scierie : SCHNURR
2023-05-22 15:21:06.0123| INFO|      ConfigurationLogger|	Utilisateur : berrez.r
2023-05-22 15:21:06.0123| INFO|      ConfigurationLogger|	Utilisateur : chartier.j
2023-05-22 15:21:06.0123| INFO|      ConfigurationLogger|	Utilisateur : cherrier.a
2023-05-22 15:21:06.0123| INFO|      ConfigurationLogger|	Utilisateur : client1
2023-05-22 15:21:06.0123| INFO|      ConfigurationLogger|	Utilisateur : daubourg.j
2023-05-22 15:21:06.0123| INFO|      ConfigurationLogger|	Scierie : SIROP_2017-300
2023-05-22 15:21:06.0123| INFO|      ConfigurationLogger|	Utilisateur : berrez.r
2023-05-22 15:21:06.0123| INFO|      ConfigurationLogger|	Utilisateur : chartier.j
2023-05-22 15:21:06.0123| INFO|      ConfigurationLogger|	Utilisateur : cherrier.a
2023-05-22 15:21:06.0123| INFO|      ConfigurationLogger|	Utilisateur : client1
2023-05-22 15:21:06.0123| INFO|      ConfigurationLogger|	Utilisateur : daubourg.j
2023-05-22 15:21:06.0123| INFO|      ConfigurationLogger|	Utilisateur : tasserie.d
2023-05-22 15:21:06.0123| INFO|      ConfigurationLogger|	Scierie : SIROP_BOIS
2023-05-22 15:21:06.0123| INFO|      ConfigurationLogger|	Utilisateur : berrez.r
2023-05-22 15:21:06.0123| INFO|      ConfigurationLogger|	Utilisateur : chartier.j
2023-05-22 15:21:06.0123| INFO|      ConfigurationLogger|	Utilisateur : cherrier.a
2023-05-22 15:21:06.0123| INFO|      ConfigurationLogger|	Utilisateur : client1
2023-05-22 15:21:06.0123| INFO|      ConfigurationLogger|	Utilisateur : daubourg.j
2023-05-22 15:21:06.0123| INFO|      ConfigurationLogger|	Utilisateur : tasserie.d
2023-05-22 15:21:06.0123| INFO|      ConfigurationLogger|	Scierie : SOCQUET
2023-05-22 15:21:06.0123| INFO|      ConfigurationLogger|	Utilisateur : berrez.r
2023-05-22 15:21:06.0123| INFO|      ConfigurationLogger|	Utilisateur : chartier.j
2023-05-22 15:21:06.0123| INFO|      ConfigurationLogger|	Utilisateur : cherrier.a
2023-05-22 15:21:06.0123| INFO|      ConfigurationLogger|	Utilisateur : client1
2023-05-22 15:21:06.0123| INFO|      ConfigurationLogger|	Utilisateur : daubourg.j
2023-05-22 15:21:06.0123| INFO|      ConfigurationLogger|	Scierie : SOUPEAUX_2020-400
2023-05-22 15:21:06.0123| INFO|      ConfigurationLogger|	Utilisateur : berne.l
2023-05-22 15:21:06.0123| INFO|      ConfigurationLogger|	Utilisateur : berrez.r
2023-05-22 15:21:06.0123| INFO|      ConfigurationLogger|	Utilisateur : browaeys.j
2023-05-22 15:21:06.0123| INFO|      ConfigurationLogger|	Utilisateur : chartier.j
2023-05-22 15:21:06.0123| INFO|      ConfigurationLogger|	Utilisateur : cherrier.a
2023-05-22 15:21:06.0123| INFO|      ConfigurationLogger|	Utilisateur : client1
2023-05-22 15:21:06.0123| INFO|      ConfigurationLogger|	Utilisateur : daubourg.j
2023-05-22 15:21:06.0123| INFO|      ConfigurationLogger|	Utilisateur : demaret.l
2023-05-22 15:21:06.0123| INFO|      ConfigurationLogger|	Scierie : SOVALEF
2023-05-22 15:21:06.0123| INFO|      ConfigurationLogger|	Utilisateur : berne.l
2023-05-22 15:21:06.0123| INFO|      ConfigurationLogger|	Utilisateur : berrez.r
2023-05-22 15:21:06.0123| INFO|      ConfigurationLogger|	Utilisateur : chartier.j
2023-05-22 15:21:06.0123| INFO|      ConfigurationLogger|	Utilisateur : client1
2023-05-22 15:21:06.0123| INFO|      ConfigurationLogger|	Utilisateur : daubourg.j
2023-05-22 15:21:06.0123| INFO|      ConfigurationLogger|	Utilisateur : demaret.l
2023-05-22 15:21:06.0123| INFO|      ConfigurationLogger|	Utilisateur : tasserie.d
2023-05-22 15:21:06.0123| INFO|      ConfigurationLogger|	Scierie : SRC_JURA_2022-458
2023-05-22 15:21:06.0123| INFO|      ConfigurationLogger|	Utilisateur : berne.l
2023-05-22 15:21:06.0123| INFO|      ConfigurationLogger|	Utilisateur : berrez.r
2023-05-22 15:21:06.0123| INFO|      ConfigurationLogger|	Utilisateur : browaeys.j
2023-05-22 15:21:06.0123| INFO|      ConfigurationLogger|	Utilisateur : chartier.j
2023-05-22 15:21:06.0123| INFO|      ConfigurationLogger|	Utilisateur : client1
2023-05-22 15:21:06.0123| INFO|      ConfigurationLogger|	Utilisateur : daubourg.j
2023-05-22 15:21:06.0123| INFO|      ConfigurationLogger|	Utilisateur : demaret.l
2023-05-22 15:21:06.0123| INFO|      ConfigurationLogger|	Utilisateur : ecran.info
2023-05-22 15:21:06.0123| INFO|      ConfigurationLogger|	Utilisateur : gautey
2023-05-22 15:21:06.0123| INFO|      ConfigurationLogger|	Utilisateur : tasserie.d
2023-05-22 15:21:06.0123| INFO|      ConfigurationLogger|	Scierie : SYB
2023-05-22 15:21:06.0123| INFO|      ConfigurationLogger|	Utilisateur : berne.l
2023-05-22 15:21:06.0123| INFO|      ConfigurationLogger|	Utilisateur : berrez.r
2023-05-22 15:21:06.0123| INFO|      ConfigurationLogger|	Utilisateur : chartier.j
2023-05-22 15:21:06.0123| INFO|      ConfigurationLogger|	Utilisateur : cherrier.a
2023-05-22 15:21:06.0123| INFO|      ConfigurationLogger|	Utilisateur : client1
2023-05-22 15:21:06.0123| INFO|      ConfigurationLogger|	Utilisateur : daubourg.j
2023-05-22 15:21:06.0123| INFO|      ConfigurationLogger|	Utilisateur : demaret.l
2023-05-22 15:21:06.0123| INFO|      ConfigurationLogger|	Scierie : SYLVABOIS
2023-05-22 15:21:06.0123| INFO|      ConfigurationLogger|	Utilisateur : berrez.r
2023-05-22 15:21:06.0123| INFO|      ConfigurationLogger|	Utilisateur : chartier.j
2023-05-22 15:21:06.0123| INFO|      ConfigurationLogger|	Utilisateur : cherrier.a
2023-05-22 15:21:06.0123| INFO|      ConfigurationLogger|	Utilisateur : client1
2023-05-22 15:21:06.0123| INFO|      ConfigurationLogger|	Utilisateur : daubourg.j
2023-05-22 15:21:06.0123| INFO|      ConfigurationLogger|	Scierie : VDJ_2020-396
2023-05-22 15:21:06.0123| INFO|      ConfigurationLogger|	Utilisateur : berne.l
2023-05-22 15:21:06.0123| INFO|      ConfigurationLogger|	Utilisateur : berrez.r
2023-05-22 15:21:06.0123| INFO|      ConfigurationLogger|	Utilisateur : chartier.j
2023-05-22 15:21:06.0123| INFO|      ConfigurationLogger|	Utilisateur : client1
2023-05-22 15:21:06.0123| INFO|      ConfigurationLogger|	Utilisateur : daubourg.j
2023-05-22 15:21:06.0123| INFO|      ConfigurationLogger|	Utilisateur : demaret.l
2023-05-22 15:21:06.0123| INFO|      ConfigurationLogger|	Utilisateur : tasserie.d
2023-05-22 15:21:06.0123| INFO|      ConfigurationLogger|	Scierie : VERNIS_2019-354_DEL
2023-05-22 15:21:06.0123| INFO|      ConfigurationLogger|	Utilisateur : berne.l
2023-05-22 15:21:06.0123| INFO|      ConfigurationLogger|	Utilisateur : berrez.r
2023-05-22 15:21:06.0123| INFO|      ConfigurationLogger|	Utilisateur : chartier.j
2023-05-22 15:21:06.0123| INFO|      ConfigurationLogger|	Utilisateur : client1
2023-05-22 15:21:06.0123| INFO|      ConfigurationLogger|	Utilisateur : daubourg.j
2023-05-22 15:21:06.0123| INFO|      ConfigurationLogger|	Utilisateur : demaret.l
2023-05-22 15:21:06.0123| INFO|      ConfigurationLogger|	Utilisateur : tasserie.d
2023-05-22 15:21:06.0123| INFO|      ConfigurationLogger|	Scierie : VERNIS_2019-354_SAG
2023-05-22 15:21:06.0123| INFO|      ConfigurationLogger|	Utilisateur : berrez.r
2023-05-22 15:21:06.0123| INFO|      ConfigurationLogger|	Utilisateur : chartier.j
2023-05-22 15:21:06.0123| INFO|      ConfigurationLogger|	Utilisateur : client1
2023-05-22 15:21:06.0123| INFO|      ConfigurationLogger|	Utilisateur : daubourg.j
2023-05-22 15:21:06.0123| INFO|      ConfigurationLogger|	Utilisateur : tasserie.d
2023-05-22 15:21:06.0123| INFO|      ConfigurationLogger|	Scierie : VIGEON
2023-05-22 15:21:06.0123| INFO|      ConfigurationLogger|	Utilisateur : berrez.r
2023-05-22 15:21:06.0123| INFO|      ConfigurationLogger|	Utilisateur : chartier.j
2023-05-22 15:21:06.0123| INFO|      ConfigurationLogger|	Utilisateur : cherrier.a
2023-05-22 15:21:06.0123| INFO|      ConfigurationLogger|	Utilisateur : client1
2023-05-22 15:21:06.0123| INFO|      ConfigurationLogger|	Utilisateur : daubourg.j
2023-05-22 15:21:06.0123| INFO|      ConfigurationLogger|	Utilisateur : tasserie.d
2023-05-22 15:21:06.0123| INFO|      ConfigurationLogger|	Scierie : VirtualLayer3SwitchList
