2022-06-17 09:17:49.0385| INFO|      ConfigurationLogger|Fichier : C:\Users\francois.l\Documents\vpn_config\avant.config
2022-06-17 09:17:49.5222| INFO|      ConfigurationLogger|

Affichage des utilisateurs (17)
2022-06-17 09:17:49.5222| INFO|      ConfigurationLogger|	Utilisateur : berne.l
2022-06-17 09:17:49.5222| INFO|      ConfigurationLogger|	Utilisateur : berrez.r
2022-06-17 09:17:49.5222| INFO|      ConfigurationLogger|	Utilisateur : browaeys.j
2022-06-17 09:17:49.5222| INFO|      ConfigurationLogger|	Utilisateur : chartier.j
2022-06-17 09:17:49.5222| INFO|      ConfigurationLogger|	Utilisateur : client1
2022-06-17 09:17:49.5222| INFO|      ConfigurationLogger|	Utilisateur : daubourg.j
2022-06-17 09:17:49.5222| INFO|      ConfigurationLogger|	Utilisateur : demaret.l
2022-06-17 09:17:49.5222| INFO|      ConfigurationLogger|	Utilisateur : gautey
2022-06-17 09:17:49.5222| INFO|      ConfigurationLogger|	Utilisateur : tasserie.d
2022-06-17 09:17:49.5222| INFO|      ConfigurationLogger|	Utilisateur : Gaypageon.G
2022-06-17 09:17:49.5222| INFO|      ConfigurationLogger|	Utilisateur : cherrier.a
2022-06-17 09:17:49.5222| INFO|      ConfigurationLogger|	Utilisateur : proc_eng
2022-06-17 09:17:49.5222| INFO|      ConfigurationLogger|	Utilisateur : bouche.t
2022-06-17 09:17:49.5222| INFO|      ConfigurationLogger|	Utilisateur : admin
2022-06-17 09:17:49.5222| INFO|      ConfigurationLogger|	Utilisateur : ecran.info
2022-06-17 09:17:49.5222| INFO|      ConfigurationLogger|	Utilisateur : BAJAS.PO
2022-06-17 09:17:49.5222| INFO|      ConfigurationLogger|	Utilisateur : boucaud.c
2022-06-17 09:17:49.5222| INFO|      ConfigurationLogger|

Affichage des scieries (106)
2022-06-17 09:17:49.5222| INFO|      ConfigurationLogger|	Scierie : ADC_2020-383_DEL
2022-06-17 09:17:49.5222| INFO|      ConfigurationLogger|	Scierie : ADC_2020-383_SAG
2022-06-17 09:17:49.5222| INFO|      ConfigurationLogger|	Scierie : ALPES-SUD_2020-408
2022-06-17 09:17:49.5222| INFO|      ConfigurationLogger|	Scierie : BARBIER
2022-06-17 09:17:49.5222| INFO|      ConfigurationLogger|	Scierie : BARBIER-VITTEAUX_SAG
2022-06-17 09:17:49.5222| INFO|      ConfigurationLogger|	Scierie : BARBIER_VITTEAUX_2018-328
2022-06-17 09:17:49.5222| INFO|      ConfigurationLogger|	Scierie : BBF_2017-287
2022-06-17 09:17:49.5222| INFO|      ConfigurationLogger|	Scierie : BEAUVOIR
2022-06-17 09:17:49.5222| INFO|      ConfigurationLogger|	Scierie : BEAUVOIR_SAG_2019
2022-06-17 09:17:49.5222| INFO|      ConfigurationLogger|	Scierie : BESSON_2022-476
2022-06-17 09:17:49.5222| INFO|      ConfigurationLogger|	Scierie : BOTTAREL
2022-06-17 09:17:49.5222| INFO|      ConfigurationLogger|	Scierie : BOUDON
2022-06-17 09:17:49.5222| INFO|      ConfigurationLogger|	Scierie : BSB_2021-417
2022-06-17 09:17:49.5222| INFO|      ConfigurationLogger|	Scierie : CBD_2014-182
2022-06-17 09:17:49.5222| INFO|      ConfigurationLogger|	Scierie : CHAZAL_2018-319
2022-06-17 09:17:49.5222| INFO|      ConfigurationLogger|	Scierie : CHORAIN
2022-06-17 09:17:49.5222| INFO|      ConfigurationLogger|	Scierie : CLERC_SAG_2019
2022-06-17 09:17:49.5222| INFO|      ConfigurationLogger|	Scierie : COLAS_2019-352
2022-06-17 09:17:49.5222| INFO|      ConfigurationLogger|	Scierie : COLLIGNON_1999-471
2022-06-17 09:17:49.5222| INFO|      ConfigurationLogger|	Scierie : COSTEBOIS_2021-421
2022-06-17 09:17:49.5222| INFO|      ConfigurationLogger|	Scierie : COTINEAU_2020-415
2022-06-17 09:17:49.5222| INFO|      ConfigurationLogger|	Scierie : DAMBO_SAG_2019
2022-06-17 09:17:49.5222| INFO|      ConfigurationLogger|	Scierie : DEPOUE
2022-06-17 09:17:49.5222| INFO|      ConfigurationLogger|	Scierie : DESCHASEAUX_2017-296
2022-06-17 09:17:49.5222| INFO|      ConfigurationLogger|	Scierie : DESCHASEAUX_2019-374
2022-06-17 09:17:49.5222| INFO|      ConfigurationLogger|	Scierie : DESPOND
2022-06-17 09:17:49.5222| INFO|      ConfigurationLogger|	Scierie : DUBOT
2022-06-17 09:17:49.5222| INFO|      ConfigurationLogger|	Scierie : FALLETANS_2020-397
2022-06-17 09:17:49.5222| INFO|      ConfigurationLogger|	Scierie : FEUILLADE_2021-444
2022-06-17 09:17:49.5222| INFO|      ConfigurationLogger|	Scierie : FOUCHER
2022-06-17 09:17:49.5222| INFO|      ConfigurationLogger|	Scierie : FOURNIER
2022-06-17 09:17:49.5222| INFO|      ConfigurationLogger|	Scierie : FOURNIER-M_2020-394
2022-06-17 09:17:49.5222| INFO|      ConfigurationLogger|	Scierie : FRATY_2019-380
2022-06-17 09:17:49.5222| INFO|      ConfigurationLogger|	Scierie : GAITEY
2022-06-17 09:17:49.5222| INFO|      ConfigurationLogger|	Scierie : GARMIER
2022-06-17 09:17:49.5222| INFO|      ConfigurationLogger|	Scierie : GASTEBOIS_2020-393
2022-06-17 09:17:49.5222| INFO|      ConfigurationLogger|	Scierie : GATIGNOL
2022-06-17 09:17:49.5222| INFO|      ConfigurationLogger|	Scierie : GAUTEY
2022-06-17 09:17:49.5222| INFO|      ConfigurationLogger|	Scierie : GEVAUDAN
2022-06-17 09:17:49.5222| INFO|      ConfigurationLogger|	Scierie : GEVAUDAN_2018-323
2022-06-17 09:17:49.5222| INFO|      ConfigurationLogger|	Scierie : GOUNY
2022-06-17 09:17:49.5222| INFO|      ConfigurationLogger|	Scierie : GRAVITON
2022-06-17 09:17:49.5222| INFO|      ConfigurationLogger|	Scierie : GSCHWENDTNER_2021-455
2022-06-17 09:17:49.5222| INFO|      ConfigurationLogger|	Scierie : HAUSNER_2019-377
2022-06-17 09:17:49.5222| INFO|      ConfigurationLogger|	Scierie : HAUSNER_2020-395
2022-06-17 09:17:49.5222| INFO|      ConfigurationLogger|	Scierie : HUBERLANT
2022-06-17 09:17:49.5222| INFO|      ConfigurationLogger|	Scierie : HUBERLANT_2021-443
2022-06-17 09:17:49.5222| INFO|      ConfigurationLogger|	Scierie : IHRIG_2019-360
2022-06-17 09:17:49.5222| INFO|      ConfigurationLogger|	Scierie : JURASCIAGES
2022-06-17 09:17:49.5222| INFO|      ConfigurationLogger|	Scierie : JURASCIAGES_2018-345
2022-06-17 09:17:49.5222| INFO|      ConfigurationLogger|	Scierie : Kaizoku
2022-06-17 09:17:49.5222| INFO|      ConfigurationLogger|	Scierie : KODAMABOX
2022-06-17 09:17:49.5222| INFO|      ConfigurationLogger|	Scierie : KUNKEL
2022-06-17 09:17:49.5222| INFO|      ConfigurationLogger|	Scierie : KUNKEL_2017-321
2022-06-17 09:17:49.5222| INFO|      ConfigurationLogger|	Scierie : LABOURIER_2018-315
2022-06-17 09:17:49.5222| INFO|      ConfigurationLogger|	Scierie : LACHIZE_2015
2022-06-17 09:17:49.5222| INFO|      ConfigurationLogger|	Scierie : LANCON
2022-06-17 09:17:49.5222| INFO|      ConfigurationLogger|	Scierie : LANDROU
2022-06-17 09:17:49.5222| INFO|      ConfigurationLogger|	Scierie : LARRANAGA
2022-06-17 09:17:49.5222| INFO|      ConfigurationLogger|	Scierie : LARUE_2021-441
2022-06-17 09:17:49.5222| INFO|      ConfigurationLogger|	Scierie : LAURENT_2022-462
2022-06-17 09:17:49.5222| INFO|      ConfigurationLogger|	Scierie : LBL_BRENTA
2022-06-17 09:17:49.5222| INFO|      ConfigurationLogger|	Scierie : LBL_TEST
2022-06-17 09:17:49.5222| INFO|      ConfigurationLogger|	Scierie : LBSA
2022-06-17 09:17:49.5222| INFO|      ConfigurationLogger|	Scierie : LBSA_2020-390_DEL
2022-06-17 09:17:49.5222| INFO|      ConfigurationLogger|	Scierie : LBSA_2020-390_SAG
2022-06-17 09:17:49.5222| INFO|      ConfigurationLogger|	Scierie : LEFEBVRE_2019
2022-06-17 09:17:49.5222| INFO|      ConfigurationLogger|	Scierie : LEFEBVRE_PLOTS_2008
2022-06-17 09:17:49.5392| INFO|      ConfigurationLogger|	Scierie : LEICHTNAM_2019-382
2022-06-17 09:17:49.5392| INFO|      ConfigurationLogger|	Scierie : LESBATS_2021-425
2022-06-17 09:17:49.5392| INFO|      ConfigurationLogger|	Scierie : LEYGE_2022-465
2022-06-17 09:17:49.5392| INFO|      ConfigurationLogger|	Scierie : LION
2022-06-17 09:17:49.5392| INFO|      ConfigurationLogger|	Scierie : MATHIEU_2022-459
2022-06-17 09:17:49.5392| INFO|      ConfigurationLogger|	Scierie : MENDOZA_DEL_2019
2022-06-17 09:17:49.5392| INFO|      ConfigurationLogger|	Scierie : MEPONTE_DEL_2019
2022-06-17 09:17:49.5392| INFO|      ConfigurationLogger|	Scierie : MEYRUEIX_2017-317
2022-06-17 09:17:49.5392| INFO|      ConfigurationLogger|	Scierie : MOSAIC_2021_450
2022-06-17 09:17:49.5392| INFO|      ConfigurationLogger|	Scierie : OHNEMUS_2020-399
2022-06-17 09:17:49.5392| INFO|      ConfigurationLogger|	Scierie : ORIEL
2022-06-17 09:17:49.5392| INFO|      ConfigurationLogger|	Scierie : ORIEL_2021-454
2022-06-17 09:17:49.5392| INFO|      ConfigurationLogger|	Scierie : PAQUIGNON
2022-06-17 09:17:49.5392| INFO|      ConfigurationLogger|	Scierie : PONCELET_2022-452
2022-06-17 09:17:49.5392| INFO|      ConfigurationLogger|	Scierie : PONCIN
2022-06-17 09:17:49.5392| INFO|      ConfigurationLogger|	Scierie : PREMAND
2022-06-17 09:17:49.5392| INFO|      ConfigurationLogger|	Scierie : PROVENCE_2021-442
2022-06-17 09:17:49.5392| INFO|      ConfigurationLogger|	Scierie : PROVVEDI_2020-423
2022-06-17 09:17:49.5392| INFO|      ConfigurationLogger|	Scierie : SAJEB
2022-06-17 09:17:49.5392| INFO|      ConfigurationLogger|	Scierie : SAJEB_2018-343
2022-06-17 09:17:49.5392| INFO|      ConfigurationLogger|	Scierie : SALLES
2022-06-17 09:17:49.5392| INFO|      ConfigurationLogger|	Scierie : SANGUINET_2013-157
2022-06-17 09:17:49.5392| INFO|      ConfigurationLogger|	Scierie : SAVINEL_2019-357
2022-06-17 09:17:49.5392| INFO|      ConfigurationLogger|	Scierie : SAVOLDELLI_2020-411
2022-06-17 09:17:49.5392| INFO|      ConfigurationLogger|	Scierie : SCHNURR
2022-06-17 09:17:49.5392| INFO|      ConfigurationLogger|	Scierie : SIROP_2017-300
2022-06-17 09:17:49.5392| INFO|      ConfigurationLogger|	Scierie : SIROP_BOIS
2022-06-17 09:17:49.5392| INFO|      ConfigurationLogger|	Scierie : SOCQUET
2022-06-17 09:17:49.5392| INFO|      ConfigurationLogger|	Scierie : SOUPEAUX_2020-400
2022-06-17 09:17:49.5392| INFO|      ConfigurationLogger|	Scierie : SOVALEF
2022-06-17 09:17:49.5392| INFO|      ConfigurationLogger|	Scierie : SRC_JURA_2022-458
2022-06-17 09:17:49.5392| INFO|      ConfigurationLogger|	Scierie : SYB
2022-06-17 09:17:49.5392| INFO|      ConfigurationLogger|	Scierie : SYLVABOIS
2022-06-17 09:17:49.5392| INFO|      ConfigurationLogger|	Scierie : VDJ_2020-396
2022-06-17 09:17:49.5392| INFO|      ConfigurationLogger|	Scierie : VERNIS_2019-354_DEL
2022-06-17 09:17:49.5392| INFO|      ConfigurationLogger|	Scierie : VERNIS_2019-354_SAG
2022-06-17 09:17:49.5392| INFO|      ConfigurationLogger|	Scierie : VIGEON
2022-06-17 09:17:49.5392| INFO|      ConfigurationLogger|	Scierie : VirtualLayer3SwitchList
2022-06-17 09:17:49.5392| INFO|      ConfigurationLogger|

Affichage des résultats
2022-06-17 09:17:49.5392| INFO|      ConfigurationLogger|	Scierie : ADC_2020-383_DEL
2022-06-17 09:17:49.5392| INFO|      ConfigurationLogger|	Utilisateur : berne.l
2022-06-17 09:17:49.5392| INFO|      ConfigurationLogger|	Utilisateur : berrez.r
2022-06-17 09:17:49.5392| INFO|      ConfigurationLogger|	Utilisateur : browaeys.j
2022-06-17 09:17:49.5392| INFO|      ConfigurationLogger|	Utilisateur : chartier.j
2022-06-17 09:17:49.5392| INFO|      ConfigurationLogger|	Utilisateur : client1
2022-06-17 09:17:49.5392| INFO|      ConfigurationLogger|	Utilisateur : daubourg.j
2022-06-17 09:17:49.5392| INFO|      ConfigurationLogger|	Utilisateur : demaret.l
2022-06-17 09:17:49.5392| INFO|      ConfigurationLogger|	Utilisateur : gautey
2022-06-17 09:17:49.5392| INFO|      ConfigurationLogger|	Utilisateur : tasserie.d
2022-06-17 09:17:49.5392| INFO|      ConfigurationLogger|	Scierie : ADC_2020-383_SAG
2022-06-17 09:17:49.5392| INFO|      ConfigurationLogger|	Utilisateur : berne.l
2022-06-17 09:17:49.5392| INFO|      ConfigurationLogger|	Utilisateur : berrez.r
2022-06-17 09:17:49.5392| INFO|      ConfigurationLogger|	Utilisateur : browaeys.j
2022-06-17 09:17:49.5392| INFO|      ConfigurationLogger|	Utilisateur : chartier.j
2022-06-17 09:17:49.5392| INFO|      ConfigurationLogger|	Utilisateur : client1
2022-06-17 09:17:49.5392| INFO|      ConfigurationLogger|	Utilisateur : daubourg.j
2022-06-17 09:17:49.5392| INFO|      ConfigurationLogger|	Utilisateur : demaret.l
2022-06-17 09:17:49.5392| INFO|      ConfigurationLogger|	Utilisateur : tasserie.d
2022-06-17 09:17:49.5392| INFO|      ConfigurationLogger|	Scierie : ALPES-SUD_2020-408
2022-06-17 09:17:49.5392| INFO|      ConfigurationLogger|	Utilisateur : berne.l
2022-06-17 09:17:49.5392| INFO|      ConfigurationLogger|	Utilisateur : berrez.r
2022-06-17 09:17:49.5392| INFO|      ConfigurationLogger|	Utilisateur : browaeys.j
2022-06-17 09:17:49.5392| INFO|      ConfigurationLogger|	Utilisateur : chartier.j
2022-06-17 09:17:49.5392| INFO|      ConfigurationLogger|	Utilisateur : client1
2022-06-17 09:17:49.5392| INFO|      ConfigurationLogger|	Utilisateur : daubourg.j
2022-06-17 09:17:49.5392| INFO|      ConfigurationLogger|	Utilisateur : demaret.l
2022-06-17 09:17:49.5392| INFO|      ConfigurationLogger|	Utilisateur : Gaypageon.G
2022-06-17 09:17:49.5392| INFO|      ConfigurationLogger|	Utilisateur : tasserie.d
2022-06-17 09:17:49.5392| INFO|      ConfigurationLogger|	Scierie : BARBIER
2022-06-17 09:17:49.5392| INFO|      ConfigurationLogger|	Utilisateur : berrez.r
2022-06-17 09:17:49.5392| INFO|      ConfigurationLogger|	Utilisateur : chartier.j
2022-06-17 09:17:49.5392| INFO|      ConfigurationLogger|	Utilisateur : client1
2022-06-17 09:17:49.5392| INFO|      ConfigurationLogger|	Utilisateur : daubourg.j
2022-06-17 09:17:49.5392| INFO|      ConfigurationLogger|	Utilisateur : tasserie.d
2022-06-17 09:17:49.5392| INFO|      ConfigurationLogger|	Scierie : BARBIER-VITTEAUX_SAG
2022-06-17 09:17:49.5392| INFO|      ConfigurationLogger|	Utilisateur : berrez.r
2022-06-17 09:17:49.5392| INFO|      ConfigurationLogger|	Utilisateur : chartier.j
2022-06-17 09:17:49.5392| INFO|      ConfigurationLogger|	Utilisateur : client1
2022-06-17 09:17:49.5392| INFO|      ConfigurationLogger|	Utilisateur : daubourg.j
2022-06-17 09:17:49.5392| INFO|      ConfigurationLogger|	Utilisateur : tasserie.d
2022-06-17 09:17:49.5392| INFO|      ConfigurationLogger|	Scierie : BARBIER_VITTEAUX_2018-328
2022-06-17 09:17:49.5392| INFO|      ConfigurationLogger|	Utilisateur : berne.l
2022-06-17 09:17:49.5392| INFO|      ConfigurationLogger|	Utilisateur : berrez.r
2022-06-17 09:17:49.5392| INFO|      ConfigurationLogger|	Utilisateur : browaeys.j
2022-06-17 09:17:49.5392| INFO|      ConfigurationLogger|	Utilisateur : chartier.j
2022-06-17 09:17:49.5392| INFO|      ConfigurationLogger|	Utilisateur : cherrier.a
2022-06-17 09:17:49.5392| INFO|      ConfigurationLogger|	Utilisateur : client1
2022-06-17 09:17:49.5392| INFO|      ConfigurationLogger|	Utilisateur : daubourg.j
2022-06-17 09:17:49.5392| INFO|      ConfigurationLogger|	Utilisateur : demaret.l
2022-06-17 09:17:49.5392| INFO|      ConfigurationLogger|	Utilisateur : gautey
2022-06-17 09:17:49.5392| INFO|      ConfigurationLogger|	Utilisateur : tasserie.d
2022-06-17 09:17:49.5392| INFO|      ConfigurationLogger|	Scierie : BBF_2017-287
2022-06-17 09:17:49.5392| INFO|      ConfigurationLogger|	Utilisateur : berne.l
2022-06-17 09:17:49.5392| INFO|      ConfigurationLogger|	Utilisateur : berrez.r
2022-06-17 09:17:49.5392| INFO|      ConfigurationLogger|	Utilisateur : browaeys.j
2022-06-17 09:17:49.5392| INFO|      ConfigurationLogger|	Utilisateur : chartier.j
2022-06-17 09:17:49.5392| INFO|      ConfigurationLogger|	Utilisateur : client1
2022-06-17 09:17:49.5392| INFO|      ConfigurationLogger|	Utilisateur : daubourg.j
2022-06-17 09:17:49.5392| INFO|      ConfigurationLogger|	Utilisateur : demaret.l
2022-06-17 09:17:49.5392| INFO|      ConfigurationLogger|	Utilisateur : proc_eng
2022-06-17 09:17:49.5392| INFO|      ConfigurationLogger|	Utilisateur : tasserie.d
2022-06-17 09:17:49.5392| INFO|      ConfigurationLogger|	Scierie : BEAUVOIR
2022-06-17 09:17:49.5392| INFO|      ConfigurationLogger|	Utilisateur : berrez.r
2022-06-17 09:17:49.5392| INFO|      ConfigurationLogger|	Utilisateur : chartier.j
2022-06-17 09:17:49.5392| INFO|      ConfigurationLogger|	Utilisateur : client1
2022-06-17 09:17:49.5392| INFO|      ConfigurationLogger|	Utilisateur : daubourg.j
2022-06-17 09:17:49.5392| INFO|      ConfigurationLogger|	Utilisateur : tasserie.d
2022-06-17 09:17:49.5392| INFO|      ConfigurationLogger|	Scierie : BEAUVOIR_SAG_2019
2022-06-17 09:17:49.5392| INFO|      ConfigurationLogger|	Utilisateur : berne.l
2022-06-17 09:17:49.5392| INFO|      ConfigurationLogger|	Utilisateur : berrez.r
2022-06-17 09:17:49.5392| INFO|      ConfigurationLogger|	Utilisateur : chartier.j
2022-06-17 09:17:49.5392| INFO|      ConfigurationLogger|	Utilisateur : cherrier.a
2022-06-17 09:17:49.5392| INFO|      ConfigurationLogger|	Utilisateur : client1
2022-06-17 09:17:49.5392| INFO|      ConfigurationLogger|	Utilisateur : daubourg.j
2022-06-17 09:17:49.5392| INFO|      ConfigurationLogger|	Utilisateur : demaret.l
2022-06-17 09:17:49.5392| INFO|      ConfigurationLogger|	Utilisateur : tasserie.d
2022-06-17 09:17:49.5392| INFO|      ConfigurationLogger|	Scierie : BESSON_2022-476
2022-06-17 09:17:49.5392| INFO|      ConfigurationLogger|	Utilisateur : berne.l
2022-06-17 09:17:49.5392| INFO|      ConfigurationLogger|	Utilisateur : berrez.r
2022-06-17 09:17:49.5392| INFO|      ConfigurationLogger|	Utilisateur : browaeys.j
2022-06-17 09:17:49.5392| INFO|      ConfigurationLogger|	Utilisateur : chartier.j
2022-06-17 09:17:49.5392| INFO|      ConfigurationLogger|	Utilisateur : cherrier.a
2022-06-17 09:17:49.5392| INFO|      ConfigurationLogger|	Utilisateur : client1
2022-06-17 09:17:49.5392| INFO|      ConfigurationLogger|	Utilisateur : daubourg.j
2022-06-17 09:17:49.5392| INFO|      ConfigurationLogger|	Utilisateur : demaret.l
2022-06-17 09:17:49.5392| INFO|      ConfigurationLogger|	Utilisateur : gautey
2022-06-17 09:17:49.5392| INFO|      ConfigurationLogger|	Utilisateur : tasserie.d
2022-06-17 09:17:49.5392| INFO|      ConfigurationLogger|	Scierie : BOTTAREL
2022-06-17 09:17:49.5392| INFO|      ConfigurationLogger|	Utilisateur : berrez.r
2022-06-17 09:17:49.5392| INFO|      ConfigurationLogger|	Utilisateur : chartier.j
2022-06-17 09:17:49.5392| INFO|      ConfigurationLogger|	Utilisateur : client1
2022-06-17 09:17:49.5392| INFO|      ConfigurationLogger|	Utilisateur : daubourg.j
2022-06-17 09:17:49.5392| INFO|      ConfigurationLogger|	Utilisateur : tasserie.d
2022-06-17 09:17:49.5392| INFO|      ConfigurationLogger|	Scierie : BOUDON
2022-06-17 09:17:49.5392| INFO|      ConfigurationLogger|	Utilisateur : berne.l
2022-06-17 09:17:49.5392| INFO|      ConfigurationLogger|	Utilisateur : berrez.r
2022-06-17 09:17:49.5392| INFO|      ConfigurationLogger|	Utilisateur : chartier.j
2022-06-17 09:17:49.5392| INFO|      ConfigurationLogger|	Utilisateur : client1
2022-06-17 09:17:49.5392| INFO|      ConfigurationLogger|	Utilisateur : daubourg.j
2022-06-17 09:17:49.5392| INFO|      ConfigurationLogger|	Utilisateur : demaret.l
2022-06-17 09:17:49.5392| INFO|      ConfigurationLogger|	Utilisateur : tasserie.d
2022-06-17 09:17:49.5392| INFO|      ConfigurationLogger|	Scierie : BSB_2021-417
2022-06-17 09:17:49.5392| INFO|      ConfigurationLogger|	Utilisateur : berne.l
2022-06-17 09:17:49.5392| INFO|      ConfigurationLogger|	Utilisateur : berrez.r
2022-06-17 09:17:49.5392| INFO|      ConfigurationLogger|	Utilisateur : browaeys.j
2022-06-17 09:17:49.5392| INFO|      ConfigurationLogger|	Utilisateur : chartier.j
2022-06-17 09:17:49.5392| INFO|      ConfigurationLogger|	Utilisateur : client1
2022-06-17 09:17:49.5392| INFO|      ConfigurationLogger|	Utilisateur : daubourg.j
2022-06-17 09:17:49.5392| INFO|      ConfigurationLogger|	Utilisateur : demaret.l
2022-06-17 09:17:49.5392| INFO|      ConfigurationLogger|	Utilisateur : tasserie.d
2022-06-17 09:17:49.5392| INFO|      ConfigurationLogger|	Scierie : CBD_2014-182
2022-06-17 09:17:49.5392| INFO|      ConfigurationLogger|	Utilisateur : berne.l
2022-06-17 09:17:49.5392| INFO|      ConfigurationLogger|	Utilisateur : berrez.r
2022-06-17 09:17:49.5392| INFO|      ConfigurationLogger|	Utilisateur : chartier.j
2022-06-17 09:17:49.5392| INFO|      ConfigurationLogger|	Utilisateur : client1
2022-06-17 09:17:49.5392| INFO|      ConfigurationLogger|	Utilisateur : daubourg.j
2022-06-17 09:17:49.5392| INFO|      ConfigurationLogger|	Utilisateur : demaret.l
2022-06-17 09:17:49.5392| INFO|      ConfigurationLogger|	Utilisateur : tasserie.d
2022-06-17 09:17:49.5392| INFO|      ConfigurationLogger|	Scierie : CHAZAL_2018-319
2022-06-17 09:17:49.5392| INFO|      ConfigurationLogger|	Utilisateur : berrez.r
2022-06-17 09:17:49.5392| INFO|      ConfigurationLogger|	Utilisateur : chartier.j
2022-06-17 09:17:49.5392| INFO|      ConfigurationLogger|	Utilisateur : client1
2022-06-17 09:17:49.5392| INFO|      ConfigurationLogger|	Utilisateur : daubourg.j
2022-06-17 09:17:49.5392| INFO|      ConfigurationLogger|	Utilisateur : demaret.l
2022-06-17 09:17:49.5392| INFO|      ConfigurationLogger|	Utilisateur : tasserie.d
2022-06-17 09:17:49.5392| INFO|      ConfigurationLogger|	Scierie : CHORAIN
2022-06-17 09:17:49.5392| INFO|      ConfigurationLogger|	Utilisateur : berne.l
2022-06-17 09:17:49.5392| INFO|      ConfigurationLogger|	Utilisateur : berrez.r
2022-06-17 09:17:49.5392| INFO|      ConfigurationLogger|	Utilisateur : browaeys.j
2022-06-17 09:17:49.5392| INFO|      ConfigurationLogger|	Utilisateur : chartier.j
2022-06-17 09:17:49.5392| INFO|      ConfigurationLogger|	Utilisateur : client1
2022-06-17 09:17:49.5392| INFO|      ConfigurationLogger|	Utilisateur : daubourg.j
2022-06-17 09:17:49.5392| INFO|      ConfigurationLogger|	Utilisateur : demaret.l
2022-06-17 09:17:49.5392| INFO|      ConfigurationLogger|	Utilisateur : tasserie.d
2022-06-17 09:17:49.5392| INFO|      ConfigurationLogger|	Scierie : CLERC_SAG_2019
2022-06-17 09:17:49.5392| INFO|      ConfigurationLogger|	Utilisateur : berne.l
2022-06-17 09:17:49.5392| INFO|      ConfigurationLogger|	Utilisateur : berrez.r
2022-06-17 09:17:49.5392| INFO|      ConfigurationLogger|	Utilisateur : chartier.j
2022-06-17 09:17:49.5392| INFO|      ConfigurationLogger|	Utilisateur : client1
2022-06-17 09:17:49.5392| INFO|      ConfigurationLogger|	Utilisateur : daubourg.j
2022-06-17 09:17:49.5392| INFO|      ConfigurationLogger|	Utilisateur : demaret.l
2022-06-17 09:17:49.5392| INFO|      ConfigurationLogger|	Utilisateur : tasserie.d
2022-06-17 09:17:49.5392| INFO|      ConfigurationLogger|	Scierie : COLAS_2019-352
2022-06-17 09:17:49.5392| INFO|      ConfigurationLogger|	Utilisateur : berne.l
2022-06-17 09:17:49.5392| INFO|      ConfigurationLogger|	Utilisateur : berrez.r
2022-06-17 09:17:49.5392| INFO|      ConfigurationLogger|	Utilisateur : chartier.j
2022-06-17 09:17:49.5392| INFO|      ConfigurationLogger|	Utilisateur : client1
2022-06-17 09:17:49.5392| INFO|      ConfigurationLogger|	Utilisateur : daubourg.j
2022-06-17 09:17:49.5392| INFO|      ConfigurationLogger|	Utilisateur : demaret.l
2022-06-17 09:17:49.5392| INFO|      ConfigurationLogger|	Utilisateur : tasserie.d
2022-06-17 09:17:49.5392| INFO|      ConfigurationLogger|	Scierie : COLLIGNON_1999-471
2022-06-17 09:17:49.5392| INFO|      ConfigurationLogger|	Utilisateur : berrez.r
2022-06-17 09:17:49.5392| INFO|      ConfigurationLogger|	Utilisateur : chartier.j
2022-06-17 09:17:49.5392| INFO|      ConfigurationLogger|	Utilisateur : client1
2022-06-17 09:17:49.5392| INFO|      ConfigurationLogger|	Utilisateur : daubourg.j
2022-06-17 09:17:49.5392| INFO|      ConfigurationLogger|	Utilisateur : demaret.l
2022-06-17 09:17:49.5392| INFO|      ConfigurationLogger|	Utilisateur : tasserie.d
2022-06-17 09:17:49.5392| INFO|      ConfigurationLogger|	Scierie : COSTEBOIS_2021-421
2022-06-17 09:17:49.5392| INFO|      ConfigurationLogger|	Utilisateur : berne.l
2022-06-17 09:17:49.5392| INFO|      ConfigurationLogger|	Utilisateur : berrez.r
2022-06-17 09:17:49.5392| INFO|      ConfigurationLogger|	Utilisateur : browaeys.j
2022-06-17 09:17:49.5392| INFO|      ConfigurationLogger|	Utilisateur : chartier.j
2022-06-17 09:17:49.5392| INFO|      ConfigurationLogger|	Utilisateur : client1
2022-06-17 09:17:49.5392| INFO|      ConfigurationLogger|	Utilisateur : daubourg.j
2022-06-17 09:17:49.5392| INFO|      ConfigurationLogger|	Utilisateur : demaret.l
2022-06-17 09:17:49.5392| INFO|      ConfigurationLogger|	Utilisateur : tasserie.d
2022-06-17 09:17:49.5392| INFO|      ConfigurationLogger|	Scierie : COTINEAU_2020-415
2022-06-17 09:17:49.5392| INFO|      ConfigurationLogger|	Utilisateur : berne.l
2022-06-17 09:17:49.5392| INFO|      ConfigurationLogger|	Utilisateur : berrez.r
2022-06-17 09:17:49.5392| INFO|      ConfigurationLogger|	Utilisateur : browaeys.j
2022-06-17 09:17:49.5392| INFO|      ConfigurationLogger|	Utilisateur : chartier.j
2022-06-17 09:17:49.5392| INFO|      ConfigurationLogger|	Utilisateur : client1
2022-06-17 09:17:49.5392| INFO|      ConfigurationLogger|	Utilisateur : daubourg.j
2022-06-17 09:17:49.5392| INFO|      ConfigurationLogger|	Utilisateur : demaret.l
2022-06-17 09:17:49.5392| INFO|      ConfigurationLogger|	Utilisateur : tasserie.d
2022-06-17 09:17:49.5392| INFO|      ConfigurationLogger|	Scierie : DAMBO_SAG_2019
2022-06-17 09:17:49.5392| INFO|      ConfigurationLogger|	Utilisateur : berne.l
2022-06-17 09:17:49.5392| INFO|      ConfigurationLogger|	Utilisateur : berrez.r
2022-06-17 09:17:49.5392| INFO|      ConfigurationLogger|	Utilisateur : chartier.j
2022-06-17 09:17:49.5392| INFO|      ConfigurationLogger|	Utilisateur : client1
2022-06-17 09:17:49.5392| INFO|      ConfigurationLogger|	Utilisateur : daubourg.j
2022-06-17 09:17:49.5392| INFO|      ConfigurationLogger|	Utilisateur : demaret.l
2022-06-17 09:17:49.5392| INFO|      ConfigurationLogger|	Utilisateur : tasserie.d
2022-06-17 09:17:49.5392| INFO|      ConfigurationLogger|	Scierie : DEPOUE
2022-06-17 09:17:49.5392| INFO|      ConfigurationLogger|	Utilisateur : chartier.j
2022-06-17 09:17:49.5392| INFO|      ConfigurationLogger|	Utilisateur : client1
2022-06-17 09:17:49.5392| INFO|      ConfigurationLogger|	Utilisateur : daubourg.j
2022-06-17 09:17:49.5392| INFO|      ConfigurationLogger|	Utilisateur : tasserie.d
2022-06-17 09:17:49.5392| INFO|      ConfigurationLogger|	Scierie : DESCHASEAUX_2017-296
2022-06-17 09:17:49.5392| INFO|      ConfigurationLogger|	Utilisateur : berne.l
2022-06-17 09:17:49.5392| INFO|      ConfigurationLogger|	Utilisateur : berrez.r
2022-06-17 09:17:49.5392| INFO|      ConfigurationLogger|	Utilisateur : chartier.j
2022-06-17 09:17:49.5392| INFO|      ConfigurationLogger|	Utilisateur : client1
2022-06-17 09:17:49.5392| INFO|      ConfigurationLogger|	Utilisateur : daubourg.j
2022-06-17 09:17:49.5392| INFO|      ConfigurationLogger|	Utilisateur : tasserie.d
2022-06-17 09:17:49.5392| INFO|      ConfigurationLogger|	Scierie : DESCHASEAUX_2019-374
2022-06-17 09:17:49.5392| INFO|      ConfigurationLogger|	Utilisateur : berrez.r
2022-06-17 09:17:49.5392| INFO|      ConfigurationLogger|	Utilisateur : chartier.j
2022-06-17 09:17:49.5392| INFO|      ConfigurationLogger|	Utilisateur : client1
2022-06-17 09:17:49.5392| INFO|      ConfigurationLogger|	Utilisateur : daubourg.j
2022-06-17 09:17:49.5392| INFO|      ConfigurationLogger|	Utilisateur : demaret.l
2022-06-17 09:17:49.5392| INFO|      ConfigurationLogger|	Utilisateur : tasserie.d
2022-06-17 09:17:49.5392| INFO|      ConfigurationLogger|	Scierie : DESPOND
2022-06-17 09:17:49.5392| INFO|      ConfigurationLogger|	Utilisateur : berrez.r
2022-06-17 09:17:49.5392| INFO|      ConfigurationLogger|	Utilisateur : chartier.j
2022-06-17 09:17:49.5392| INFO|      ConfigurationLogger|	Utilisateur : client1
2022-06-17 09:17:49.5392| INFO|      ConfigurationLogger|	Utilisateur : daubourg.j
2022-06-17 09:17:49.5392| INFO|      ConfigurationLogger|	Utilisateur : demaret.l
2022-06-17 09:17:49.5392| INFO|      ConfigurationLogger|	Utilisateur : tasserie.d
2022-06-17 09:17:49.5392| INFO|      ConfigurationLogger|	Scierie : DUBOT
2022-06-17 09:17:49.5392| INFO|      ConfigurationLogger|	Utilisateur : berrez.r
2022-06-17 09:17:49.5392| INFO|      ConfigurationLogger|	Utilisateur : chartier.j
2022-06-17 09:17:49.5392| INFO|      ConfigurationLogger|	Utilisateur : client1
2022-06-17 09:17:49.5392| INFO|      ConfigurationLogger|	Utilisateur : daubourg.j
2022-06-17 09:17:49.5392| INFO|      ConfigurationLogger|	Utilisateur : tasserie.d
2022-06-17 09:17:49.5392| INFO|      ConfigurationLogger|	Scierie : FALLETANS_2020-397
2022-06-17 09:17:49.5392| INFO|      ConfigurationLogger|	Utilisateur : berne.l
2022-06-17 09:17:49.5392| INFO|      ConfigurationLogger|	Utilisateur : berrez.r
2022-06-17 09:17:49.5392| INFO|      ConfigurationLogger|	Utilisateur : browaeys.j
2022-06-17 09:17:49.5392| INFO|      ConfigurationLogger|	Utilisateur : chartier.j
2022-06-17 09:17:49.5392| INFO|      ConfigurationLogger|	Utilisateur : client1
2022-06-17 09:17:49.5392| INFO|      ConfigurationLogger|	Utilisateur : daubourg.j
2022-06-17 09:17:49.5392| INFO|      ConfigurationLogger|	Utilisateur : demaret.l
2022-06-17 09:17:49.5392| INFO|      ConfigurationLogger|	Utilisateur : tasserie.d
2022-06-17 09:17:49.5392| INFO|      ConfigurationLogger|	Scierie : FEUILLADE_2021-444
2022-06-17 09:17:49.5392| INFO|      ConfigurationLogger|	Utilisateur : berne.l
2022-06-17 09:17:49.5392| INFO|      ConfigurationLogger|	Utilisateur : berrez.r
2022-06-17 09:17:49.5392| INFO|      ConfigurationLogger|	Utilisateur : chartier.j
2022-06-17 09:17:49.5392| INFO|      ConfigurationLogger|	Utilisateur : cherrier.a
2022-06-17 09:17:49.5392| INFO|      ConfigurationLogger|	Utilisateur : client1
2022-06-17 09:17:49.5392| INFO|      ConfigurationLogger|	Utilisateur : daubourg.j
2022-06-17 09:17:49.5392| INFO|      ConfigurationLogger|	Utilisateur : demaret.l
2022-06-17 09:17:49.5392| INFO|      ConfigurationLogger|	Utilisateur : tasserie.d
2022-06-17 09:17:49.5392| INFO|      ConfigurationLogger|	Scierie : FOUCHER
2022-06-17 09:17:49.5392| INFO|      ConfigurationLogger|	Utilisateur : berrez.r
2022-06-17 09:17:49.5392| INFO|      ConfigurationLogger|	Utilisateur : chartier.j
2022-06-17 09:17:49.5392| INFO|      ConfigurationLogger|	Utilisateur : client1
2022-06-17 09:17:49.5392| INFO|      ConfigurationLogger|	Utilisateur : daubourg.j
2022-06-17 09:17:49.5392| INFO|      ConfigurationLogger|	Utilisateur : tasserie.d
2022-06-17 09:17:49.5392| INFO|      ConfigurationLogger|	Scierie : FOURNIER
2022-06-17 09:17:49.5392| INFO|      ConfigurationLogger|	Utilisateur : berrez.r
2022-06-17 09:17:49.5392| INFO|      ConfigurationLogger|	Utilisateur : chartier.j
2022-06-17 09:17:49.5392| INFO|      ConfigurationLogger|	Utilisateur : cherrier.a
2022-06-17 09:17:49.5392| INFO|      ConfigurationLogger|	Utilisateur : client1
2022-06-17 09:17:49.5392| INFO|      ConfigurationLogger|	Utilisateur : daubourg.j
2022-06-17 09:17:49.5392| INFO|      ConfigurationLogger|	Utilisateur : tasserie.d
2022-06-17 09:17:49.5392| INFO|      ConfigurationLogger|	Scierie : FOURNIER-M_2020-394
2022-06-17 09:17:49.5392| INFO|      ConfigurationLogger|	Utilisateur : berne.l
2022-06-17 09:17:49.5392| INFO|      ConfigurationLogger|	Utilisateur : berrez.r
2022-06-17 09:17:49.5392| INFO|      ConfigurationLogger|	Utilisateur : browaeys.j
2022-06-17 09:17:49.5392| INFO|      ConfigurationLogger|	Utilisateur : chartier.j
2022-06-17 09:17:49.5392| INFO|      ConfigurationLogger|	Utilisateur : client1
2022-06-17 09:17:49.5392| INFO|      ConfigurationLogger|	Utilisateur : daubourg.j
2022-06-17 09:17:49.5392| INFO|      ConfigurationLogger|	Utilisateur : demaret.l
2022-06-17 09:17:49.5392| INFO|      ConfigurationLogger|	Utilisateur : tasserie.d
2022-06-17 09:17:49.5392| INFO|      ConfigurationLogger|	Scierie : FRATY_2019-380
2022-06-17 09:17:49.5392| INFO|      ConfigurationLogger|	Utilisateur : berne.l
2022-06-17 09:17:49.5392| INFO|      ConfigurationLogger|	Utilisateur : berrez.r
2022-06-17 09:17:49.5392| INFO|      ConfigurationLogger|	Utilisateur : browaeys.j
2022-06-17 09:17:49.5392| INFO|      ConfigurationLogger|	Utilisateur : chartier.j
2022-06-17 09:17:49.5392| INFO|      ConfigurationLogger|	Utilisateur : client1
2022-06-17 09:17:49.5392| INFO|      ConfigurationLogger|	Utilisateur : daubourg.j
2022-06-17 09:17:49.5392| INFO|      ConfigurationLogger|	Utilisateur : demaret.l
2022-06-17 09:17:49.5392| INFO|      ConfigurationLogger|	Utilisateur : tasserie.d
2022-06-17 09:17:49.5392| INFO|      ConfigurationLogger|	Scierie : GAITEY
2022-06-17 09:17:49.5392| INFO|      ConfigurationLogger|	Utilisateur : berrez.r
2022-06-17 09:17:49.5392| INFO|      ConfigurationLogger|	Utilisateur : bouche.t
2022-06-17 09:17:49.5392| INFO|      ConfigurationLogger|	Utilisateur : chartier.j
2022-06-17 09:17:49.5392| INFO|      ConfigurationLogger|	Utilisateur : cherrier.a
2022-06-17 09:17:49.5392| INFO|      ConfigurationLogger|	Utilisateur : client1
2022-06-17 09:17:49.5392| INFO|      ConfigurationLogger|	Utilisateur : daubourg.j
2022-06-17 09:17:49.5392| INFO|      ConfigurationLogger|	Utilisateur : tasserie.d
2022-06-17 09:17:49.5392| INFO|      ConfigurationLogger|	Scierie : GARMIER
2022-06-17 09:17:49.5392| INFO|      ConfigurationLogger|	Utilisateur : berrez.r
2022-06-17 09:17:49.5392| INFO|      ConfigurationLogger|	Utilisateur : browaeys.j
2022-06-17 09:17:49.5392| INFO|      ConfigurationLogger|	Utilisateur : chartier.j
2022-06-17 09:17:49.5392| INFO|      ConfigurationLogger|	Utilisateur : cherrier.a
2022-06-17 09:17:49.5392| INFO|      ConfigurationLogger|	Utilisateur : client1
2022-06-17 09:17:49.5392| INFO|      ConfigurationLogger|	Utilisateur : daubourg.j
2022-06-17 09:17:49.5392| INFO|      ConfigurationLogger|	Utilisateur : demaret.l
2022-06-17 09:17:49.5392| INFO|      ConfigurationLogger|	Utilisateur : tasserie.d
2022-06-17 09:17:49.5392| INFO|      ConfigurationLogger|	Scierie : GASTEBOIS_2020-393
2022-06-17 09:17:49.5392| INFO|      ConfigurationLogger|	Utilisateur : berne.l
2022-06-17 09:17:49.5392| INFO|      ConfigurationLogger|	Utilisateur : berrez.r
2022-06-17 09:17:49.5392| INFO|      ConfigurationLogger|	Utilisateur : chartier.j
2022-06-17 09:17:49.5392| INFO|      ConfigurationLogger|	Utilisateur : client1
2022-06-17 09:17:49.5392| INFO|      ConfigurationLogger|	Utilisateur : daubourg.j
2022-06-17 09:17:49.5392| INFO|      ConfigurationLogger|	Utilisateur : demaret.l
2022-06-17 09:17:49.5392| INFO|      ConfigurationLogger|	Utilisateur : tasserie.d
2022-06-17 09:17:49.5392| INFO|      ConfigurationLogger|	Scierie : GATIGNOL
2022-06-17 09:17:49.5392| INFO|      ConfigurationLogger|	Utilisateur : berne.l
2022-06-17 09:17:49.5392| INFO|      ConfigurationLogger|	Utilisateur : berrez.r
2022-06-17 09:17:49.5392| INFO|      ConfigurationLogger|	Utilisateur : chartier.j
2022-06-17 09:17:49.5392| INFO|      ConfigurationLogger|	Utilisateur : client1
2022-06-17 09:17:49.5392| INFO|      ConfigurationLogger|	Utilisateur : daubourg.j
2022-06-17 09:17:49.5392| INFO|      ConfigurationLogger|	Utilisateur : demaret.l
2022-06-17 09:17:49.5392| INFO|      ConfigurationLogger|	Utilisateur : tasserie.d
2022-06-17 09:17:49.5392| INFO|      ConfigurationLogger|	Scierie : GAUTEY
2022-06-17 09:17:49.5392| INFO|      ConfigurationLogger|	Utilisateur : berne.l
2022-06-17 09:17:49.5392| INFO|      ConfigurationLogger|	Utilisateur : berrez.r
2022-06-17 09:17:49.5392| INFO|      ConfigurationLogger|	Utilisateur : chartier.j
2022-06-17 09:17:49.5392| INFO|      ConfigurationLogger|	Utilisateur : client1
2022-06-17 09:17:49.5392| INFO|      ConfigurationLogger|	Utilisateur : daubourg.j
2022-06-17 09:17:49.5392| INFO|      ConfigurationLogger|	Utilisateur : demaret.l
2022-06-17 09:17:49.5392| INFO|      ConfigurationLogger|	Utilisateur : gautey
2022-06-17 09:17:49.5392| INFO|      ConfigurationLogger|	Utilisateur : tasserie.d
2022-06-17 09:17:49.5392| INFO|      ConfigurationLogger|	Scierie : GEVAUDAN
2022-06-17 09:17:49.5392| INFO|      ConfigurationLogger|	Utilisateur : berrez.r
2022-06-17 09:17:49.5392| INFO|      ConfigurationLogger|	Utilisateur : browaeys.j
2022-06-17 09:17:49.5392| INFO|      ConfigurationLogger|	Utilisateur : chartier.j
2022-06-17 09:17:49.5392| INFO|      ConfigurationLogger|	Utilisateur : cherrier.a
2022-06-17 09:17:49.5392| INFO|      ConfigurationLogger|	Utilisateur : client1
2022-06-17 09:17:49.5392| INFO|      ConfigurationLogger|	Utilisateur : daubourg.j
2022-06-17 09:17:49.5392| INFO|      ConfigurationLogger|	Utilisateur : demaret.l
2022-06-17 09:17:49.5392| INFO|      ConfigurationLogger|	Utilisateur : tasserie.d
2022-06-17 09:17:49.5392| INFO|      ConfigurationLogger|	Scierie : GEVAUDAN_2018-323
2022-06-17 09:17:49.5392| INFO|      ConfigurationLogger|	Utilisateur : berne.l
2022-06-17 09:17:49.5392| INFO|      ConfigurationLogger|	Utilisateur : berrez.r
2022-06-17 09:17:49.5392| INFO|      ConfigurationLogger|	Utilisateur : browaeys.j
2022-06-17 09:17:49.5392| INFO|      ConfigurationLogger|	Utilisateur : chartier.j
2022-06-17 09:17:49.5392| INFO|      ConfigurationLogger|	Utilisateur : client1
2022-06-17 09:17:49.5392| INFO|      ConfigurationLogger|	Utilisateur : daubourg.j
2022-06-17 09:17:49.5392| INFO|      ConfigurationLogger|	Utilisateur : demaret.l
2022-06-17 09:17:49.5392| INFO|      ConfigurationLogger|	Utilisateur : tasserie.d
2022-06-17 09:17:49.5392| INFO|      ConfigurationLogger|	Scierie : GOUNY
2022-06-17 09:17:49.5392| INFO|      ConfigurationLogger|	Utilisateur : berne.l
2022-06-17 09:17:49.5392| INFO|      ConfigurationLogger|	Utilisateur : berrez.r
2022-06-17 09:17:49.5392| INFO|      ConfigurationLogger|	Utilisateur : browaeys.j
2022-06-17 09:17:49.5392| INFO|      ConfigurationLogger|	Utilisateur : chartier.j
2022-06-17 09:17:49.5392| INFO|      ConfigurationLogger|	Utilisateur : client1
2022-06-17 09:17:49.5392| INFO|      ConfigurationLogger|	Utilisateur : daubourg.j
2022-06-17 09:17:49.5392| INFO|      ConfigurationLogger|	Utilisateur : tasserie.d
2022-06-17 09:17:49.5392| INFO|      ConfigurationLogger|	Scierie : GRAVITON
2022-06-17 09:17:49.5392| INFO|      ConfigurationLogger|	Utilisateur : berrez.r
2022-06-17 09:17:49.5392| INFO|      ConfigurationLogger|	Utilisateur : chartier.j
2022-06-17 09:17:49.5392| INFO|      ConfigurationLogger|	Utilisateur : cherrier.a
2022-06-17 09:17:49.5392| INFO|      ConfigurationLogger|	Utilisateur : client1
2022-06-17 09:17:49.5392| INFO|      ConfigurationLogger|	Utilisateur : daubourg.j
2022-06-17 09:17:49.5392| INFO|      ConfigurationLogger|	Utilisateur : tasserie.d
2022-06-17 09:17:49.5392| INFO|      ConfigurationLogger|	Scierie : GSCHWENDTNER_2021-455
2022-06-17 09:17:49.5392| INFO|      ConfigurationLogger|	Utilisateur : berne.l
2022-06-17 09:17:49.5392| INFO|      ConfigurationLogger|	Utilisateur : berrez.r
2022-06-17 09:17:49.5392| INFO|      ConfigurationLogger|	Utilisateur : browaeys.j
2022-06-17 09:17:49.5392| INFO|      ConfigurationLogger|	Utilisateur : chartier.j
2022-06-17 09:17:49.5392| INFO|      ConfigurationLogger|	Utilisateur : cherrier.a
2022-06-17 09:17:49.5392| INFO|      ConfigurationLogger|	Utilisateur : client1
2022-06-17 09:17:49.5392| INFO|      ConfigurationLogger|	Utilisateur : daubourg.j
2022-06-17 09:17:49.5392| INFO|      ConfigurationLogger|	Utilisateur : demaret.l
2022-06-17 09:17:49.5392| INFO|      ConfigurationLogger|	Utilisateur : tasserie.d
2022-06-17 09:17:49.5392| INFO|      ConfigurationLogger|	Scierie : HAUSNER_2019-377
2022-06-17 09:17:49.5392| INFO|      ConfigurationLogger|	Utilisateur : berne.l
2022-06-17 09:17:49.5392| INFO|      ConfigurationLogger|	Utilisateur : berrez.r
2022-06-17 09:17:49.5392| INFO|      ConfigurationLogger|	Utilisateur : browaeys.j
2022-06-17 09:17:49.5392| INFO|      ConfigurationLogger|	Utilisateur : chartier.j
2022-06-17 09:17:49.5392| INFO|      ConfigurationLogger|	Utilisateur : cherrier.a
2022-06-17 09:17:49.5392| INFO|      ConfigurationLogger|	Utilisateur : client1
2022-06-17 09:17:49.5392| INFO|      ConfigurationLogger|	Utilisateur : daubourg.j
2022-06-17 09:17:49.5392| INFO|      ConfigurationLogger|	Utilisateur : demaret.l
2022-06-17 09:17:49.5392| INFO|      ConfigurationLogger|	Utilisateur : tasserie.d
2022-06-17 09:17:49.5392| INFO|      ConfigurationLogger|	Scierie : HAUSNER_2020-395
2022-06-17 09:17:49.5392| INFO|      ConfigurationLogger|	Utilisateur : berne.l
2022-06-17 09:17:49.5392| INFO|      ConfigurationLogger|	Utilisateur : berrez.r
2022-06-17 09:17:49.5392| INFO|      ConfigurationLogger|	Utilisateur : browaeys.j
2022-06-17 09:17:49.5392| INFO|      ConfigurationLogger|	Utilisateur : chartier.j
2022-06-17 09:17:49.5392| INFO|      ConfigurationLogger|	Utilisateur : client1
2022-06-17 09:17:49.5392| INFO|      ConfigurationLogger|	Utilisateur : daubourg.j
2022-06-17 09:17:49.5392| INFO|      ConfigurationLogger|	Utilisateur : demaret.l
2022-06-17 09:17:49.5392| INFO|      ConfigurationLogger|	Utilisateur : tasserie.d
2022-06-17 09:17:49.5392| INFO|      ConfigurationLogger|	Scierie : HUBERLANT
2022-06-17 09:17:49.5392| INFO|      ConfigurationLogger|	Scierie : HUBERLANT_2021-443
2022-06-17 09:17:49.5392| INFO|      ConfigurationLogger|	Utilisateur : BAJAS.PO
2022-06-17 09:17:49.5392| INFO|      ConfigurationLogger|	Utilisateur : berne.l
2022-06-17 09:17:49.5392| INFO|      ConfigurationLogger|	Utilisateur : berrez.r
2022-06-17 09:17:49.5392| INFO|      ConfigurationLogger|	Utilisateur : browaeys.j
2022-06-17 09:17:49.5392| INFO|      ConfigurationLogger|	Utilisateur : chartier.j
2022-06-17 09:17:49.5392| INFO|      ConfigurationLogger|	Utilisateur : client1
2022-06-17 09:17:49.5392| INFO|      ConfigurationLogger|	Utilisateur : daubourg.j
2022-06-17 09:17:49.5392| INFO|      ConfigurationLogger|	Utilisateur : demaret.l
2022-06-17 09:17:49.5392| INFO|      ConfigurationLogger|	Utilisateur : ecran.info
2022-06-17 09:17:49.5392| INFO|      ConfigurationLogger|	Utilisateur : tasserie.d
2022-06-17 09:17:49.5392| INFO|      ConfigurationLogger|	Scierie : IHRIG_2019-360
2022-06-17 09:17:49.5392| INFO|      ConfigurationLogger|	Utilisateur : berrez.r
2022-06-17 09:17:49.5392| INFO|      ConfigurationLogger|	Utilisateur : chartier.j
2022-06-17 09:17:49.5392| INFO|      ConfigurationLogger|	Utilisateur : client1
2022-06-17 09:17:49.5392| INFO|      ConfigurationLogger|	Utilisateur : daubourg.j
2022-06-17 09:17:49.5392| INFO|      ConfigurationLogger|	Utilisateur : tasserie.d
2022-06-17 09:17:49.5392| INFO|      ConfigurationLogger|	Scierie : JURASCIAGES
2022-06-17 09:17:49.5392| INFO|      ConfigurationLogger|	Utilisateur : berne.l
2022-06-17 09:17:49.5392| INFO|      ConfigurationLogger|	Utilisateur : berrez.r
2022-06-17 09:17:49.5392| INFO|      ConfigurationLogger|	Utilisateur : browaeys.j
2022-06-17 09:17:49.5392| INFO|      ConfigurationLogger|	Utilisateur : chartier.j
2022-06-17 09:17:49.5392| INFO|      ConfigurationLogger|	Utilisateur : client1
2022-06-17 09:17:49.5392| INFO|      ConfigurationLogger|	Utilisateur : daubourg.j
2022-06-17 09:17:49.5392| INFO|      ConfigurationLogger|	Utilisateur : demaret.l
2022-06-17 09:17:49.5392| INFO|      ConfigurationLogger|	Utilisateur : tasserie.d
2022-06-17 09:17:49.5392| INFO|      ConfigurationLogger|	Scierie : JURASCIAGES_2018-345
2022-06-17 09:17:49.5392| INFO|      ConfigurationLogger|	Utilisateur : berne.l
2022-06-17 09:17:49.5392| INFO|      ConfigurationLogger|	Utilisateur : berrez.r
2022-06-17 09:17:49.5392| INFO|      ConfigurationLogger|	Utilisateur : browaeys.j
2022-06-17 09:17:49.5392| INFO|      ConfigurationLogger|	Utilisateur : chartier.j
2022-06-17 09:17:49.5392| INFO|      ConfigurationLogger|	Utilisateur : client1
2022-06-17 09:17:49.5392| INFO|      ConfigurationLogger|	Utilisateur : daubourg.j
2022-06-17 09:17:49.5392| INFO|      ConfigurationLogger|	Utilisateur : demaret.l
2022-06-17 09:17:49.5392| INFO|      ConfigurationLogger|	Utilisateur : tasserie.d
2022-06-17 09:17:49.5392| INFO|      ConfigurationLogger|	Scierie : Kaizoku
2022-06-17 09:17:49.5392| INFO|      ConfigurationLogger|	Utilisateur : berne.l
2022-06-17 09:17:49.5392| INFO|      ConfigurationLogger|	Utilisateur : berrez.r
2022-06-17 09:17:49.5392| INFO|      ConfigurationLogger|	Utilisateur : boucaud.c
2022-06-17 09:17:49.5392| INFO|      ConfigurationLogger|	Utilisateur : browaeys.j
2022-06-17 09:17:49.5392| INFO|      ConfigurationLogger|	Utilisateur : client1
2022-06-17 09:17:49.5392| INFO|      ConfigurationLogger|	Utilisateur : demaret.l
2022-06-17 09:17:49.5392| INFO|      ConfigurationLogger|	Utilisateur : Gaypageon.G
2022-06-17 09:17:49.5392| INFO|      ConfigurationLogger|	Utilisateur : tasserie.d
2022-06-17 09:17:49.5392| INFO|      ConfigurationLogger|	Scierie : KODAMABOX
2022-06-17 09:17:49.5392| INFO|      ConfigurationLogger|	Utilisateur : berne.l
2022-06-17 09:17:49.5392| INFO|      ConfigurationLogger|	Utilisateur : berrez.r
2022-06-17 09:17:49.5392| INFO|      ConfigurationLogger|	Utilisateur : browaeys.j
2022-06-17 09:17:49.5392| INFO|      ConfigurationLogger|	Utilisateur : chartier.j
2022-06-17 09:17:49.5392| INFO|      ConfigurationLogger|	Utilisateur : client1
2022-06-17 09:17:49.5392| INFO|      ConfigurationLogger|	Utilisateur : daubourg.j
2022-06-17 09:17:49.5392| INFO|      ConfigurationLogger|	Utilisateur : demaret.l
2022-06-17 09:17:49.5392| INFO|      ConfigurationLogger|	Utilisateur : tasserie.d
2022-06-17 09:17:49.5392| INFO|      ConfigurationLogger|	Scierie : KUNKEL
2022-06-17 09:17:49.5392| INFO|      ConfigurationLogger|	Utilisateur : berne.l
2022-06-17 09:17:49.5392| INFO|      ConfigurationLogger|	Utilisateur : berrez.r
2022-06-17 09:17:49.5392| INFO|      ConfigurationLogger|	Utilisateur : chartier.j
2022-06-17 09:17:49.5392| INFO|      ConfigurationLogger|	Utilisateur : cherrier.a
2022-06-17 09:17:49.5392| INFO|      ConfigurationLogger|	Utilisateur : client1
2022-06-17 09:17:49.5392| INFO|      ConfigurationLogger|	Utilisateur : daubourg.j
2022-06-17 09:17:49.5392| INFO|      ConfigurationLogger|	Utilisateur : demaret.l
2022-06-17 09:17:49.5392| INFO|      ConfigurationLogger|	Utilisateur : tasserie.d
2022-06-17 09:17:49.5392| INFO|      ConfigurationLogger|	Scierie : KUNKEL_2017-321
2022-06-17 09:17:49.5392| INFO|      ConfigurationLogger|	Utilisateur : admin
2022-06-17 09:17:49.5392| INFO|      ConfigurationLogger|	Utilisateur : berne.l
2022-06-17 09:17:49.5392| INFO|      ConfigurationLogger|	Utilisateur : berrez.r
2022-06-17 09:17:49.5392| INFO|      ConfigurationLogger|	Utilisateur : chartier.j
2022-06-17 09:17:49.5392| INFO|      ConfigurationLogger|	Utilisateur : cherrier.a
2022-06-17 09:17:49.5392| INFO|      ConfigurationLogger|	Utilisateur : client1
2022-06-17 09:17:49.5392| INFO|      ConfigurationLogger|	Utilisateur : daubourg.j
2022-06-17 09:17:49.5392| INFO|      ConfigurationLogger|	Utilisateur : demaret.l
2022-06-17 09:17:49.5392| INFO|      ConfigurationLogger|	Utilisateur : tasserie.d
2022-06-17 09:17:49.5392| INFO|      ConfigurationLogger|	Scierie : LABOURIER_2018-315
2022-06-17 09:17:49.5392| INFO|      ConfigurationLogger|	Utilisateur : berne.l
2022-06-17 09:17:49.5392| INFO|      ConfigurationLogger|	Utilisateur : berrez.r
2022-06-17 09:17:49.5392| INFO|      ConfigurationLogger|	Utilisateur : boucaud.c
2022-06-17 09:17:49.5392| INFO|      ConfigurationLogger|	Utilisateur : browaeys.j
2022-06-17 09:17:49.5392| INFO|      ConfigurationLogger|	Utilisateur : chartier.j
2022-06-17 09:17:49.5392| INFO|      ConfigurationLogger|	Utilisateur : client1
2022-06-17 09:17:49.5392| INFO|      ConfigurationLogger|	Utilisateur : daubourg.j
2022-06-17 09:17:49.5392| INFO|      ConfigurationLogger|	Utilisateur : demaret.l
2022-06-17 09:17:49.5392| INFO|      ConfigurationLogger|	Utilisateur : tasserie.d
2022-06-17 09:17:49.5392| INFO|      ConfigurationLogger|	Scierie : LACHIZE_2015
2022-06-17 09:17:49.5392| INFO|      ConfigurationLogger|	Utilisateur : berne.l
2022-06-17 09:17:49.5392| INFO|      ConfigurationLogger|	Utilisateur : berrez.r
2022-06-17 09:17:49.5392| INFO|      ConfigurationLogger|	Utilisateur : chartier.j
2022-06-17 09:17:49.5392| INFO|      ConfigurationLogger|	Utilisateur : cherrier.a
2022-06-17 09:17:49.5392| INFO|      ConfigurationLogger|	Utilisateur : client1
2022-06-17 09:17:49.5392| INFO|      ConfigurationLogger|	Utilisateur : daubourg.j
2022-06-17 09:17:49.5392| INFO|      ConfigurationLogger|	Utilisateur : demaret.l
2022-06-17 09:17:49.5392| INFO|      ConfigurationLogger|	Utilisateur : tasserie.d
2022-06-17 09:17:49.5392| INFO|      ConfigurationLogger|	Scierie : LANCON
2022-06-17 09:17:49.5392| INFO|      ConfigurationLogger|	Utilisateur : berrez.r
2022-06-17 09:17:49.5392| INFO|      ConfigurationLogger|	Utilisateur : chartier.j
2022-06-17 09:17:49.5392| INFO|      ConfigurationLogger|	Utilisateur : cherrier.a
2022-06-17 09:17:49.5392| INFO|      ConfigurationLogger|	Utilisateur : client1
2022-06-17 09:17:49.5392| INFO|      ConfigurationLogger|	Utilisateur : daubourg.j
2022-06-17 09:17:49.5392| INFO|      ConfigurationLogger|	Utilisateur : tasserie.d
2022-06-17 09:17:49.5392| INFO|      ConfigurationLogger|	Scierie : LANDROU
2022-06-17 09:17:49.5392| INFO|      ConfigurationLogger|	Utilisateur : berrez.r
2022-06-17 09:17:49.5392| INFO|      ConfigurationLogger|	Utilisateur : chartier.j
2022-06-17 09:17:49.5392| INFO|      ConfigurationLogger|	Utilisateur : cherrier.a
2022-06-17 09:17:49.5392| INFO|      ConfigurationLogger|	Utilisateur : client1
2022-06-17 09:17:49.5392| INFO|      ConfigurationLogger|	Utilisateur : daubourg.j
2022-06-17 09:17:49.5392| INFO|      ConfigurationLogger|	Utilisateur : tasserie.d
2022-06-17 09:17:49.5392| INFO|      ConfigurationLogger|	Scierie : LARRANAGA
2022-06-17 09:17:49.5392| INFO|      ConfigurationLogger|	Utilisateur : berrez.r
2022-06-17 09:17:49.5392| INFO|      ConfigurationLogger|	Utilisateur : chartier.j
2022-06-17 09:17:49.5392| INFO|      ConfigurationLogger|	Utilisateur : cherrier.a
2022-06-17 09:17:49.5392| INFO|      ConfigurationLogger|	Utilisateur : client1
2022-06-17 09:17:49.5392| INFO|      ConfigurationLogger|	Utilisateur : daubourg.j
2022-06-17 09:17:49.5392| INFO|      ConfigurationLogger|	Utilisateur : tasserie.d
2022-06-17 09:17:49.5392| INFO|      ConfigurationLogger|	Scierie : LARUE_2021-441
2022-06-17 09:17:49.5392| INFO|      ConfigurationLogger|	Utilisateur : berne.l
2022-06-17 09:17:49.5392| INFO|      ConfigurationLogger|	Utilisateur : berrez.r
2022-06-17 09:17:49.5392| INFO|      ConfigurationLogger|	Utilisateur : chartier.j
2022-06-17 09:17:49.5392| INFO|      ConfigurationLogger|	Utilisateur : cherrier.a
2022-06-17 09:17:49.5392| INFO|      ConfigurationLogger|	Utilisateur : client1
2022-06-17 09:17:49.5392| INFO|      ConfigurationLogger|	Utilisateur : daubourg.j
2022-06-17 09:17:49.5392| INFO|      ConfigurationLogger|	Utilisateur : demaret.l
2022-06-17 09:17:49.5392| INFO|      ConfigurationLogger|	Utilisateur : tasserie.d
2022-06-17 09:17:49.5392| INFO|      ConfigurationLogger|	Scierie : LAURENT_2022-462
2022-06-17 09:17:49.5392| INFO|      ConfigurationLogger|	Utilisateur : berne.l
2022-06-17 09:17:49.5392| INFO|      ConfigurationLogger|	Utilisateur : berrez.r
2022-06-17 09:17:49.5392| INFO|      ConfigurationLogger|	Utilisateur : browaeys.j
2022-06-17 09:17:49.5392| INFO|      ConfigurationLogger|	Utilisateur : chartier.j
2022-06-17 09:17:49.5392| INFO|      ConfigurationLogger|	Utilisateur : client1
2022-06-17 09:17:49.5392| INFO|      ConfigurationLogger|	Utilisateur : daubourg.j
2022-06-17 09:17:49.5392| INFO|      ConfigurationLogger|	Utilisateur : demaret.l
2022-06-17 09:17:49.5392| INFO|      ConfigurationLogger|	Utilisateur : tasserie.d
2022-06-17 09:17:49.5392| INFO|      ConfigurationLogger|	Scierie : LBL_BRENTA
2022-06-17 09:17:49.5392| INFO|      ConfigurationLogger|	Utilisateur : berne.l
2022-06-17 09:17:49.5392| INFO|      ConfigurationLogger|	Utilisateur : berrez.r
2022-06-17 09:17:49.5392| INFO|      ConfigurationLogger|	Utilisateur : chartier.j
2022-06-17 09:17:49.5392| INFO|      ConfigurationLogger|	Utilisateur : cherrier.a
2022-06-17 09:17:49.5392| INFO|      ConfigurationLogger|	Utilisateur : client1
2022-06-17 09:17:49.5392| INFO|      ConfigurationLogger|	Utilisateur : daubourg.j
2022-06-17 09:17:49.5392| INFO|      ConfigurationLogger|	Utilisateur : demaret.l
2022-06-17 09:17:49.5392| INFO|      ConfigurationLogger|	Utilisateur : tasserie.d
2022-06-17 09:17:49.5392| INFO|      ConfigurationLogger|	Scierie : LBL_TEST
2022-06-17 09:17:49.5392| INFO|      ConfigurationLogger|	Utilisateur : berne.l
2022-06-17 09:17:49.5392| INFO|      ConfigurationLogger|	Utilisateur : browaeys.j
2022-06-17 09:17:49.5392| INFO|      ConfigurationLogger|	Utilisateur : client1
2022-06-17 09:17:49.5392| INFO|      ConfigurationLogger|	Utilisateur : demaret.l
2022-06-17 09:17:49.5392| INFO|      ConfigurationLogger|	Utilisateur : tasserie.d
2022-06-17 09:17:49.5392| INFO|      ConfigurationLogger|	Scierie : LBSA
2022-06-17 09:17:49.5392| INFO|      ConfigurationLogger|	Utilisateur : berrez.r
2022-06-17 09:17:49.5392| INFO|      ConfigurationLogger|	Utilisateur : chartier.j
2022-06-17 09:17:49.5392| INFO|      ConfigurationLogger|	Utilisateur : cherrier.a
2022-06-17 09:17:49.5392| INFO|      ConfigurationLogger|	Utilisateur : client1
2022-06-17 09:17:49.5392| INFO|      ConfigurationLogger|	Utilisateur : daubourg.j
2022-06-17 09:17:49.5392| INFO|      ConfigurationLogger|	Utilisateur : demaret.l
2022-06-17 09:17:49.5392| INFO|      ConfigurationLogger|	Utilisateur : tasserie.d
2022-06-17 09:17:49.5392| INFO|      ConfigurationLogger|	Scierie : LBSA_2020-390_DEL
2022-06-17 09:17:49.5392| INFO|      ConfigurationLogger|	Utilisateur : berne.l
2022-06-17 09:17:49.5392| INFO|      ConfigurationLogger|	Utilisateur : berrez.r
2022-06-17 09:17:49.5392| INFO|      ConfigurationLogger|	Utilisateur : browaeys.j
2022-06-17 09:17:49.5392| INFO|      ConfigurationLogger|	Utilisateur : chartier.j
2022-06-17 09:17:49.5392| INFO|      ConfigurationLogger|	Utilisateur : client1
2022-06-17 09:17:49.5392| INFO|      ConfigurationLogger|	Utilisateur : daubourg.j
2022-06-17 09:17:49.5392| INFO|      ConfigurationLogger|	Utilisateur : demaret.l
2022-06-17 09:17:49.5392| INFO|      ConfigurationLogger|	Utilisateur : tasserie.d
2022-06-17 09:17:49.5392| INFO|      ConfigurationLogger|	Scierie : LBSA_2020-390_SAG
2022-06-17 09:17:49.5392| INFO|      ConfigurationLogger|	Utilisateur : berne.l
2022-06-17 09:17:49.5392| INFO|      ConfigurationLogger|	Utilisateur : berrez.r
2022-06-17 09:17:49.5392| INFO|      ConfigurationLogger|	Utilisateur : browaeys.j
2022-06-17 09:17:49.5392| INFO|      ConfigurationLogger|	Utilisateur : chartier.j
2022-06-17 09:17:49.5392| INFO|      ConfigurationLogger|	Utilisateur : client1
2022-06-17 09:17:49.5392| INFO|      ConfigurationLogger|	Utilisateur : daubourg.j
2022-06-17 09:17:49.5392| INFO|      ConfigurationLogger|	Utilisateur : demaret.l
2022-06-17 09:17:49.5392| INFO|      ConfigurationLogger|	Utilisateur : tasserie.d
2022-06-17 09:17:49.5392| INFO|      ConfigurationLogger|	Scierie : LEFEBVRE_2019
2022-06-17 09:17:49.5392| INFO|      ConfigurationLogger|	Utilisateur : berne.l
2022-06-17 09:17:49.5392| INFO|      ConfigurationLogger|	Utilisateur : berrez.r
2022-06-17 09:17:49.5392| INFO|      ConfigurationLogger|	Utilisateur : browaeys.j
2022-06-17 09:17:49.5392| INFO|      ConfigurationLogger|	Utilisateur : chartier.j
2022-06-17 09:17:49.5392| INFO|      ConfigurationLogger|	Utilisateur : cherrier.a
2022-06-17 09:17:49.5392| INFO|      ConfigurationLogger|	Utilisateur : client1
2022-06-17 09:17:49.5392| INFO|      ConfigurationLogger|	Utilisateur : daubourg.j
2022-06-17 09:17:49.5392| INFO|      ConfigurationLogger|	Utilisateur : demaret.l
2022-06-17 09:17:49.5392| INFO|      ConfigurationLogger|	Utilisateur : tasserie.d
2022-06-17 09:17:49.5392| INFO|      ConfigurationLogger|	Scierie : LEFEBVRE_PLOTS_2008
2022-06-17 09:17:49.5392| INFO|      ConfigurationLogger|	Utilisateur : berne.l
2022-06-17 09:17:49.5392| INFO|      ConfigurationLogger|	Utilisateur : berrez.r
2022-06-17 09:17:49.5392| INFO|      ConfigurationLogger|	Utilisateur : browaeys.j
2022-06-17 09:17:49.5392| INFO|      ConfigurationLogger|	Utilisateur : chartier.j
2022-06-17 09:17:49.5392| INFO|      ConfigurationLogger|	Utilisateur : client1
2022-06-17 09:17:49.5392| INFO|      ConfigurationLogger|	Utilisateur : daubourg.j
2022-06-17 09:17:49.5392| INFO|      ConfigurationLogger|	Utilisateur : demaret.l
2022-06-17 09:17:49.5392| INFO|      ConfigurationLogger|	Utilisateur : tasserie.d
2022-06-17 09:17:49.5392| INFO|      ConfigurationLogger|	Scierie : LEICHTNAM_2019-382
2022-06-17 09:17:49.5392| INFO|      ConfigurationLogger|	Utilisateur : berne.l
2022-06-17 09:17:49.5392| INFO|      ConfigurationLogger|	Utilisateur : berrez.r
2022-06-17 09:17:49.5392| INFO|      ConfigurationLogger|	Utilisateur : chartier.j
2022-06-17 09:17:49.5392| INFO|      ConfigurationLogger|	Utilisateur : cherrier.a
2022-06-17 09:17:49.5392| INFO|      ConfigurationLogger|	Utilisateur : client1
2022-06-17 09:17:49.5392| INFO|      ConfigurationLogger|	Utilisateur : daubourg.j
2022-06-17 09:17:49.5392| INFO|      ConfigurationLogger|	Utilisateur : demaret.l
2022-06-17 09:17:49.5392| INFO|      ConfigurationLogger|	Utilisateur : tasserie.d
2022-06-17 09:17:49.5392| INFO|      ConfigurationLogger|	Scierie : LESBATS_2021-425
2022-06-17 09:17:49.5392| INFO|      ConfigurationLogger|	Utilisateur : berne.l
2022-06-17 09:17:49.5392| INFO|      ConfigurationLogger|	Utilisateur : berrez.r
2022-06-17 09:17:49.5392| INFO|      ConfigurationLogger|	Utilisateur : browaeys.j
2022-06-17 09:17:49.5392| INFO|      ConfigurationLogger|	Utilisateur : chartier.j
2022-06-17 09:17:49.5392| INFO|      ConfigurationLogger|	Utilisateur : client1
2022-06-17 09:17:49.5392| INFO|      ConfigurationLogger|	Utilisateur : daubourg.j
2022-06-17 09:17:49.5392| INFO|      ConfigurationLogger|	Utilisateur : demaret.l
2022-06-17 09:17:49.5392| INFO|      ConfigurationLogger|	Utilisateur : tasserie.d
2022-06-17 09:17:49.5392| INFO|      ConfigurationLogger|	Scierie : LEYGE_2022-465
2022-06-17 09:17:49.5392| INFO|      ConfigurationLogger|	Utilisateur : berne.l
2022-06-17 09:17:49.5392| INFO|      ConfigurationLogger|	Utilisateur : berrez.r
2022-06-17 09:17:49.5392| INFO|      ConfigurationLogger|	Utilisateur : browaeys.j
2022-06-17 09:17:49.5392| INFO|      ConfigurationLogger|	Utilisateur : chartier.j
2022-06-17 09:17:49.5392| INFO|      ConfigurationLogger|	Utilisateur : client1
2022-06-17 09:17:49.5392| INFO|      ConfigurationLogger|	Utilisateur : daubourg.j
2022-06-17 09:17:49.5392| INFO|      ConfigurationLogger|	Utilisateur : demaret.l
2022-06-17 09:17:49.5392| INFO|      ConfigurationLogger|	Utilisateur : tasserie.d
2022-06-17 09:17:49.5392| INFO|      ConfigurationLogger|	Scierie : LION
2022-06-17 09:17:49.5392| INFO|      ConfigurationLogger|	Utilisateur : berne.l
2022-06-17 09:17:49.5392| INFO|      ConfigurationLogger|	Utilisateur : berrez.r
2022-06-17 09:17:49.5392| INFO|      ConfigurationLogger|	Utilisateur : browaeys.j
2022-06-17 09:17:49.5392| INFO|      ConfigurationLogger|	Utilisateur : chartier.j
2022-06-17 09:17:49.5392| INFO|      ConfigurationLogger|	Utilisateur : client1
2022-06-17 09:17:49.5392| INFO|      ConfigurationLogger|	Utilisateur : daubourg.j
2022-06-17 09:17:49.5392| INFO|      ConfigurationLogger|	Utilisateur : demaret.l
2022-06-17 09:17:49.5392| INFO|      ConfigurationLogger|	Utilisateur : ecran.info
2022-06-17 09:17:49.5392| INFO|      ConfigurationLogger|	Utilisateur : tasserie.d
2022-06-17 09:17:49.5392| INFO|      ConfigurationLogger|	Scierie : MATHIEU_2022-459
2022-06-17 09:17:49.5392| INFO|      ConfigurationLogger|	Utilisateur : berne.l
2022-06-17 09:17:49.5392| INFO|      ConfigurationLogger|	Utilisateur : berrez.r
2022-06-17 09:17:49.5392| INFO|      ConfigurationLogger|	Utilisateur : browaeys.j
2022-06-17 09:17:49.5392| INFO|      ConfigurationLogger|	Utilisateur : chartier.j
2022-06-17 09:17:49.5392| INFO|      ConfigurationLogger|	Utilisateur : client1
2022-06-17 09:17:49.5392| INFO|      ConfigurationLogger|	Utilisateur : daubourg.j
2022-06-17 09:17:49.5392| INFO|      ConfigurationLogger|	Utilisateur : demaret.l
2022-06-17 09:17:49.5392| INFO|      ConfigurationLogger|	Utilisateur : tasserie.d
2022-06-17 09:17:49.5392| INFO|      ConfigurationLogger|	Scierie : MENDOZA_DEL_2019
2022-06-17 09:17:49.5392| INFO|      ConfigurationLogger|	Utilisateur : berne.l
2022-06-17 09:17:49.5392| INFO|      ConfigurationLogger|	Utilisateur : berrez.r
2022-06-17 09:17:49.5392| INFO|      ConfigurationLogger|	Utilisateur : browaeys.j
2022-06-17 09:17:49.5392| INFO|      ConfigurationLogger|	Utilisateur : chartier.j
2022-06-17 09:17:49.5392| INFO|      ConfigurationLogger|	Utilisateur : client1
2022-06-17 09:17:49.5392| INFO|      ConfigurationLogger|	Utilisateur : daubourg.j
2022-06-17 09:17:49.5392| INFO|      ConfigurationLogger|	Utilisateur : demaret.l
2022-06-17 09:17:49.5392| INFO|      ConfigurationLogger|	Utilisateur : tasserie.d
2022-06-17 09:17:49.5392| INFO|      ConfigurationLogger|	Scierie : MEPONTE_DEL_2019
2022-06-17 09:17:49.5392| INFO|      ConfigurationLogger|	Utilisateur : berrez.r
2022-06-17 09:17:49.5392| INFO|      ConfigurationLogger|	Utilisateur : chartier.j
2022-06-17 09:17:49.5392| INFO|      ConfigurationLogger|	Utilisateur : cherrier.a
2022-06-17 09:17:49.5392| INFO|      ConfigurationLogger|	Utilisateur : client1
2022-06-17 09:17:49.5392| INFO|      ConfigurationLogger|	Utilisateur : daubourg.j
2022-06-17 09:17:49.5392| INFO|      ConfigurationLogger|	Utilisateur : tasserie.d
2022-06-17 09:17:49.5392| INFO|      ConfigurationLogger|	Scierie : MEYRUEIX_2017-317
2022-06-17 09:17:49.5392| INFO|      ConfigurationLogger|	Utilisateur : berne.l
2022-06-17 09:17:49.5392| INFO|      ConfigurationLogger|	Utilisateur : berrez.r
2022-06-17 09:17:49.5392| INFO|      ConfigurationLogger|	Utilisateur : chartier.j
2022-06-17 09:17:49.5392| INFO|      ConfigurationLogger|	Utilisateur : cherrier.a
2022-06-17 09:17:49.5392| INFO|      ConfigurationLogger|	Utilisateur : client1
2022-06-17 09:17:49.5392| INFO|      ConfigurationLogger|	Utilisateur : daubourg.j
2022-06-17 09:17:49.5392| INFO|      ConfigurationLogger|	Utilisateur : demaret.l
2022-06-17 09:17:49.5392| INFO|      ConfigurationLogger|	Utilisateur : tasserie.d
2022-06-17 09:17:49.5392| INFO|      ConfigurationLogger|	Scierie : MOSAIC_2021_450
2022-06-17 09:17:49.5392| INFO|      ConfigurationLogger|	Utilisateur : berne.l
2022-06-17 09:17:49.5392| INFO|      ConfigurationLogger|	Utilisateur : berrez.r
2022-06-17 09:17:49.5392| INFO|      ConfigurationLogger|	Utilisateur : browaeys.j
2022-06-17 09:17:49.5392| INFO|      ConfigurationLogger|	Utilisateur : chartier.j
2022-06-17 09:17:49.5392| INFO|      ConfigurationLogger|	Utilisateur : client1
2022-06-17 09:17:49.5392| INFO|      ConfigurationLogger|	Utilisateur : daubourg.j
2022-06-17 09:17:49.5392| INFO|      ConfigurationLogger|	Utilisateur : demaret.l
2022-06-17 09:17:49.5392| INFO|      ConfigurationLogger|	Utilisateur : gautey
2022-06-17 09:17:49.5392| INFO|      ConfigurationLogger|	Utilisateur : tasserie.d
2022-06-17 09:17:49.5392| INFO|      ConfigurationLogger|	Scierie : OHNEMUS_2020-399
2022-06-17 09:17:49.5392| INFO|      ConfigurationLogger|	Utilisateur : berne.l
2022-06-17 09:17:49.5392| INFO|      ConfigurationLogger|	Utilisateur : berrez.r
2022-06-17 09:17:49.5392| INFO|      ConfigurationLogger|	Utilisateur : browaeys.j
2022-06-17 09:17:49.5392| INFO|      ConfigurationLogger|	Utilisateur : chartier.j
2022-06-17 09:17:49.5392| INFO|      ConfigurationLogger|	Utilisateur : cherrier.a
2022-06-17 09:17:49.5392| INFO|      ConfigurationLogger|	Utilisateur : client1
2022-06-17 09:17:49.5392| INFO|      ConfigurationLogger|	Utilisateur : daubourg.j
2022-06-17 09:17:49.5392| INFO|      ConfigurationLogger|	Utilisateur : demaret.l
2022-06-17 09:17:49.5392| INFO|      ConfigurationLogger|	Utilisateur : tasserie.d
2022-06-17 09:17:49.5392| INFO|      ConfigurationLogger|	Scierie : ORIEL
2022-06-17 09:17:49.5392| INFO|      ConfigurationLogger|	Utilisateur : berne.l
2022-06-17 09:17:49.5392| INFO|      ConfigurationLogger|	Utilisateur : berrez.r
2022-06-17 09:17:49.5392| INFO|      ConfigurationLogger|	Utilisateur : browaeys.j
2022-06-17 09:17:49.5392| INFO|      ConfigurationLogger|	Utilisateur : chartier.j
2022-06-17 09:17:49.5392| INFO|      ConfigurationLogger|	Utilisateur : client1
2022-06-17 09:17:49.5392| INFO|      ConfigurationLogger|	Utilisateur : daubourg.j
2022-06-17 09:17:49.5392| INFO|      ConfigurationLogger|	Utilisateur : demaret.l
2022-06-17 09:17:49.5392| INFO|      ConfigurationLogger|	Utilisateur : tasserie.d
2022-06-17 09:17:49.5392| INFO|      ConfigurationLogger|	Scierie : ORIEL_2021-454
2022-06-17 09:17:49.5392| INFO|      ConfigurationLogger|	Utilisateur : berne.l
2022-06-17 09:17:49.5392| INFO|      ConfigurationLogger|	Utilisateur : berrez.r
2022-06-17 09:17:49.5392| INFO|      ConfigurationLogger|	Utilisateur : browaeys.j
2022-06-17 09:17:49.5392| INFO|      ConfigurationLogger|	Utilisateur : chartier.j
2022-06-17 09:17:49.5392| INFO|      ConfigurationLogger|	Utilisateur : client1
2022-06-17 09:17:49.5392| INFO|      ConfigurationLogger|	Utilisateur : daubourg.j
2022-06-17 09:17:49.5392| INFO|      ConfigurationLogger|	Utilisateur : demaret.l
2022-06-17 09:17:49.5392| INFO|      ConfigurationLogger|	Utilisateur : tasserie.d
2022-06-17 09:17:49.5392| INFO|      ConfigurationLogger|	Scierie : PAQUIGNON
2022-06-17 09:17:49.5392| INFO|      ConfigurationLogger|	Utilisateur : berrez.r
2022-06-17 09:17:49.5392| INFO|      ConfigurationLogger|	Utilisateur : chartier.j
2022-06-17 09:17:49.5392| INFO|      ConfigurationLogger|	Utilisateur : client1
2022-06-17 09:17:49.5392| INFO|      ConfigurationLogger|	Utilisateur : daubourg.j
2022-06-17 09:17:49.5392| INFO|      ConfigurationLogger|	Utilisateur : demaret.l
2022-06-17 09:17:49.5392| INFO|      ConfigurationLogger|	Utilisateur : tasserie.d
2022-06-17 09:17:49.5392| INFO|      ConfigurationLogger|	Scierie : PONCELET_2022-452
2022-06-17 09:17:49.5392| INFO|      ConfigurationLogger|	Utilisateur : berne.l
2022-06-17 09:17:49.5392| INFO|      ConfigurationLogger|	Utilisateur : berrez.r
2022-06-17 09:17:49.5392| INFO|      ConfigurationLogger|	Utilisateur : browaeys.j
2022-06-17 09:17:49.5392| INFO|      ConfigurationLogger|	Utilisateur : chartier.j
2022-06-17 09:17:49.5392| INFO|      ConfigurationLogger|	Utilisateur : client1
2022-06-17 09:17:49.5392| INFO|      ConfigurationLogger|	Utilisateur : daubourg.j
2022-06-17 09:17:49.5392| INFO|      ConfigurationLogger|	Utilisateur : demaret.l
2022-06-17 09:17:49.5392| INFO|      ConfigurationLogger|	Utilisateur : gautey
2022-06-17 09:17:49.5392| INFO|      ConfigurationLogger|	Utilisateur : tasserie.d
2022-06-17 09:17:49.5392| INFO|      ConfigurationLogger|	Scierie : PONCIN
2022-06-17 09:17:49.5392| INFO|      ConfigurationLogger|	Utilisateur : berne.l
2022-06-17 09:17:49.5392| INFO|      ConfigurationLogger|	Utilisateur : berrez.r
2022-06-17 09:17:49.5392| INFO|      ConfigurationLogger|	Utilisateur : browaeys.j
2022-06-17 09:17:49.5392| INFO|      ConfigurationLogger|	Utilisateur : chartier.j
2022-06-17 09:17:49.5392| INFO|      ConfigurationLogger|	Utilisateur : cherrier.a
2022-06-17 09:17:49.5392| INFO|      ConfigurationLogger|	Utilisateur : client1
2022-06-17 09:17:49.5392| INFO|      ConfigurationLogger|	Utilisateur : daubourg.j
2022-06-17 09:17:49.5392| INFO|      ConfigurationLogger|	Utilisateur : tasserie.d
2022-06-17 09:17:49.5392| INFO|      ConfigurationLogger|	Scierie : PREMAND
2022-06-17 09:17:49.5392| INFO|      ConfigurationLogger|	Utilisateur : berrez.r
2022-06-17 09:17:49.5392| INFO|      ConfigurationLogger|	Utilisateur : chartier.j
2022-06-17 09:17:49.5392| INFO|      ConfigurationLogger|	Utilisateur : client1
2022-06-17 09:17:49.5392| INFO|      ConfigurationLogger|	Utilisateur : daubourg.j
2022-06-17 09:17:49.5392| INFO|      ConfigurationLogger|	Utilisateur : demaret.l
2022-06-17 09:17:49.5392| INFO|      ConfigurationLogger|	Utilisateur : tasserie.d
2022-06-17 09:17:49.5392| INFO|      ConfigurationLogger|	Scierie : PROVENCE_2021-442
2022-06-17 09:17:49.5392| INFO|      ConfigurationLogger|	Utilisateur : admin
2022-06-17 09:17:49.5392| INFO|      ConfigurationLogger|	Utilisateur : berne.l
2022-06-17 09:17:49.5392| INFO|      ConfigurationLogger|	Utilisateur : berrez.r
2022-06-17 09:17:49.5392| INFO|      ConfigurationLogger|	Utilisateur : chartier.j
2022-06-17 09:17:49.5392| INFO|      ConfigurationLogger|	Utilisateur : cherrier.a
2022-06-17 09:17:49.5392| INFO|      ConfigurationLogger|	Utilisateur : client1
2022-06-17 09:17:49.5392| INFO|      ConfigurationLogger|	Utilisateur : daubourg.j
2022-06-17 09:17:49.5392| INFO|      ConfigurationLogger|	Utilisateur : demaret.l
2022-06-17 09:17:49.5392| INFO|      ConfigurationLogger|	Utilisateur : tasserie.d
2022-06-17 09:17:49.5392| INFO|      ConfigurationLogger|	Scierie : PROVVEDI_2020-423
2022-06-17 09:17:49.5392| INFO|      ConfigurationLogger|	Utilisateur : admin
2022-06-17 09:17:49.5392| INFO|      ConfigurationLogger|	Utilisateur : berne.l
2022-06-17 09:17:49.5392| INFO|      ConfigurationLogger|	Utilisateur : berrez.r
2022-06-17 09:17:49.5392| INFO|      ConfigurationLogger|	Utilisateur : chartier.j
2022-06-17 09:17:49.5392| INFO|      ConfigurationLogger|	Utilisateur : cherrier.a
2022-06-17 09:17:49.5392| INFO|      ConfigurationLogger|	Utilisateur : client1
2022-06-17 09:17:49.5392| INFO|      ConfigurationLogger|	Utilisateur : daubourg.j
2022-06-17 09:17:49.5392| INFO|      ConfigurationLogger|	Utilisateur : demaret.l
2022-06-17 09:17:49.5392| INFO|      ConfigurationLogger|	Utilisateur : tasserie.d
2022-06-17 09:17:49.5392| INFO|      ConfigurationLogger|	Scierie : SAJEB
2022-06-17 09:17:49.5392| INFO|      ConfigurationLogger|	Utilisateur : berne.l
2022-06-17 09:17:49.5392| INFO|      ConfigurationLogger|	Utilisateur : berrez.r
2022-06-17 09:17:49.5392| INFO|      ConfigurationLogger|	Utilisateur : browaeys.j
2022-06-17 09:17:49.5392| INFO|      ConfigurationLogger|	Utilisateur : chartier.j
2022-06-17 09:17:49.5392| INFO|      ConfigurationLogger|	Utilisateur : cherrier.a
2022-06-17 09:17:49.5392| INFO|      ConfigurationLogger|	Utilisateur : client1
2022-06-17 09:17:49.5392| INFO|      ConfigurationLogger|	Utilisateur : daubourg.j
2022-06-17 09:17:49.5392| INFO|      ConfigurationLogger|	Utilisateur : demaret.l
2022-06-17 09:17:49.5392| INFO|      ConfigurationLogger|	Utilisateur : tasserie.d
2022-06-17 09:17:49.5392| INFO|      ConfigurationLogger|	Scierie : SAJEB_2018-343
2022-06-17 09:17:49.5392| INFO|      ConfigurationLogger|	Utilisateur : berne.l
2022-06-17 09:17:49.5392| INFO|      ConfigurationLogger|	Utilisateur : berrez.r
2022-06-17 09:17:49.5392| INFO|      ConfigurationLogger|	Utilisateur : browaeys.j
2022-06-17 09:17:49.5392| INFO|      ConfigurationLogger|	Utilisateur : chartier.j
2022-06-17 09:17:49.5392| INFO|      ConfigurationLogger|	Utilisateur : client1
2022-06-17 09:17:49.5392| INFO|      ConfigurationLogger|	Utilisateur : daubourg.j
2022-06-17 09:17:49.5392| INFO|      ConfigurationLogger|	Utilisateur : demaret.l
2022-06-17 09:17:49.5392| INFO|      ConfigurationLogger|	Utilisateur : tasserie.d
2022-06-17 09:17:49.5392| INFO|      ConfigurationLogger|	Scierie : SALLES
2022-06-17 09:17:49.5392| INFO|      ConfigurationLogger|	Utilisateur : berne.l
2022-06-17 09:17:49.5392| INFO|      ConfigurationLogger|	Utilisateur : berrez.r
2022-06-17 09:17:49.5392| INFO|      ConfigurationLogger|	Utilisateur : browaeys.j
2022-06-17 09:17:49.5392| INFO|      ConfigurationLogger|	Utilisateur : chartier.j
2022-06-17 09:17:49.5392| INFO|      ConfigurationLogger|	Utilisateur : cherrier.a
2022-06-17 09:17:49.5392| INFO|      ConfigurationLogger|	Utilisateur : client1
2022-06-17 09:17:49.5392| INFO|      ConfigurationLogger|	Utilisateur : daubourg.j
2022-06-17 09:17:49.5392| INFO|      ConfigurationLogger|	Utilisateur : demaret.l
2022-06-17 09:17:49.5392| INFO|      ConfigurationLogger|	Utilisateur : tasserie.d
2022-06-17 09:17:49.5392| INFO|      ConfigurationLogger|	Scierie : SANGUINET_2013-157
2022-06-17 09:17:49.5392| INFO|      ConfigurationLogger|	Utilisateur : berrez.r
2022-06-17 09:17:49.5392| INFO|      ConfigurationLogger|	Utilisateur : browaeys.j
2022-06-17 09:17:49.5392| INFO|      ConfigurationLogger|	Utilisateur : chartier.j
2022-06-17 09:17:49.5392| INFO|      ConfigurationLogger|	Utilisateur : client1
2022-06-17 09:17:49.5392| INFO|      ConfigurationLogger|	Utilisateur : daubourg.j
2022-06-17 09:17:49.5392| INFO|      ConfigurationLogger|	Utilisateur : demaret.l
2022-06-17 09:17:49.5392| INFO|      ConfigurationLogger|	Utilisateur : tasserie.d
2022-06-17 09:17:49.5392| INFO|      ConfigurationLogger|	Scierie : SAVINEL_2019-357
2022-06-17 09:17:49.5392| INFO|      ConfigurationLogger|	Utilisateur : berne.l
2022-06-17 09:17:49.5392| INFO|      ConfigurationLogger|	Utilisateur : berrez.r
2022-06-17 09:17:49.5392| INFO|      ConfigurationLogger|	Utilisateur : chartier.j
2022-06-17 09:17:49.5392| INFO|      ConfigurationLogger|	Utilisateur : cherrier.a
2022-06-17 09:17:49.5392| INFO|      ConfigurationLogger|	Utilisateur : client1
2022-06-17 09:17:49.5392| INFO|      ConfigurationLogger|	Utilisateur : daubourg.j
2022-06-17 09:17:49.5392| INFO|      ConfigurationLogger|	Utilisateur : demaret.l
2022-06-17 09:17:49.5392| INFO|      ConfigurationLogger|	Utilisateur : tasserie.d
2022-06-17 09:17:49.5392| INFO|      ConfigurationLogger|	Scierie : SAVOLDELLI_2020-411
2022-06-17 09:17:49.5392| INFO|      ConfigurationLogger|	Utilisateur : berne.l
2022-06-17 09:17:49.5392| INFO|      ConfigurationLogger|	Utilisateur : berrez.r
2022-06-17 09:17:49.5392| INFO|      ConfigurationLogger|	Utilisateur : browaeys.j
2022-06-17 09:17:49.5392| INFO|      ConfigurationLogger|	Utilisateur : chartier.j
2022-06-17 09:17:49.5392| INFO|      ConfigurationLogger|	Utilisateur : cherrier.a
2022-06-17 09:17:49.5392| INFO|      ConfigurationLogger|	Utilisateur : client1
2022-06-17 09:17:49.5392| INFO|      ConfigurationLogger|	Utilisateur : daubourg.j
2022-06-17 09:17:49.5392| INFO|      ConfigurationLogger|	Utilisateur : demaret.l
2022-06-17 09:17:49.5392| INFO|      ConfigurationLogger|	Utilisateur : gautey
2022-06-17 09:17:49.5392| INFO|      ConfigurationLogger|	Scierie : SCHNURR
2022-06-17 09:17:49.5392| INFO|      ConfigurationLogger|	Utilisateur : berrez.r
2022-06-17 09:17:49.5392| INFO|      ConfigurationLogger|	Utilisateur : chartier.j
2022-06-17 09:17:49.5392| INFO|      ConfigurationLogger|	Utilisateur : cherrier.a
2022-06-17 09:17:49.5392| INFO|      ConfigurationLogger|	Utilisateur : client1
2022-06-17 09:17:49.5392| INFO|      ConfigurationLogger|	Utilisateur : daubourg.j
2022-06-17 09:17:49.5392| INFO|      ConfigurationLogger|	Scierie : SIROP_2017-300
2022-06-17 09:17:49.5392| INFO|      ConfigurationLogger|	Utilisateur : berrez.r
2022-06-17 09:17:49.5392| INFO|      ConfigurationLogger|	Utilisateur : chartier.j
2022-06-17 09:17:49.5392| INFO|      ConfigurationLogger|	Utilisateur : cherrier.a
2022-06-17 09:17:49.5392| INFO|      ConfigurationLogger|	Utilisateur : client1
2022-06-17 09:17:49.5392| INFO|      ConfigurationLogger|	Utilisateur : daubourg.j
2022-06-17 09:17:49.5392| INFO|      ConfigurationLogger|	Utilisateur : tasserie.d
2022-06-17 09:17:49.5392| INFO|      ConfigurationLogger|	Scierie : SIROP_BOIS
2022-06-17 09:17:49.5392| INFO|      ConfigurationLogger|	Utilisateur : berrez.r
2022-06-17 09:17:49.5392| INFO|      ConfigurationLogger|	Utilisateur : chartier.j
2022-06-17 09:17:49.5392| INFO|      ConfigurationLogger|	Utilisateur : cherrier.a
2022-06-17 09:17:49.5392| INFO|      ConfigurationLogger|	Utilisateur : client1
2022-06-17 09:17:49.5392| INFO|      ConfigurationLogger|	Utilisateur : daubourg.j
2022-06-17 09:17:49.5392| INFO|      ConfigurationLogger|	Utilisateur : tasserie.d
2022-06-17 09:17:49.5392| INFO|      ConfigurationLogger|	Scierie : SOCQUET
2022-06-17 09:17:49.5392| INFO|      ConfigurationLogger|	Utilisateur : berrez.r
2022-06-17 09:17:49.5392| INFO|      ConfigurationLogger|	Utilisateur : chartier.j
2022-06-17 09:17:49.5392| INFO|      ConfigurationLogger|	Utilisateur : cherrier.a
2022-06-17 09:17:49.5392| INFO|      ConfigurationLogger|	Utilisateur : client1
2022-06-17 09:17:49.5392| INFO|      ConfigurationLogger|	Utilisateur : daubourg.j
2022-06-17 09:17:49.5392| INFO|      ConfigurationLogger|	Scierie : SOUPEAUX_2020-400
2022-06-17 09:17:49.5392| INFO|      ConfigurationLogger|	Utilisateur : berne.l
2022-06-17 09:17:49.5392| INFO|      ConfigurationLogger|	Utilisateur : berrez.r
2022-06-17 09:17:49.5392| INFO|      ConfigurationLogger|	Utilisateur : browaeys.j
2022-06-17 09:17:49.5392| INFO|      ConfigurationLogger|	Utilisateur : chartier.j
2022-06-17 09:17:49.5392| INFO|      ConfigurationLogger|	Utilisateur : cherrier.a
2022-06-17 09:17:49.5392| INFO|      ConfigurationLogger|	Utilisateur : client1
2022-06-17 09:17:49.5392| INFO|      ConfigurationLogger|	Utilisateur : daubourg.j
2022-06-17 09:17:49.5392| INFO|      ConfigurationLogger|	Utilisateur : demaret.l
2022-06-17 09:17:49.5392| INFO|      ConfigurationLogger|	Scierie : SOVALEF
2022-06-17 09:17:49.5392| INFO|      ConfigurationLogger|	Utilisateur : berne.l
2022-06-17 09:17:49.5392| INFO|      ConfigurationLogger|	Utilisateur : berrez.r
2022-06-17 09:17:49.5392| INFO|      ConfigurationLogger|	Utilisateur : chartier.j
2022-06-17 09:17:49.5392| INFO|      ConfigurationLogger|	Utilisateur : client1
2022-06-17 09:17:49.5392| INFO|      ConfigurationLogger|	Utilisateur : daubourg.j
2022-06-17 09:17:49.5392| INFO|      ConfigurationLogger|	Utilisateur : demaret.l
2022-06-17 09:17:49.5392| INFO|      ConfigurationLogger|	Utilisateur : tasserie.d
2022-06-17 09:17:49.5392| INFO|      ConfigurationLogger|	Scierie : SRC_JURA_2022-458
2022-06-17 09:17:49.5392| INFO|      ConfigurationLogger|	Utilisateur : berne.l
2022-06-17 09:17:49.5392| INFO|      ConfigurationLogger|	Utilisateur : berrez.r
2022-06-17 09:17:49.5392| INFO|      ConfigurationLogger|	Utilisateur : browaeys.j
2022-06-17 09:17:49.5392| INFO|      ConfigurationLogger|	Utilisateur : chartier.j
2022-06-17 09:17:49.5392| INFO|      ConfigurationLogger|	Utilisateur : client1
2022-06-17 09:17:49.5392| INFO|      ConfigurationLogger|	Utilisateur : daubourg.j
2022-06-17 09:17:49.5392| INFO|      ConfigurationLogger|	Utilisateur : demaret.l
2022-06-17 09:17:49.5392| INFO|      ConfigurationLogger|	Utilisateur : ecran.info
2022-06-17 09:17:49.5392| INFO|      ConfigurationLogger|	Utilisateur : gautey
2022-06-17 09:17:49.5392| INFO|      ConfigurationLogger|	Utilisateur : tasserie.d
2022-06-17 09:17:49.5392| INFO|      ConfigurationLogger|	Scierie : SYB
2022-06-17 09:17:49.5392| INFO|      ConfigurationLogger|	Utilisateur : berne.l
2022-06-17 09:17:49.5392| INFO|      ConfigurationLogger|	Utilisateur : berrez.r
2022-06-17 09:17:49.5392| INFO|      ConfigurationLogger|	Utilisateur : chartier.j
2022-06-17 09:17:49.5392| INFO|      ConfigurationLogger|	Utilisateur : cherrier.a
2022-06-17 09:17:49.5392| INFO|      ConfigurationLogger|	Utilisateur : client1
2022-06-17 09:17:49.5392| INFO|      ConfigurationLogger|	Utilisateur : daubourg.j
2022-06-17 09:17:49.5392| INFO|      ConfigurationLogger|	Utilisateur : demaret.l
2022-06-17 09:17:49.5392| INFO|      ConfigurationLogger|	Scierie : SYLVABOIS
2022-06-17 09:17:49.5392| INFO|      ConfigurationLogger|	Utilisateur : berrez.r
2022-06-17 09:17:49.5392| INFO|      ConfigurationLogger|	Utilisateur : chartier.j
2022-06-17 09:17:49.5392| INFO|      ConfigurationLogger|	Utilisateur : cherrier.a
2022-06-17 09:17:49.5392| INFO|      ConfigurationLogger|	Utilisateur : client1
2022-06-17 09:17:49.5392| INFO|      ConfigurationLogger|	Utilisateur : daubourg.j
2022-06-17 09:17:49.5392| INFO|      ConfigurationLogger|	Scierie : VDJ_2020-396
2022-06-17 09:17:49.5392| INFO|      ConfigurationLogger|	Utilisateur : berne.l
2022-06-17 09:17:49.5392| INFO|      ConfigurationLogger|	Utilisateur : berrez.r
2022-06-17 09:17:49.5392| INFO|      ConfigurationLogger|	Utilisateur : chartier.j
2022-06-17 09:17:49.5392| INFO|      ConfigurationLogger|	Utilisateur : client1
2022-06-17 09:17:49.5392| INFO|      ConfigurationLogger|	Utilisateur : daubourg.j
2022-06-17 09:17:49.5392| INFO|      ConfigurationLogger|	Utilisateur : demaret.l
2022-06-17 09:17:49.5392| INFO|      ConfigurationLogger|	Utilisateur : tasserie.d
2022-06-17 09:17:49.5392| INFO|      ConfigurationLogger|	Scierie : VERNIS_2019-354_DEL
2022-06-17 09:17:49.5392| INFO|      ConfigurationLogger|	Utilisateur : berne.l
2022-06-17 09:17:49.5392| INFO|      ConfigurationLogger|	Utilisateur : berrez.r
2022-06-17 09:17:49.5392| INFO|      ConfigurationLogger|	Utilisateur : chartier.j
2022-06-17 09:17:49.5392| INFO|      ConfigurationLogger|	Utilisateur : client1
2022-06-17 09:17:49.5392| INFO|      ConfigurationLogger|	Utilisateur : daubourg.j
2022-06-17 09:17:49.5392| INFO|      ConfigurationLogger|	Utilisateur : demaret.l
2022-06-17 09:17:49.5392| INFO|      ConfigurationLogger|	Utilisateur : tasserie.d
2022-06-17 09:17:49.5392| INFO|      ConfigurationLogger|	Scierie : VERNIS_2019-354_SAG
2022-06-17 09:17:49.5392| INFO|      ConfigurationLogger|	Utilisateur : berrez.r
2022-06-17 09:17:49.5392| INFO|      ConfigurationLogger|	Utilisateur : chartier.j
2022-06-17 09:17:49.5392| INFO|      ConfigurationLogger|	Utilisateur : client1
2022-06-17 09:17:49.5392| INFO|      ConfigurationLogger|	Utilisateur : daubourg.j
2022-06-17 09:17:49.5392| INFO|      ConfigurationLogger|	Utilisateur : tasserie.d
2022-06-17 09:17:49.5392| INFO|      ConfigurationLogger|	Scierie : VIGEON
2022-06-17 09:17:49.5392| INFO|      ConfigurationLogger|	Utilisateur : berrez.r
2022-06-17 09:17:49.5392| INFO|      ConfigurationLogger|	Utilisateur : chartier.j
2022-06-17 09:17:49.5392| INFO|      ConfigurationLogger|	Utilisateur : cherrier.a
2022-06-17 09:17:49.5392| INFO|      ConfigurationLogger|	Utilisateur : client1
2022-06-17 09:17:49.5392| INFO|      ConfigurationLogger|	Utilisateur : daubourg.j
2022-06-17 09:17:49.5392| INFO|      ConfigurationLogger|	Utilisateur : tasserie.d
2022-06-17 09:17:49.5392| INFO|      ConfigurationLogger|	Scierie : VirtualLayer3SwitchList
